Jun  9 05:46:17 app-b systemd-timesyncd[726]: Network configuration changed, trying to establish connection.
Jun  9 05:46:17 app-b systemd-timesyncd[726]: Network configuration changed, trying to establish connection.
Jun  9 05:46:17 app-b systemd-timesyncd[726]: Network configuration changed, trying to establish connection.
Jun  9 05:46:17 app-b systemd-timesyncd[726]: Network configuration changed, trying to establish connection.
Jun  9 05:46:17 app-b cron[1054]: (CRON) INFO (pidfile fd = 3)
Jun  9 05:46:17 app-b cron[1054]: (CRON) INFO (Running @reboot jobs)
Jun  9 06:09:01 app-b CRON[1509]: (root) CMD (  [ -x /usr/lib/php/sessionclean ] && if [ ! -d /run/systemd/system ]; then /usr/lib/php/sessionclean; fi)
Jun  9 06:10:01 app-b CRON[1596]: (bitstudent) CMD (sudo bash ~/OE2-Group-Project/Scripts/app/backup.sh)
Jun  9 06:10:01 app-b CRON[1597]: (bitstudent) CMD (cd /etc/backup && ./restore.sh)
Jun  9 06:10:03 app-b CRON[1594]: (CRON) info (No MTA installed, discarding output)
Jun  9 06:10:06 app-b CRON[1595]: (CRON) info (No MTA installed, discarding output)
Jun  9 06:17:01 app-b CRON[1862]: (root) CMD (   cd / && run-parts --report /etc/cron.hourly)
Jun  9 06:25:01 app-b CRON[2250]: (root) CMD (test -x /usr/sbin/anacron || ( cd / && run-parts --report /etc/cron.daily ))
Jun  9 06:39:01 app-b CRON[2906]: (root) CMD (  [ -x /usr/lib/php/sessionclean ] && if [ ! -d /run/systemd/system ]; then /usr/lib/php/sessionclean; fi)
Jun  9 07:09:01 app-b CRON[20678]: (root) CMD (  [ -x /usr/lib/php/sessionclean ] && if [ ! -d /run/systemd/system ]; then /usr/lib/php/sessionclean; fi)
Jun  9 07:14:01 app-b CRON[20913]: (root) CMD (   test -x /etc/cron.daily/popularity-contest && /etc/cron.daily/popularity-contest --crond)
Jun  9 07:17:01 app-b CRON[20969]: (root) CMD (   cd / && run-parts --report /etc/cron.hourly)
Jun  9 07:39:01 app-b CRON[21342]: (root) CMD (  [ -x /usr/lib/php/sessionclean ] && if [ ! -d /run/systemd/system ]; then /usr/lib/php/sessionclean; fi)
Jun  9 08:09:01 app-b CRON[21946]: (root) CMD (  [ -x /usr/lib/php/sessionclean ] && if [ ! -d /run/systemd/system ]; then /usr/lib/php/sessionclean; fi)
Jun  9 08:10:01 app-b CRON[22049]: (bitstudent) CMD (sudo bash ~/OE2-Group-Project/Scripts/app/backup.sh)
Jun  9 08:10:06 app-b CRON[22048]: (CRON) info (No MTA installed, discarding output)
Jun  9 08:17:01 app-b CRON[22285]: (root) CMD (   cd / && run-parts --report /etc/cron.hourly)
Jun  9 08:39:01 app-b CRON[22644]: (root) CMD (  [ -x /usr/lib/php/sessionclean ] && if [ ! -d /run/systemd/system ]; then /usr/lib/php/sessionclean; fi)
Jun  9 09:09:01 app-b CRON[23252]: (root) CMD (  [ -x /usr/lib/php/sessionclean ] && if [ ! -d /run/systemd/system ]; then /usr/lib/php/sessionclean; fi)
Jun  9 09:17:01 app-b CRON[23483]: (root) CMD (   cd / && run-parts --report /etc/cron.hourly)
Jun  9 09:39:01 app-b CRON[23841]: (root) CMD (  [ -x /usr/lib/php/sessionclean ] && if [ ! -d /run/systemd/system ]; then /usr/lib/php/sessionclean; fi)
Jun  9 10:09:01 app-b CRON[24448]: (root) CMD (  [ -x /usr/lib/php/sessionclean ] && if [ ! -d /run/systemd/system ]; then /usr/lib/php/sessionclean; fi)
Jun  9 10:10:01 app-b CRON[24555]: (bitstudent) CMD (cd /etc/backup && ./restore.sh)
Jun  9 10:10:03 app-b CRON[24554]: (CRON) info (No MTA installed, discarding output)
Jun  9 10:17:01 app-b CRON[24677]: (root) CMD (   cd / && run-parts --report /etc/cron.hourly)
Jun  9 10:39:01 app-b CRON[25044]: (root) CMD (  [ -x /usr/lib/php/sessionclean ] && if [ ! -d /run/systemd/system ]; then /usr/lib/php/sessionclean; fi)
Jun  9 11:09:01 app-b CRON[25634]: (root) CMD (  [ -x /usr/lib/php/sessionclean ] && if [ ! -d /run/systemd/system ]; then /usr/lib/php/sessionclean; fi)
Jun  9 11:10:01 app-b CRON[25742]: (bitstudent) CMD (sudo bash ~/OE2-Group-Project/Scripts/app/backup.sh)
