2022/05/31 12:10:03 [25028] building file list
2022/05/31 12:10:03 [25028] backup_dir is /home/groupb/backup/app/daily
2022/05/31 12:10:03 [25028] delta-transmission enabled
2022/05/31 12:10:03 [25028] <f+++++++++ backup-20220531.zip
2022/05/31 12:10:03 [25028] total: matches=0  hash_hits=0  false_alarms=0 data=15117922
2022/05/31 12:10:03 [25028] sent 15.12M bytes  received 114 bytes  10.08M bytes/sec
2022/05/31 12:10:03 [25028] total size is 15.12M  speedup is 1.00
2022/06/01 12:10:03 [28430] building file list
2022/06/01 12:10:03 [28430] backup_dir is /home/groupb/backup/app/daily
2022/06/01 12:10:03 [28430] delta-transmission enabled
2022/06/01 12:10:03 [28430] <f+++++++++ backup-20220601.zip
2022/06/01 12:10:03 [28430] total: matches=0  hash_hits=0  false_alarms=0 data=21832163
2022/06/01 12:10:03 [28430] sent 21.84M bytes  received 114 bytes  14.56M bytes/sec
2022/06/01 12:10:03 [28430] total size is 21.83M  speedup is 1.00
2022/06/02 12:10:03 [30235] building file list
2022/06/02 12:10:03 [30235] backup_dir is /home/groupb/backup/app/daily
2022/06/02 12:10:03 [30235] delta-transmission enabled
2022/06/02 12:10:03 [30235] <f+++++++++ backup-20220602.zip
2022/06/02 12:10:03 [30235] total: matches=0  hash_hits=0  false_alarms=0 data=21832163
2022/06/02 12:10:03 [30235] sent 21.84M bytes  received 114 bytes  14.56M bytes/sec
2022/06/02 12:10:03 [30235] total size is 21.83M  speedup is 1.00
2022/06/03 12:10:03 [15753] building file list
2022/06/03 12:10:03 [15753] backup_dir is /home/groupb/backup/app/daily
2022/06/03 12:10:03 [15753] delta-transmission enabled
2022/06/03 12:10:03 [15753] <f+++++++++ backup-20220603.zip
2022/06/03 12:10:03 [15753] total: matches=0  hash_hits=0  false_alarms=0 data=21839388
2022/06/03 12:10:03 [15753] sent 21.84M bytes  received 114 bytes  14.56M bytes/sec
2022/06/03 12:10:03 [15753] total size is 21.84M  speedup is 1.00
2022/06/04 12:10:03 [16722] building file list
2022/06/04 12:10:03 [16722] backup_dir is /home/groupb/backup/app/daily
2022/06/04 12:10:03 [16722] delta-transmission enabled
2022/06/04 12:10:03 [16722] <f+++++++++ backup-20220604.zip
2022/06/04 12:10:03 [16722] total: matches=0  hash_hits=0  false_alarms=0 data=21839388
2022/06/04 12:10:03 [16722] sent 21.84M bytes  received 114 bytes  43.69M bytes/sec
2022/06/04 12:10:03 [16722] total size is 21.84M  speedup is 1.00
2022/06/05 12:10:03 [18468] building file list
2022/06/05 12:10:03 [18468] backup_dir is /home/groupb/backup/app/daily
2022/06/05 12:10:03 [18468] delta-transmission enabled
2022/06/05 12:10:03 [18468] <f+++++++++ backup-20220605.zip
2022/06/05 12:10:03 [18468] total: matches=0  hash_hits=0  false_alarms=0 data=26751793
2022/06/05 12:10:03 [18468] sent 26.76M bytes  received 114 bytes  17.84M bytes/sec
2022/06/05 12:10:03 [18468] total size is 26.75M  speedup is 1.00
2022/06/06 06:06:38 [11866] building file list
2022/06/06 06:06:38 [11866] backup_dir is /home/groupb/backup/app/daily
2022/06/06 06:06:38 [11866] delta-transmission enabled
2022/06/06 06:06:40 [11866] <f+++++++++ backup-20220606.zip
2022/06/06 06:06:40 [11866] total: matches=0  hash_hits=0  false_alarms=0 data=149431020
2022/06/06 06:06:40 [11866] sent 149.47M bytes  received 114 bytes  42.71M bytes/sec
2022/06/06 06:06:40 [11866] total size is 149.43M  speedup is 1.00
2022/06/06 12:10:09 [21496] building file list
2022/06/06 12:10:09 [21496] backup_dir is /home/groupb/backup/app/daily
2022/06/06 12:10:09 [21496] delta-transmission enabled
2022/06/06 12:10:13 [21496] <f..t...... backup-20220606.zip
2022/06/06 12:10:14 [21496] file has vanished: "/home/groupb/backup/app/daily/backup-20220606.zip"
2022/06/06 12:10:14 [21496] total: matches=12192  hash_hits=81064  false_alarms=0 data=403392
2022/06/06 12:10:14 [21496] sent 452.43K bytes  received 85.77K bytes  82.80K bytes/sec
2022/06/06 12:10:14 [21496] total size is 149.43M  speedup is 277.65
2022/06/07 12:10:03 [14789] building file list
2022/06/07 12:10:03 [14789] backup_dir is /home/groupb/backup/app/daily
2022/06/07 12:10:03 [14789] delta-transmission enabled
2022/06/07 12:10:03 [14789] <f+++++++++ backup-20220607.zip
2022/06/07 12:10:03 [14789] total: matches=0  hash_hits=0  false_alarms=0 data=25819758
2022/06/07 12:10:03 [14789] sent 25.83M bytes  received 114 bytes  51.65M bytes/sec
2022/06/07 12:10:03 [14789] total size is 25.82M  speedup is 1.00
2022/06/07 13:32:57 [17482] building file list
2022/06/07 13:32:57 [17482] backup_dir is /home/groupb/backup/app/daily
2022/06/07 13:32:57 [17482] delta-transmission enabled
2022/06/07 13:32:58 [17482] <f.st...... backup-20220607.zip
2022/06/07 13:32:58 [17482] file has vanished: "/home/groupb/backup/app/daily/backup-20220607.zip"
2022/06/07 13:32:58 [17482] total: matches=7364  hash_hits=2208118  false_alarms=128 data=29487716
2022/06/07 13:32:58 [17482] sent 29.52M bytes  received 30.69K bytes  19.70M bytes/sec
2022/06/07 13:32:58 [17482] total size is 66.90M  speedup is 2.26
