May 20 04:08:01 backup-b CRON[26904]: (bitstudent) CMD (/etc/backup/restore.sh)
May 20 04:08:08 backup-b CRON[26903]: (CRON) info (No MTA installed, discarding output)
May 20 04:15:01 backup-b CRON[27052]: (bitstudent) CMD (sudo bash ~/OE2-Group-Project/Scripts/backup/backup.sh)
May 20 04:15:14 backup-b CRON[27051]: (CRON) info (No MTA installed, discarding output)
May 20 04:17:01 backup-b CRON[27196]: (root) CMD (   cd / && run-parts --report /etc/cron.hourly)
May 20 05:17:01 backup-b CRON[28046]: (root) CMD (   cd / && run-parts --report /etc/cron.hourly)
May 20 06:08:01 backup-b CRON[28709]: (bitstudent) CMD (/etc/backup/restore.sh)
May 20 06:08:08 backup-b CRON[28708]: (CRON) info (No MTA installed, discarding output)
May 20 06:15:01 backup-b CRON[28951]: (bitstudent) CMD (sudo bash ~/OE2-Group-Project/Scripts/backup/backup.sh)
May 20 06:15:13 backup-b CRON[28950]: (CRON) info (No MTA installed, discarding output)
May 20 06:17:01 backup-b CRON[29075]: (root) CMD (   cd / && run-parts --report /etc/cron.hourly)
May 20 06:25:01 backup-b CRON[29170]: (root) CMD (test -x /usr/sbin/anacron || ( cd / && run-parts --report /etc/cron.daily ))
May 20 07:14:01 backup-b CRON[30040]: (root) CMD (   test -x /etc/cron.daily/popularity-contest && /etc/cron.daily/popularity-contest --crond)
May 20 07:17:01 backup-b CRON[30077]: (root) CMD (   cd / && run-parts --report /etc/cron.hourly)
May 20 07:24:37 backup-b crontab[30307]: (bitstudent) BEGIN EDIT (bitstudent)
May 20 07:25:07 backup-b crontab[30307]: (bitstudent) REPLACE (bitstudent)
May 20 07:25:07 backup-b crontab[30307]: (bitstudent) END EDIT (bitstudent)
May 20 07:26:01 backup-b cron[1098]: (bitstudent) RELOAD (crontabs/bitstudent)
May 20 08:07:25 backup-b crontab[30964]: (bitstudent) BEGIN EDIT (bitstudent)
May 20 08:08:01 backup-b CRON[30986]: (bitstudent) CMD (sudo bash /etc/backup/restore.sh)
May 20 08:08:01 backup-b CRON[30985]: (CRON) info (No MTA installed, discarding output)
May 20 08:10:54 backup-b crontab[30964]: (bitstudent) REPLACE (bitstudent)
May 20 08:10:54 backup-b crontab[30964]: (bitstudent) END EDIT (bitstudent)
May 20 08:11:01 backup-b cron[1098]: (bitstudent) RELOAD (crontabs/bitstudent)
