May 24 21:17:01 db-b CRON[30114]: (root) CMD (   cd / && run-parts --report /etc/cron.hourly)
May 24 22:05:01 db-b CRON[1315]: (bitstudent) CMD (sudo bash ~/OE2-Group-Project/Scripts/db/backup.sh)
May 24 22:05:02 db-b CRON[1314]: (CRON) info (No MTA installed, discarding output)
May 24 22:17:01 db-b CRON[2304]: (root) CMD (   cd / && run-parts --report /etc/cron.hourly)
May 24 22:40:02 db-b CRON[4048]: (bitstudent) CMD (sudo bash /etc/backup/restore.sh)
May 24 22:40:02 db-b CRON[4047]: (CRON) info (No MTA installed, discarding output)
May 24 23:17:01 db-b CRON[6913]: (root) CMD (   cd / && run-parts --report /etc/cron.hourly)
May 25 00:15:01 db-b CRON[11367]: (bitstudent) CMD (sudo bash /etc/backup/daily.sh)
May 25 00:15:03 db-b CRON[11366]: (CRON) info (No MTA installed, discarding output)
May 25 00:17:01 db-b CRON[11534]: (root) CMD (   cd / && run-parts --report /etc/cron.hourly)
May 25 01:17:01 db-b CRON[16138]: (root) CMD (   cd / && run-parts --report /etc/cron.hourly)
May 25 02:05:01 db-b CRON[19761]: (bitstudent) CMD (sudo bash ~/OE2-Group-Project/Scripts/db/backup.sh)
May 25 02:05:02 db-b CRON[19760]: (CRON) info (No MTA installed, discarding output)
May 25 02:17:01 db-b CRON[20747]: (root) CMD (   cd / && run-parts --report /etc/cron.hourly)
May 25 02:40:01 db-b CRON[22489]: (bitstudent) CMD (sudo bash /etc/backup/restore.sh)
May 25 02:40:01 db-b CRON[22488]: (CRON) info (No MTA installed, discarding output)
May 25 03:17:01 db-b CRON[25334]: (root) CMD (   cd / && run-parts --report /etc/cron.hourly)
May 25 04:05:01 db-b CRON[29008]: (bitstudent) CMD (sudo bash ~/OE2-Group-Project/Scripts/db/backup.sh)
May 25 04:05:01 db-b CRON[29007]: (CRON) info (No MTA installed, discarding output)
May 25 04:17:01 db-b CRON[30008]: (root) CMD (   cd / && run-parts --report /etc/cron.hourly)
May 25 05:17:01 db-b CRON[2101]: (root) CMD (   cd / && run-parts --report /etc/cron.hourly)
May 25 06:05:01 db-b CRON[5722]: (bitstudent) CMD (sudo bash ~/OE2-Group-Project/Scripts/db/backup.sh)
May 25 06:05:02 db-b CRON[5721]: (CRON) info (No MTA installed, discarding output)
May 25 06:17:01 db-b CRON[7643]: (root) CMD (   cd / && run-parts --report /etc/cron.hourly)
May 25 06:25:01 db-b CRON[8287]: (root) CMD (test -x /usr/sbin/anacron || ( cd / && run-parts --report /etc/cron.daily ))
May 25 06:40:01 db-b CRON[9512]: (bitstudent) CMD (sudo bash /etc/backup/restore.sh)
May 25 06:40:01 db-b CRON[9511]: (CRON) info (No MTA installed, discarding output)
May 25 07:14:01 db-b CRON[12139]: (root) CMD (   test -x /etc/cron.daily/popularity-contest && /etc/cron.daily/popularity-contest --crond)
May 25 07:17:01 db-b CRON[12367]: (root) CMD (   cd / && run-parts --report /etc/cron.hourly)
May 25 07:23:09 db-b CRON[8286]: (CRON) info (No MTA installed, discarding output)
May 25 08:05:01 db-b CRON[17888]: (bitstudent) CMD (sudo bash ~/OE2-Group-Project/Scripts/db/backup.sh)
May 25 08:05:02 db-b CRON[17887]: (CRON) info (No MTA installed, discarding output)
May 25 08:17:01 db-b CRON[18843]: (root) CMD (   cd / && run-parts --report /etc/cron.hourly)
May 25 09:17:01 db-b CRON[23415]: (root) CMD (   cd / && run-parts --report /etc/cron.hourly)
May 25 10:17:01 db-b CRON[28608]: (root) CMD (   cd / && run-parts --report /etc/cron.hourly)
May 25 10:40:01 db-b CRON[30506]: (bitstudent) CMD (sudo bash /etc/backup/restore.sh)
May 25 10:40:01 db-b CRON[30505]: (CRON) info (No MTA installed, discarding output)
May 25 11:05:01 db-b CRON[32765]: (bitstudent) CMD (sudo bash ~/OE2-Group-Project/Scripts/db/backup.sh)
May 25 11:05:02 db-b CRON[32764]: (CRON) info (No MTA installed, discarding output)
May 25 11:17:01 db-b CRON[1321]: (root) CMD (   cd / && run-parts --report /etc/cron.hourly)
May 25 12:17:01 db-b CRON[6135]: (root) CMD (   cd / && run-parts --report /etc/cron.hourly)
May 25 13:17:01 db-b CRON[11556]: (root) CMD (   cd / && run-parts --report /etc/cron.hourly)
May 25 14:17:01 db-b CRON[16379]: (root) CMD (   cd / && run-parts --report /etc/cron.hourly)
May 25 14:40:01 db-b CRON[18217]: (bitstudent) CMD (sudo bash /etc/backup/restore.sh)
May 25 14:40:01 db-b CRON[18216]: (CRON) info (No MTA installed, discarding output)
May 25 15:17:01 db-b CRON[21150]: (root) CMD (   cd / && run-parts --report /etc/cron.hourly)
May 25 16:17:01 db-b CRON[25880]: (root) CMD (   cd / && run-parts --report /etc/cron.hourly)
May 25 17:17:01 db-b CRON[30614]: (root) CMD (   cd / && run-parts --report /etc/cron.hourly)
May 25 18:17:01 db-b CRON[2939]: (root) CMD (   cd / && run-parts --report /etc/cron.hourly)
May 25 18:40:01 db-b CRON[4846]: (bitstudent) CMD (sudo bash /etc/backup/restore.sh)
May 25 18:40:02 db-b CRON[4845]: (CRON) info (No MTA installed, discarding output)
May 25 19:05:01 db-b CRON[6898]: (bitstudent) CMD (sudo bash ~/OE2-Group-Project/Scripts/db/backup.sh)
May 25 19:05:01 db-b CRON[6897]: (CRON) info (No MTA installed, discarding output)
May 25 19:17:01 db-b CRON[7887]: (root) CMD (   cd / && run-parts --report /etc/cron.hourly)
May 25 20:17:01 db-b CRON[12686]: (root) CMD (   cd / && run-parts --report /etc/cron.hourly)
May 25 21:17:01 db-b CRON[17491]: (root) CMD (   cd / && run-parts --report /etc/cron.hourly)
May 25 22:05:01 db-b CRON[21292]: (bitstudent) CMD (sudo bash ~/OE2-Group-Project/Scripts/db/backup.sh)
May 25 22:05:02 db-b CRON[21291]: (CRON) info (No MTA installed, discarding output)
May 25 22:17:01 db-b CRON[22304]: (root) CMD (   cd / && run-parts --report /etc/cron.hourly)
May 25 22:40:01 db-b CRON[24135]: (bitstudent) CMD (sudo bash /etc/backup/restore.sh)
May 25 22:40:01 db-b CRON[24134]: (CRON) info (No MTA installed, discarding output)
May 25 23:17:01 db-b CRON[27076]: (root) CMD (   cd / && run-parts --report /etc/cron.hourly)
May 26 00:15:01 db-b CRON[31726]: (bitstudent) CMD (sudo bash /etc/backup/daily.sh)
May 26 00:15:03 db-b CRON[31725]: (CRON) info (No MTA installed, discarding output)
May 26 00:17:01 db-b CRON[31904]: (root) CMD (   cd / && run-parts --report /etc/cron.hourly)
May 26 01:17:01 db-b CRON[4224]: (root) CMD (   cd / && run-parts --report /etc/cron.hourly)
May 26 02:05:01 db-b CRON[8062]: (bitstudent) CMD (sudo bash ~/OE2-Group-Project/Scripts/db/backup.sh)
May 26 02:05:01 db-b CRON[8061]: (CRON) info (No MTA installed, discarding output)
May 26 02:17:01 db-b CRON[9064]: (root) CMD (   cd / && run-parts --report /etc/cron.hourly)
May 26 02:40:01 db-b CRON[10955]: (bitstudent) CMD (sudo bash /etc/backup/restore.sh)
May 26 02:40:02 db-b CRON[10954]: (CRON) info (No MTA installed, discarding output)
May 26 03:17:01 db-b CRON[13888]: (root) CMD (   cd / && run-parts --report /etc/cron.hourly)
May 26 04:05:01 db-b CRON[17759]: (bitstudent) CMD (sudo bash ~/OE2-Group-Project/Scripts/db/backup.sh)
May 26 04:05:01 db-b CRON[17758]: (CRON) info (No MTA installed, discarding output)
May 26 04:17:01 db-b CRON[18752]: (root) CMD (   cd / && run-parts --report /etc/cron.hourly)
May 26 05:17:01 db-b CRON[23493]: (root) CMD (   cd / && run-parts --report /etc/cron.hourly)
May 26 06:05:02 db-b CRON[27360]: (bitstudent) CMD (sudo bash ~/OE2-Group-Project/Scripts/db/backup.sh)
May 26 06:05:02 db-b CRON[27359]: (CRON) info (No MTA installed, discarding output)
May 26 06:17:01 db-b CRON[28363]: (root) CMD (   cd / && run-parts --report /etc/cron.hourly)
May 26 06:25:01 db-b CRON[29004]: (root) CMD (test -x /usr/sbin/anacron || ( cd / && run-parts --report /etc/cron.daily ))
May 26 06:40:01 db-b CRON[30306]: (bitstudent) CMD (sudo bash /etc/backup/restore.sh)
May 26 06:40:02 db-b CRON[30305]: (CRON) info (No MTA installed, discarding output)
May 26 07:14:01 db-b CRON[674]: (root) CMD (   test -x /etc/cron.daily/popularity-contest && /etc/cron.daily/popularity-contest --crond)
May 26 07:17:01 db-b CRON[904]: (root) CMD (   cd / && run-parts --report /etc/cron.hourly)
May 26 07:19:51 db-b CRON[29003]: (CRON) info (No MTA installed, discarding output)
May 26 08:05:01 db-b CRON[6676]: (bitstudent) CMD (sudo bash ~/OE2-Group-Project/Scripts/db/backup.sh)
May 26 08:05:02 db-b CRON[6675]: (CRON) info (No MTA installed, discarding output)
May 26 08:17:01 db-b CRON[7673]: (root) CMD (   cd / && run-parts --report /etc/cron.hourly)
May 26 08:50:36 db-b systemd-timesyncd[732]: Network configuration changed, trying to establish connection.
May 26 08:50:36 db-b systemd-timesyncd[732]: Network configuration changed, trying to establish connection.
May 26 08:50:36 db-b systemd-timesyncd[732]: Network configuration changed, trying to establish connection.
May 26 08:50:36 db-b systemd-timesyncd[732]: Network configuration changed, trying to establish connection.
May 26 08:50:36 db-b cron[1092]: (CRON) INFO (pidfile fd = 3)
May 26 08:50:36 db-b cron[1092]: (CRON) INFO (Running @reboot jobs)
May 26 09:17:01 db-b CRON[3666]: (root) CMD (   cd / && run-parts --report /etc/cron.hourly)
May 26 10:17:01 db-b CRON[4685]: (root) CMD (   cd / && run-parts --report /etc/cron.hourly)
May 26 10:40:01 db-b CRON[5061]: (bitstudent) CMD (sudo bash /etc/backup/restore.sh)
May 26 10:40:01 db-b CRON[5060]: (CRON) info (No MTA installed, discarding output)
May 26 11:05:02 db-b CRON[5503]: (bitstudent) CMD (sudo bash ~/OE2-Group-Project/Scripts/db/backup.sh)
May 26 11:05:02 db-b CRON[5502]: (CRON) info (No MTA installed, discarding output)
May 26 11:17:01 db-b CRON[5744]: (root) CMD (   cd / && run-parts --report /etc/cron.hourly)
May 26 12:17:01 db-b CRON[6669]: (root) CMD (   cd / && run-parts --report /etc/cron.hourly)
May 26 13:17:01 db-b CRON[7615]: (root) CMD (   cd / && run-parts --report /etc/cron.hourly)
May 26 14:17:01 db-b CRON[8539]: (root) CMD (   cd / && run-parts --report /etc/cron.hourly)
May 26 14:40:01 db-b CRON[8904]: (bitstudent) CMD (sudo bash /etc/backup/restore.sh)
May 26 14:40:02 db-b CRON[8903]: (CRON) info (No MTA installed, discarding output)
May 26 15:17:01 db-b CRON[9566]: (root) CMD (   cd / && run-parts --report /etc/cron.hourly)
May 26 16:17:01 db-b CRON[10491]: (root) CMD (   cd / && run-parts --report /etc/cron.hourly)
May 26 17:17:01 db-b CRON[12092]: (root) CMD (   cd / && run-parts --report /etc/cron.hourly)
May 26 18:17:01 db-b CRON[13098]: (root) CMD (   cd / && run-parts --report /etc/cron.hourly)
May 26 18:40:01 db-b CRON[13471]: (bitstudent) CMD (sudo bash /etc/backup/restore.sh)
May 26 18:40:01 db-b CRON[13470]: (CRON) info (No MTA installed, discarding output)
May 26 19:05:01 db-b CRON[13903]: (bitstudent) CMD (sudo bash ~/OE2-Group-Project/Scripts/db/backup.sh)
May 26 19:05:01 db-b CRON[13902]: (CRON) info (No MTA installed, discarding output)
May 26 19:17:01 db-b CRON[14138]: (root) CMD (   cd / && run-parts --report /etc/cron.hourly)
May 26 20:17:01 db-b CRON[15064]: (root) CMD (   cd / && run-parts --report /etc/cron.hourly)
May 26 21:17:02 db-b CRON[15990]: (root) CMD (   cd / && run-parts --report /etc/cron.hourly)
