2022/06/01 00:15:03 [2396] building file list
2022/06/01 00:15:03 [2396] (new) backup_dir is /home/groupb/backup/db/backup/daily
2022/06/01 00:15:03 [2396] delta-transmission enabled
2022/06/01 00:15:03 [2396] <f+++++++++ backup-20220601.zip
2022/06/01 00:15:03 [2396] total: matches=0  hash_hits=0  false_alarms=0 data=9223706
2022/06/01 00:15:03 [2396] sent 9.23M bytes  received 126 bytes  18.45M bytes/sec
2022/06/01 00:15:03 [2396] total size is 9.22M  speedup is 1.00
2022/06/02 00:15:02 [29689] building file list
2022/06/02 00:15:02 [29689] (new) backup_dir is /home/groupb/backup/db/backup/daily
2022/06/02 00:15:02 [29689] delta-transmission enabled
2022/06/02 00:15:02 [29689] <f+++++++++ backup-20220602.zip
2022/06/02 00:15:02 [29689] total: matches=0  hash_hits=0  false_alarms=0 data=9224656
2022/06/02 00:15:02 [29689] sent 9.23M bytes  received 126 bytes  18.45M bytes/sec
2022/06/02 00:15:02 [29689] total size is 9.22M  speedup is 1.00
2022/06/03 00:15:03 [24390] building file list
2022/06/03 00:15:03 [24390] (new) backup_dir is /home/groupb/backup/db/backup/daily
2022/06/03 00:15:03 [24390] delta-transmission enabled
2022/06/03 00:15:03 [24390] <f+++++++++ backup-20220603.zip
2022/06/03 00:15:03 [24390] total: matches=0  hash_hits=0  false_alarms=0 data=9224305
2022/06/03 00:15:03 [24390] sent 9.23M bytes  received 126 bytes  18.45M bytes/sec
2022/06/03 00:15:03 [24390] total size is 9.22M  speedup is 1.00
2022/06/04 00:15:03 [25622] building file list
2022/06/04 00:15:03 [25622] (new) backup_dir is /home/groupb/backup/db/backup/daily
2022/06/04 00:15:03 [25622] delta-transmission enabled
2022/06/04 00:15:03 [25622] <f+++++++++ backup-20220604.zip
2022/06/04 00:15:03 [25622] total: matches=0  hash_hits=0  false_alarms=0 data=9224282
2022/06/04 00:15:03 [25622] sent 9.23M bytes  received 126 bytes  18.45M bytes/sec
2022/06/04 00:15:03 [25622] total size is 9.22M  speedup is 1.00
2022/06/05 00:15:03 [19770] building file list
2022/06/05 00:15:03 [19770] (new) backup_dir is /home/groupb/backup/db/backup/daily
2022/06/05 00:15:03 [19770] delta-transmission enabled
2022/06/05 00:15:03 [19770] <f+++++++++ backup-20220605.zip
2022/06/05 00:15:03 [19770] total: matches=0  hash_hits=0  false_alarms=0 data=9224283
2022/06/05 00:15:03 [19770] sent 9.23M bytes  received 126 bytes  18.45M bytes/sec
2022/06/05 00:15:03 [19770] total size is 9.22M  speedup is 1.00
