2022/05/31 06:40:02 [15587] building file list
2022/05/31 06:40:02 [15587] (new) backup_dir is /home/groupb/backup/db/backup-31-05-2022-06-40-01
2022/05/31 06:40:02 [15587] delta-transmission enabled
2022/05/31 06:40:02 [15587] node-exporter/LICENSE is uptodate
2022/05/31 06:40:02 [15587] node-exporter/NOTICE is uptodate
2022/05/31 06:40:02 [15587] node-exporter/node_exporter is uptodate
2022/05/31 06:40:02 [15587] total: matches=0  hash_hits=0  false_alarms=0 data=0
2022/05/31 06:40:02 [15587] sent 170 bytes  received 253 bytes  282.00 bytes/sec
2022/05/31 06:40:02 [15587] total size is 18.24M  speedup is 43,122.33
2022/05/31 06:40:02 [15589] building file list
2022/05/31 06:40:02 [15589] (new) backup_dir is /home/groupb/backup/db/backup-31-05-2022-06-40-01
2022/05/31 06:40:02 [15589] delta-transmission enabled
2022/05/31 06:40:02 [15589] nagios/nagios_service.cfg is uptodate
2022/05/31 06:40:02 [15589] nagios/nrpe.cfg is uptodate
2022/05/31 06:40:02 [15589] nagios/nrpe_local.cfg is uptodate
2022/05/31 06:40:02 [15589] total: matches=0  hash_hits=0  false_alarms=0 data=0
2022/05/31 06:40:02 [15589] sent 212 bytes  received 250 bytes  924.00 bytes/sec
2022/05/31 06:40:02 [15589] total size is 13.55K  speedup is 29.34
2022/05/31 06:40:03 [15591] building file list
2022/05/31 06:40:03 [15591] (new) backup_dir is /home/groupb/backup/db/backup-31-05-2022-06-40-01
2022/05/31 06:40:03 [15591] delta-transmission enabled
2022/05/31 06:40:03 [15591] nagios-plugins/config/apt.cfg is uptodate
2022/05/31 06:40:03 [15591] nagios-plugins/config/check_nrpe.cfg is uptodate
2022/05/31 06:40:03 [15591] nagios-plugins/config/check_service.sh is uptodate
2022/05/31 06:40:03 [15591] nagios-plugins/config/dhcp.cfg is uptodate
2022/05/31 06:40:03 [15591] nagios-plugins/config/disk.cfg is uptodate
2022/05/31 06:40:03 [15591] nagios-plugins/config/dummy.cfg is uptodate
2022/05/31 06:40:03 [15591] nagios-plugins/config/ftp.cfg is uptodate
2022/05/31 06:40:03 [15591] nagios-plugins/config/http.cfg is uptodate
2022/05/31 06:40:03 [15591] nagios-plugins/config/load.cfg is uptodate
2022/05/31 06:40:03 [15591] nagios-plugins/config/mail.cfg is uptodate
2022/05/31 06:40:03 [15591] nagios-plugins/config/news.cfg is uptodate
2022/05/31 06:40:03 [15591] nagios-plugins/config/ntp.cfg is uptodate
2022/05/31 06:40:03 [15591] nagios-plugins/config/ping.cfg is uptodate
2022/05/31 06:40:03 [15591] nagios-plugins/config/procs.cfg is uptodate
2022/05/31 06:40:03 [15591] nagios-plugins/config/real.cfg is uptodate
2022/05/31 06:40:03 [15591] nagios-plugins/config/ssh.cfg is uptodate
2022/05/31 06:40:03 [15591] nagios-plugins/config/tcp_udp.cfg is uptodate
2022/05/31 06:40:03 [15591] nagios-plugins/config/telnet.cfg is uptodate
2022/05/31 06:40:03 [15591] nagios-plugins/config/users.cfg is uptodate
2022/05/31 06:40:03 [15591] total: matches=0  hash_hits=0  false_alarms=0 data=0
2022/05/31 06:40:03 [15591] sent 541 bytes  received 1.10K bytes  1.09K bytes/sec
2022/05/31 06:40:03 [15591] total size is 25.90K  speedup is 15.81
2022/05/31 06:40:03 [15593] building file list
2022/05/31 06:40:03 [15593] (new) backup_dir is /home/groupb/backup/db/backup-31-05-2022-06-40-01
2022/05/31 06:40:03 [15593] delta-transmission enabled
2022/05/31 06:40:03 [15593] mysql/debian-start is uptodate
2022/05/31 06:40:03 [15593] mysql/debian.cnf is uptodate
2022/05/31 06:40:03 [15593] mysql/mariadb.cnf is uptodate
2022/05/31 06:40:03 [15593] mysql/my.cnf is uptodate
2022/05/31 06:40:03 [15593] mysql/my.cnf.fallback is uptodate
2022/05/31 06:40:03 [15593] mysql/conf.d/mysql.cnf is uptodate
2022/05/31 06:40:03 [15593] mysql/conf.d/mysqldump.cnf is uptodate
2022/05/31 06:40:03 [15593] mysql/mariadb.conf.d/50-client.cnf is uptodate
2022/05/31 06:40:03 [15593] mysql/mariadb.conf.d/50-mysql-clients.cnf is uptodate
2022/05/31 06:40:03 [15593] mysql/mariadb.conf.d/50-mysqld_safe.cnf is uptodate
2022/05/31 06:40:03 [15593] mysql/mariadb.conf.d/50-server.cnf is uptodate
2022/05/31 06:40:03 [15593] total: matches=0  hash_hits=0  false_alarms=0 data=0
2022/05/31 06:40:03 [15593] sent 517 bytes  received 633 bytes  2.30K bytes/sec
2022/05/31 06:40:03 [15593] total size is 9.18K  speedup is 7.98
2022/05/31 06:40:04 [15595] building file list
2022/05/31 06:40:04 [15595] (new) backup_dir is /home/groupb/backup/db/backup-31-05-2022-06-40-01
2022/05/31 06:40:04 [15595] delta-transmission enabled
2022/05/31 06:40:04 [15595] puppet/auth.conf is uptodate
2022/05/31 06:40:04 [15595] puppet/hiera.yaml is uptodate
2022/05/31 06:40:04 [15595] puppet/puppet.conf is uptodate
2022/05/31 06:40:04 [15595] puppet/code/.gitinclude is uptodate
2022/05/31 06:40:04 [15595] total: matches=0  hash_hits=0  false_alarms=0 data=0
2022/05/31 06:40:04 [15595] sent 227 bytes  received 283 bytes  340.00 bytes/sec
2022/05/31 06:40:04 [15595] total size is 5.71K  speedup is 11.19
2022/05/31 06:40:04 [15597] building file list
2022/05/31 06:40:04 [15597] (new) backup_dir is /home/groupb/backup/db/backup-31-05-2022-06-40-01
2022/05/31 06:40:04 [15597] delta-transmission enabled
2022/05/31 06:40:04 [15597] <f..t...... mysql-backup/sqlbackup.sql
2022/05/31 06:40:04 [15597] backed up mysql-backup/sqlbackup.sql to /home/groupb/backup/db/backup-31-05-2022-06-40-01/mysql-backup/sqlbackup.sql
2022/05/31 06:40:04 [15597] total: matches=861  hash_hits=861  false_alarms=0 data=755
2022/05/31 06:40:04 [15597] sent 4.37K bytes  received 5.44K bytes  19.62K bytes/sec
2022/05/31 06:40:04 [15597] total size is 730.88K  speedup is 74.50
2022/05/31 10:40:02 [21070] building file list
2022/05/31 10:40:02 [21070] (new) backup_dir is /home/groupb/backup/db/backup-31-05-2022-10-40-02
2022/05/31 10:40:02 [21070] delta-transmission enabled
2022/05/31 10:40:02 [21070] node-exporter/LICENSE is uptodate
2022/05/31 10:40:02 [21070] node-exporter/NOTICE is uptodate
2022/05/31 10:40:02 [21070] node-exporter/node_exporter is uptodate
2022/05/31 10:40:02 [21070] total: matches=0  hash_hits=0  false_alarms=0 data=0
2022/05/31 10:40:02 [21070] sent 170 bytes  received 253 bytes  846.00 bytes/sec
2022/05/31 10:40:02 [21070] total size is 18.24M  speedup is 43,122.33
2022/05/31 10:40:03 [21072] building file list
2022/05/31 10:40:03 [21072] (new) backup_dir is /home/groupb/backup/db/backup-31-05-2022-10-40-02
2022/05/31 10:40:03 [21072] delta-transmission enabled
2022/05/31 10:40:03 [21072] nagios/nagios_service.cfg is uptodate
2022/05/31 10:40:03 [21072] nagios/nrpe.cfg is uptodate
2022/05/31 10:40:03 [21072] nagios/nrpe_local.cfg is uptodate
2022/05/31 10:40:03 [21072] total: matches=0  hash_hits=0  false_alarms=0 data=0
2022/05/31 10:40:03 [21072] sent 216 bytes  received 250 bytes  310.67 bytes/sec
2022/05/31 10:40:03 [21072] total size is 13.55K  speedup is 29.09
2022/05/31 10:40:03 [21074] building file list
2022/05/31 10:40:03 [21074] (new) backup_dir is /home/groupb/backup/db/backup-31-05-2022-10-40-02
2022/05/31 10:40:03 [21074] delta-transmission enabled
2022/05/31 10:40:03 [21074] nagios-plugins/config/apt.cfg is uptodate
2022/05/31 10:40:03 [21074] nagios-plugins/config/check_nrpe.cfg is uptodate
2022/05/31 10:40:03 [21074] nagios-plugins/config/check_service.sh is uptodate
2022/05/31 10:40:03 [21074] nagios-plugins/config/dhcp.cfg is uptodate
2022/05/31 10:40:03 [21074] nagios-plugins/config/disk.cfg is uptodate
2022/05/31 10:40:03 [21074] nagios-plugins/config/dummy.cfg is uptodate
2022/05/31 10:40:03 [21074] nagios-plugins/config/ftp.cfg is uptodate
2022/05/31 10:40:03 [21074] nagios-plugins/config/http.cfg is uptodate
2022/05/31 10:40:03 [21074] nagios-plugins/config/load.cfg is uptodate
2022/05/31 10:40:03 [21074] nagios-plugins/config/mail.cfg is uptodate
2022/05/31 10:40:03 [21074] nagios-plugins/config/news.cfg is uptodate
2022/05/31 10:40:03 [21074] nagios-plugins/config/ntp.cfg is uptodate
2022/05/31 10:40:03 [21074] nagios-plugins/config/ping.cfg is uptodate
2022/05/31 10:40:03 [21074] nagios-plugins/config/procs.cfg is uptodate
2022/05/31 10:40:03 [21074] nagios-plugins/config/real.cfg is uptodate
2022/05/31 10:40:03 [21074] nagios-plugins/config/ssh.cfg is uptodate
2022/05/31 10:40:03 [21074] nagios-plugins/config/tcp_udp.cfg is uptodate
2022/05/31 10:40:03 [21074] nagios-plugins/config/telnet.cfg is uptodate
2022/05/31 10:40:03 [21074] nagios-plugins/config/users.cfg is uptodate
2022/05/31 10:40:03 [21074] total: matches=0  hash_hits=0  false_alarms=0 data=0
2022/05/31 10:40:03 [21074] sent 541 bytes  received 1.10K bytes  3.28K bytes/sec
2022/05/31 10:40:03 [21074] total size is 25.90K  speedup is 15.81
2022/05/31 10:40:04 [21076] building file list
2022/05/31 10:40:04 [21076] (new) backup_dir is /home/groupb/backup/db/backup-31-05-2022-10-40-02
2022/05/31 10:40:04 [21076] delta-transmission enabled
2022/05/31 10:40:04 [21076] mysql/debian-start is uptodate
2022/05/31 10:40:04 [21076] mysql/debian.cnf is uptodate
2022/05/31 10:40:04 [21076] mysql/mariadb.cnf is uptodate
2022/05/31 10:40:04 [21076] mysql/my.cnf is uptodate
2022/05/31 10:40:04 [21076] mysql/my.cnf.fallback is uptodate
2022/05/31 10:40:04 [21076] mysql/conf.d/mysql.cnf is uptodate
2022/05/31 10:40:04 [21076] mysql/conf.d/mysqldump.cnf is uptodate
2022/05/31 10:40:04 [21076] mysql/mariadb.conf.d/50-client.cnf is uptodate
2022/05/31 10:40:04 [21076] mysql/mariadb.conf.d/50-mysql-clients.cnf is uptodate
2022/05/31 10:40:04 [21076] mysql/mariadb.conf.d/50-mysqld_safe.cnf is uptodate
2022/05/31 10:40:04 [21076] mysql/mariadb.conf.d/50-server.cnf is uptodate
2022/05/31 10:40:04 [21076] total: matches=0  hash_hits=0  false_alarms=0 data=0
2022/05/31 10:40:04 [21076] sent 513 bytes  received 633 bytes  764.00 bytes/sec
2022/05/31 10:40:04 [21076] total size is 9.18K  speedup is 8.01
2022/05/31 10:40:04 [21078] building file list
2022/05/31 10:40:04 [21078] (new) backup_dir is /home/groupb/backup/db/backup-31-05-2022-10-40-02
2022/05/31 10:40:04 [21078] delta-transmission enabled
2022/05/31 10:40:04 [21078] puppet/auth.conf is uptodate
2022/05/31 10:40:04 [21078] puppet/hiera.yaml is uptodate
2022/05/31 10:40:04 [21078] puppet/puppet.conf is uptodate
2022/05/31 10:40:04 [21078] puppet/code/.gitinclude is uptodate
2022/05/31 10:40:04 [21078] total: matches=0  hash_hits=0  false_alarms=0 data=0
2022/05/31 10:40:04 [21078] sent 231 bytes  received 283 bytes  1.03K bytes/sec
2022/05/31 10:40:04 [21078] total size is 5.71K  speedup is 11.11
2022/05/31 10:40:05 [21080] building file list
2022/05/31 10:40:05 [21080] (new) backup_dir is /home/groupb/backup/db/backup-31-05-2022-10-40-02
2022/05/31 10:40:05 [21080] delta-transmission enabled
2022/05/31 10:40:05 [21080] <f.st...... mysql-backup/sqlbackup.sql
2022/05/31 10:40:05 [21080] backed up mysql-backup/sqlbackup.sql to /home/groupb/backup/db/backup-31-05-2022-10-40-02/mysql-backup/sqlbackup.sql
2022/05/31 10:40:05 [21080] total: matches=819  hash_hits=1318  false_alarms=0 data=38936
2022/05/31 10:40:05 [21080] sent 42.46K bytes  received 5.44K bytes  31.93K bytes/sec
2022/05/31 10:40:05 [21080] total size is 733.45K  speedup is 15.31
2022/05/31 14:40:01 [25282] building file list
2022/05/31 14:40:01 [25282] (new) backup_dir is /home/groupb/backup/db/backup-31-05-2022-14-40-01
2022/05/31 14:40:01 [25282] delta-transmission enabled
2022/05/31 14:40:01 [25282] node-exporter/LICENSE is uptodate
2022/05/31 14:40:01 [25282] node-exporter/NOTICE is uptodate
2022/05/31 14:40:01 [25282] node-exporter/node_exporter is uptodate
2022/05/31 14:40:01 [25282] total: matches=0  hash_hits=0  false_alarms=0 data=0
2022/05/31 14:40:01 [25282] sent 170 bytes  received 253 bytes  846.00 bytes/sec
2022/05/31 14:40:01 [25282] total size is 18.24M  speedup is 43,122.33
2022/05/31 14:40:02 [25284] building file list
2022/05/31 14:40:02 [25284] (new) backup_dir is /home/groupb/backup/db/backup-31-05-2022-14-40-01
2022/05/31 14:40:02 [25284] delta-transmission enabled
2022/05/31 14:40:02 [25284] nagios/nagios_service.cfg is uptodate
2022/05/31 14:40:02 [25284] nagios/nrpe.cfg is uptodate
2022/05/31 14:40:02 [25284] nagios/nrpe_local.cfg is uptodate
2022/05/31 14:40:02 [25284] total: matches=0  hash_hits=0  false_alarms=0 data=0
2022/05/31 14:40:02 [25284] sent 212 bytes  received 250 bytes  308.00 bytes/sec
2022/05/31 14:40:02 [25284] total size is 13.55K  speedup is 29.34
2022/05/31 14:40:02 [25286] building file list
2022/05/31 14:40:02 [25286] (new) backup_dir is /home/groupb/backup/db/backup-31-05-2022-14-40-01
2022/05/31 14:40:02 [25286] delta-transmission enabled
2022/05/31 14:40:02 [25286] nagios-plugins/config/apt.cfg is uptodate
2022/05/31 14:40:02 [25286] nagios-plugins/config/check_nrpe.cfg is uptodate
2022/05/31 14:40:02 [25286] nagios-plugins/config/check_service.sh is uptodate
2022/05/31 14:40:02 [25286] nagios-plugins/config/dhcp.cfg is uptodate
2022/05/31 14:40:02 [25286] nagios-plugins/config/disk.cfg is uptodate
2022/05/31 14:40:02 [25286] nagios-plugins/config/dummy.cfg is uptodate
2022/05/31 14:40:02 [25286] nagios-plugins/config/ftp.cfg is uptodate
2022/05/31 14:40:02 [25286] nagios-plugins/config/http.cfg is uptodate
2022/05/31 14:40:02 [25286] nagios-plugins/config/load.cfg is uptodate
2022/05/31 14:40:02 [25286] nagios-plugins/config/mail.cfg is uptodate
2022/05/31 14:40:02 [25286] nagios-plugins/config/news.cfg is uptodate
2022/05/31 14:40:02 [25286] nagios-plugins/config/ntp.cfg is uptodate
2022/05/31 14:40:02 [25286] nagios-plugins/config/ping.cfg is uptodate
2022/05/31 14:40:02 [25286] nagios-plugins/config/procs.cfg is uptodate
2022/05/31 14:40:02 [25286] nagios-plugins/config/real.cfg is uptodate
2022/05/31 14:40:02 [25286] nagios-plugins/config/ssh.cfg is uptodate
2022/05/31 14:40:02 [25286] nagios-plugins/config/tcp_udp.cfg is uptodate
2022/05/31 14:40:02 [25286] nagios-plugins/config/telnet.cfg is uptodate
2022/05/31 14:40:02 [25286] nagios-plugins/config/users.cfg is uptodate
2022/05/31 14:40:02 [25286] total: matches=0  hash_hits=0  false_alarms=0 data=0
2022/05/31 14:40:02 [25286] sent 541 bytes  received 1.10K bytes  3.28K bytes/sec
2022/05/31 14:40:02 [25286] total size is 25.90K  speedup is 15.81
2022/05/31 14:40:03 [25288] building file list
2022/05/31 14:40:03 [25288] (new) backup_dir is /home/groupb/backup/db/backup-31-05-2022-14-40-01
2022/05/31 14:40:03 [25288] delta-transmission enabled
2022/05/31 14:40:03 [25288] mysql/debian-start is uptodate
2022/05/31 14:40:03 [25288] mysql/debian.cnf is uptodate
2022/05/31 14:40:03 [25288] mysql/mariadb.cnf is uptodate
2022/05/31 14:40:03 [25288] mysql/my.cnf is uptodate
2022/05/31 14:40:03 [25288] mysql/my.cnf.fallback is uptodate
2022/05/31 14:40:03 [25288] mysql/conf.d/mysql.cnf is uptodate
2022/05/31 14:40:03 [25288] mysql/conf.d/mysqldump.cnf is uptodate
2022/05/31 14:40:03 [25288] mysql/mariadb.conf.d/50-client.cnf is uptodate
2022/05/31 14:40:03 [25288] mysql/mariadb.conf.d/50-mysql-clients.cnf is uptodate
2022/05/31 14:40:03 [25288] mysql/mariadb.conf.d/50-mysqld_safe.cnf is uptodate
2022/05/31 14:40:03 [25288] mysql/mariadb.conf.d/50-server.cnf is uptodate
2022/05/31 14:40:03 [25288] total: matches=0  hash_hits=0  false_alarms=0 data=0
2022/05/31 14:40:03 [25288] sent 513 bytes  received 633 bytes  764.00 bytes/sec
2022/05/31 14:40:03 [25288] total size is 9.18K  speedup is 8.01
2022/05/31 14:40:04 [25290] building file list
2022/05/31 14:40:04 [25290] (new) backup_dir is /home/groupb/backup/db/backup-31-05-2022-14-40-01
2022/05/31 14:40:04 [25290] delta-transmission enabled
2022/05/31 14:40:04 [25290] puppet/auth.conf is uptodate
2022/05/31 14:40:04 [25290] puppet/hiera.yaml is uptodate
2022/05/31 14:40:04 [25290] puppet/puppet.conf is uptodate
2022/05/31 14:40:04 [25290] puppet/code/.gitinclude is uptodate
2022/05/31 14:40:04 [25290] total: matches=0  hash_hits=0  false_alarms=0 data=0
2022/05/31 14:40:04 [25290] sent 227 bytes  received 283 bytes  340.00 bytes/sec
2022/05/31 14:40:04 [25290] total size is 5.71K  speedup is 11.19
2022/05/31 14:40:04 [25292] building file list
2022/05/31 14:40:04 [25292] (new) backup_dir is /home/groupb/backup/db/backup-31-05-2022-14-40-01
2022/05/31 14:40:04 [25292] delta-transmission enabled
2022/05/31 14:40:04 [25292] <f..t...... mysql-backup/sqlbackup.sql
2022/05/31 14:40:04 [25292] backed up mysql-backup/sqlbackup.sql to /home/groupb/backup/db/backup-31-05-2022-14-40-01/mysql-backup/sqlbackup.sql
2022/05/31 14:40:04 [25292] total: matches=856  hash_hits=857  false_alarms=0 data=712
2022/05/31 14:40:04 [25292] sent 4.31K bytes  received 5.41K bytes  19.43K bytes/sec
2022/05/31 14:40:04 [25292] total size is 733.45K  speedup is 75.48
2022/05/31 18:40:02 [29211] building file list
2022/05/31 18:40:02 [29211] (new) backup_dir is /home/groupb/backup/db/backup-31-05-2022-18-40-01
2022/05/31 18:40:02 [29211] delta-transmission enabled
2022/05/31 18:40:02 [29211] node-exporter/LICENSE is uptodate
2022/05/31 18:40:02 [29211] node-exporter/NOTICE is uptodate
2022/05/31 18:40:02 [29211] node-exporter/node_exporter is uptodate
2022/05/31 18:40:02 [29211] total: matches=0  hash_hits=0  false_alarms=0 data=0
2022/05/31 18:40:02 [29211] sent 170 bytes  received 253 bytes  282.00 bytes/sec
2022/05/31 18:40:02 [29211] total size is 18.24M  speedup is 43,122.33
2022/05/31 18:40:02 [29213] building file list
2022/05/31 18:40:02 [29213] (new) backup_dir is /home/groupb/backup/db/backup-31-05-2022-18-40-01
2022/05/31 18:40:02 [29213] delta-transmission enabled
2022/05/31 18:40:02 [29213] nagios/nagios_service.cfg is uptodate
2022/05/31 18:40:02 [29213] nagios/nrpe.cfg is uptodate
2022/05/31 18:40:02 [29213] nagios/nrpe_local.cfg is uptodate
2022/05/31 18:40:02 [29213] total: matches=0  hash_hits=0  false_alarms=0 data=0
2022/05/31 18:40:02 [29213] sent 216 bytes  received 250 bytes  932.00 bytes/sec
2022/05/31 18:40:02 [29213] total size is 13.55K  speedup is 29.09
2022/05/31 18:40:03 [29215] building file list
2022/05/31 18:40:03 [29215] (new) backup_dir is /home/groupb/backup/db/backup-31-05-2022-18-40-01
2022/05/31 18:40:03 [29215] delta-transmission enabled
2022/05/31 18:40:03 [29215] nagios-plugins/config/apt.cfg is uptodate
2022/05/31 18:40:03 [29215] nagios-plugins/config/check_nrpe.cfg is uptodate
2022/05/31 18:40:03 [29215] nagios-plugins/config/check_service.sh is uptodate
2022/05/31 18:40:03 [29215] nagios-plugins/config/dhcp.cfg is uptodate
2022/05/31 18:40:03 [29215] nagios-plugins/config/disk.cfg is uptodate
2022/05/31 18:40:03 [29215] nagios-plugins/config/dummy.cfg is uptodate
2022/05/31 18:40:03 [29215] nagios-plugins/config/ftp.cfg is uptodate
2022/05/31 18:40:03 [29215] nagios-plugins/config/http.cfg is uptodate
2022/05/31 18:40:03 [29215] nagios-plugins/config/load.cfg is uptodate
2022/05/31 18:40:03 [29215] nagios-plugins/config/mail.cfg is uptodate
2022/05/31 18:40:03 [29215] nagios-plugins/config/news.cfg is uptodate
2022/05/31 18:40:03 [29215] nagios-plugins/config/ntp.cfg is uptodate
2022/05/31 18:40:03 [29215] nagios-plugins/config/ping.cfg is uptodate
2022/05/31 18:40:03 [29215] nagios-plugins/config/procs.cfg is uptodate
2022/05/31 18:40:03 [29215] nagios-plugins/config/real.cfg is uptodate
2022/05/31 18:40:03 [29215] nagios-plugins/config/ssh.cfg is uptodate
2022/05/31 18:40:03 [29215] nagios-plugins/config/tcp_udp.cfg is uptodate
2022/05/31 18:40:03 [29215] nagios-plugins/config/telnet.cfg is uptodate
2022/05/31 18:40:03 [29215] nagios-plugins/config/users.cfg is uptodate
2022/05/31 18:40:03 [29215] total: matches=0  hash_hits=0  false_alarms=0 data=0
2022/05/31 18:40:03 [29215] sent 541 bytes  received 1.10K bytes  1.09K bytes/sec
2022/05/31 18:40:03 [29215] total size is 25.90K  speedup is 15.81
2022/05/31 18:40:04 [29217] building file list
2022/05/31 18:40:04 [29217] (new) backup_dir is /home/groupb/backup/db/backup-31-05-2022-18-40-01
2022/05/31 18:40:04 [29217] delta-transmission enabled
2022/05/31 18:40:04 [29217] mysql/debian-start is uptodate
2022/05/31 18:40:04 [29217] mysql/debian.cnf is uptodate
2022/05/31 18:40:04 [29217] mysql/mariadb.cnf is uptodate
2022/05/31 18:40:04 [29217] mysql/my.cnf is uptodate
2022/05/31 18:40:04 [29217] mysql/my.cnf.fallback is uptodate
2022/05/31 18:40:04 [29217] mysql/conf.d/mysql.cnf is uptodate
2022/05/31 18:40:04 [29217] mysql/conf.d/mysqldump.cnf is uptodate
2022/05/31 18:40:04 [29217] mysql/mariadb.conf.d/50-client.cnf is uptodate
2022/05/31 18:40:04 [29217] mysql/mariadb.conf.d/50-mysql-clients.cnf is uptodate
2022/05/31 18:40:04 [29217] mysql/mariadb.conf.d/50-mysqld_safe.cnf is uptodate
2022/05/31 18:40:04 [29217] mysql/mariadb.conf.d/50-server.cnf is uptodate
2022/05/31 18:40:04 [29217] total: matches=0  hash_hits=0  false_alarms=0 data=0
2022/05/31 18:40:04 [29217] sent 513 bytes  received 633 bytes  764.00 bytes/sec
2022/05/31 18:40:04 [29217] total size is 9.18K  speedup is 8.01
2022/05/31 18:40:04 [29219] building file list
2022/05/31 18:40:04 [29219] (new) backup_dir is /home/groupb/backup/db/backup-31-05-2022-18-40-01
2022/05/31 18:40:04 [29219] delta-transmission enabled
2022/05/31 18:40:04 [29219] puppet/auth.conf is uptodate
2022/05/31 18:40:04 [29219] puppet/hiera.yaml is uptodate
2022/05/31 18:40:04 [29219] puppet/puppet.conf is uptodate
2022/05/31 18:40:04 [29219] puppet/code/.gitinclude is uptodate
2022/05/31 18:40:04 [29219] total: matches=0  hash_hits=0  false_alarms=0 data=0
2022/05/31 18:40:04 [29219] sent 227 bytes  received 283 bytes  1.02K bytes/sec
2022/05/31 18:40:04 [29219] total size is 5.71K  speedup is 11.19
2022/05/31 18:40:05 [29221] building file list
2022/05/31 18:40:05 [29221] (new) backup_dir is /home/groupb/backup/db/backup-31-05-2022-18-40-01
2022/05/31 18:40:05 [29221] delta-transmission enabled
2022/05/31 18:40:05 [29221] <f..t...... mysql-backup/sqlbackup.sql
2022/05/31 18:40:05 [29221] backed up mysql-backup/sqlbackup.sql to /home/groupb/backup/db/backup-31-05-2022-18-40-01/mysql-backup/sqlbackup.sql
2022/05/31 18:40:05 [29221] total: matches=856  hash_hits=856  false_alarms=0 data=712
2022/05/31 18:40:05 [29221] sent 4.31K bytes  received 5.41K bytes  6.48K bytes/sec
2022/05/31 18:40:05 [29221] total size is 733.45K  speedup is 75.48
2022/05/31 22:40:02 [837] building file list
2022/05/31 22:40:02 [837] (new) backup_dir is /home/groupb/backup/db/backup-31-05-2022-22-40-01
2022/05/31 22:40:02 [837] delta-transmission enabled
2022/05/31 22:40:02 [837] node-exporter/LICENSE is uptodate
2022/05/31 22:40:02 [837] node-exporter/NOTICE is uptodate
2022/05/31 22:40:02 [837] node-exporter/node_exporter is uptodate
2022/05/31 22:40:02 [837] total: matches=0  hash_hits=0  false_alarms=0 data=0
2022/05/31 22:40:02 [837] sent 170 bytes  received 253 bytes  282.00 bytes/sec
2022/05/31 22:40:02 [837] total size is 18.24M  speedup is 43,122.33
2022/05/31 22:40:02 [839] building file list
2022/05/31 22:40:02 [839] (new) backup_dir is /home/groupb/backup/db/backup-31-05-2022-22-40-01
2022/05/31 22:40:02 [839] delta-transmission enabled
2022/05/31 22:40:02 [839] nagios/nagios_service.cfg is uptodate
2022/05/31 22:40:02 [839] nagios/nrpe.cfg is uptodate
2022/05/31 22:40:02 [839] nagios/nrpe_local.cfg is uptodate
2022/05/31 22:40:02 [839] total: matches=0  hash_hits=0  false_alarms=0 data=0
2022/05/31 22:40:02 [839] sent 212 bytes  received 250 bytes  924.00 bytes/sec
2022/05/31 22:40:02 [839] total size is 13.55K  speedup is 29.34
2022/05/31 22:40:03 [841] building file list
2022/05/31 22:40:03 [841] (new) backup_dir is /home/groupb/backup/db/backup-31-05-2022-22-40-01
2022/05/31 22:40:03 [841] delta-transmission enabled
2022/05/31 22:40:03 [841] nagios-plugins/config/apt.cfg is uptodate
2022/05/31 22:40:03 [841] nagios-plugins/config/check_nrpe.cfg is uptodate
2022/05/31 22:40:03 [841] nagios-plugins/config/check_service.sh is uptodate
2022/05/31 22:40:03 [841] nagios-plugins/config/dhcp.cfg is uptodate
2022/05/31 22:40:03 [841] nagios-plugins/config/disk.cfg is uptodate
2022/05/31 22:40:03 [841] nagios-plugins/config/dummy.cfg is uptodate
2022/05/31 22:40:03 [841] nagios-plugins/config/ftp.cfg is uptodate
2022/05/31 22:40:03 [841] nagios-plugins/config/http.cfg is uptodate
2022/05/31 22:40:03 [841] nagios-plugins/config/load.cfg is uptodate
2022/05/31 22:40:03 [841] nagios-plugins/config/mail.cfg is uptodate
2022/05/31 22:40:03 [841] nagios-plugins/config/news.cfg is uptodate
2022/05/31 22:40:03 [841] nagios-plugins/config/ntp.cfg is uptodate
2022/05/31 22:40:03 [841] nagios-plugins/config/ping.cfg is uptodate
2022/05/31 22:40:03 [841] nagios-plugins/config/procs.cfg is uptodate
2022/05/31 22:40:03 [841] nagios-plugins/config/real.cfg is uptodate
2022/05/31 22:40:03 [841] nagios-plugins/config/ssh.cfg is uptodate
2022/05/31 22:40:03 [841] nagios-plugins/config/tcp_udp.cfg is uptodate
2022/05/31 22:40:03 [841] nagios-plugins/config/telnet.cfg is uptodate
2022/05/31 22:40:03 [841] nagios-plugins/config/users.cfg is uptodate
2022/05/31 22:40:03 [841] total: matches=0  hash_hits=0  false_alarms=0 data=0
2022/05/31 22:40:03 [841] sent 541 bytes  received 1.10K bytes  1.09K bytes/sec
2022/05/31 22:40:03 [841] total size is 25.90K  speedup is 15.81
2022/05/31 22:40:03 [843] building file list
2022/05/31 22:40:03 [843] (new) backup_dir is /home/groupb/backup/db/backup-31-05-2022-22-40-01
2022/05/31 22:40:03 [843] delta-transmission enabled
2022/05/31 22:40:03 [843] mysql/debian-start is uptodate
2022/05/31 22:40:03 [843] mysql/debian.cnf is uptodate
2022/05/31 22:40:03 [843] mysql/mariadb.cnf is uptodate
2022/05/31 22:40:03 [843] mysql/my.cnf is uptodate
2022/05/31 22:40:03 [843] mysql/my.cnf.fallback is uptodate
2022/05/31 22:40:03 [843] mysql/conf.d/mysql.cnf is uptodate
2022/05/31 22:40:03 [843] mysql/conf.d/mysqldump.cnf is uptodate
2022/05/31 22:40:03 [843] mysql/mariadb.conf.d/50-client.cnf is uptodate
2022/05/31 22:40:03 [843] mysql/mariadb.conf.d/50-mysql-clients.cnf is uptodate
2022/05/31 22:40:03 [843] mysql/mariadb.conf.d/50-mysqld_safe.cnf is uptodate
2022/05/31 22:40:03 [843] mysql/mariadb.conf.d/50-server.cnf is uptodate
2022/05/31 22:40:03 [843] total: matches=0  hash_hits=0  false_alarms=0 data=0
2022/05/31 22:40:03 [843] sent 517 bytes  received 633 bytes  2.30K bytes/sec
2022/05/31 22:40:03 [843] total size is 9.18K  speedup is 7.98
2022/05/31 22:40:04 [845] building file list
2022/05/31 22:40:04 [845] (new) backup_dir is /home/groupb/backup/db/backup-31-05-2022-22-40-01
2022/05/31 22:40:04 [845] delta-transmission enabled
2022/05/31 22:40:04 [845] puppet/auth.conf is uptodate
2022/05/31 22:40:04 [845] puppet/hiera.yaml is uptodate
2022/05/31 22:40:04 [845] puppet/puppet.conf is uptodate
2022/05/31 22:40:04 [845] puppet/code/.gitinclude is uptodate
2022/05/31 22:40:04 [845] total: matches=0  hash_hits=0  false_alarms=0 data=0
2022/05/31 22:40:04 [845] sent 227 bytes  received 283 bytes  340.00 bytes/sec
2022/05/31 22:40:04 [845] total size is 5.71K  speedup is 11.19
2022/05/31 22:40:04 [847] building file list
2022/05/31 22:40:04 [847] (new) backup_dir is /home/groupb/backup/db/backup-31-05-2022-22-40-01
2022/05/31 22:40:04 [847] delta-transmission enabled
2022/05/31 22:40:04 [847] <f..t...... mysql-backup/sqlbackup.sql
2022/05/31 22:40:04 [847] backed up mysql-backup/sqlbackup.sql to /home/groupb/backup/db/backup-31-05-2022-22-40-01/mysql-backup/sqlbackup.sql
2022/05/31 22:40:04 [847] total: matches=856  hash_hits=856  false_alarms=0 data=712
2022/05/31 22:40:04 [847] sent 4.31K bytes  received 5.41K bytes  19.43K bytes/sec
2022/05/31 22:40:04 [847] total size is 733.45K  speedup is 75.48
2022/06/01 02:40:02 [4876] building file list
2022/06/01 02:40:02 [4876] (new) backup_dir is /home/groupb/backup/db/backup-01-06-2022-02-40-02
2022/06/01 02:40:02 [4876] delta-transmission enabled
2022/06/01 02:40:02 [4876] node-exporter/LICENSE is uptodate
2022/06/01 02:40:02 [4876] node-exporter/NOTICE is uptodate
2022/06/01 02:40:02 [4876] node-exporter/node_exporter is uptodate
2022/06/01 02:40:02 [4876] total: matches=0  hash_hits=0  false_alarms=0 data=0
2022/06/01 02:40:02 [4876] sent 170 bytes  received 253 bytes  846.00 bytes/sec
2022/06/01 02:40:02 [4876] total size is 18.24M  speedup is 43,122.33
2022/06/01 02:40:03 [4878] building file list
2022/06/01 02:40:03 [4878] (new) backup_dir is /home/groupb/backup/db/backup-01-06-2022-02-40-02
2022/06/01 02:40:03 [4878] delta-transmission enabled
2022/06/01 02:40:03 [4878] nagios/nagios_service.cfg is uptodate
2022/06/01 02:40:03 [4878] nagios/nrpe.cfg is uptodate
2022/06/01 02:40:03 [4878] nagios/nrpe_local.cfg is uptodate
2022/06/01 02:40:03 [4878] total: matches=0  hash_hits=0  false_alarms=0 data=0
2022/06/01 02:40:03 [4878] sent 212 bytes  received 250 bytes  308.00 bytes/sec
2022/06/01 02:40:03 [4878] total size is 13.55K  speedup is 29.34
2022/06/01 02:40:03 [4880] building file list
2022/06/01 02:40:03 [4880] (new) backup_dir is /home/groupb/backup/db/backup-01-06-2022-02-40-02
2022/06/01 02:40:03 [4880] delta-transmission enabled
2022/06/01 02:40:03 [4880] nagios-plugins/config/apt.cfg is uptodate
2022/06/01 02:40:03 [4880] nagios-plugins/config/check_nrpe.cfg is uptodate
2022/06/01 02:40:03 [4880] nagios-plugins/config/check_service.sh is uptodate
2022/06/01 02:40:03 [4880] nagios-plugins/config/dhcp.cfg is uptodate
2022/06/01 02:40:03 [4880] nagios-plugins/config/disk.cfg is uptodate
2022/06/01 02:40:03 [4880] nagios-plugins/config/dummy.cfg is uptodate
2022/06/01 02:40:03 [4880] nagios-plugins/config/ftp.cfg is uptodate
2022/06/01 02:40:03 [4880] nagios-plugins/config/http.cfg is uptodate
2022/06/01 02:40:03 [4880] nagios-plugins/config/load.cfg is uptodate
2022/06/01 02:40:03 [4880] nagios-plugins/config/mail.cfg is uptodate
2022/06/01 02:40:03 [4880] nagios-plugins/config/news.cfg is uptodate
2022/06/01 02:40:03 [4880] nagios-plugins/config/ntp.cfg is uptodate
2022/06/01 02:40:03 [4880] nagios-plugins/config/ping.cfg is uptodate
2022/06/01 02:40:03 [4880] nagios-plugins/config/procs.cfg is uptodate
2022/06/01 02:40:03 [4880] nagios-plugins/config/real.cfg is uptodate
2022/06/01 02:40:03 [4880] nagios-plugins/config/ssh.cfg is uptodate
2022/06/01 02:40:03 [4880] nagios-plugins/config/tcp_udp.cfg is uptodate
2022/06/01 02:40:03 [4880] nagios-plugins/config/telnet.cfg is uptodate
2022/06/01 02:40:03 [4880] nagios-plugins/config/users.cfg is uptodate
2022/06/01 02:40:03 [4880] total: matches=0  hash_hits=0  false_alarms=0 data=0
2022/06/01 02:40:03 [4880] sent 541 bytes  received 1.10K bytes  3.28K bytes/sec
2022/06/01 02:40:03 [4880] total size is 25.90K  speedup is 15.81
2022/06/01 02:40:04 [4882] building file list
2022/06/01 02:40:04 [4882] (new) backup_dir is /home/groupb/backup/db/backup-01-06-2022-02-40-02
2022/06/01 02:40:04 [4882] delta-transmission enabled
2022/06/01 02:40:04 [4882] mysql/debian-start is uptodate
2022/06/01 02:40:04 [4882] mysql/debian.cnf is uptodate
2022/06/01 02:40:04 [4882] mysql/mariadb.cnf is uptodate
2022/06/01 02:40:04 [4882] mysql/my.cnf is uptodate
2022/06/01 02:40:04 [4882] mysql/my.cnf.fallback is uptodate
2022/06/01 02:40:04 [4882] mysql/conf.d/mysql.cnf is uptodate
2022/06/01 02:40:04 [4882] mysql/conf.d/mysqldump.cnf is uptodate
2022/06/01 02:40:04 [4882] mysql/mariadb.conf.d/50-client.cnf is uptodate
2022/06/01 02:40:04 [4882] mysql/mariadb.conf.d/50-mysql-clients.cnf is uptodate
2022/06/01 02:40:04 [4882] mysql/mariadb.conf.d/50-mysqld_safe.cnf is uptodate
2022/06/01 02:40:04 [4882] mysql/mariadb.conf.d/50-server.cnf is uptodate
2022/06/01 02:40:04 [4882] total: matches=0  hash_hits=0  false_alarms=0 data=0
2022/06/01 02:40:04 [4882] sent 517 bytes  received 633 bytes  766.67 bytes/sec
2022/06/01 02:40:04 [4882] total size is 9.18K  speedup is 7.98
2022/06/01 02:40:05 [4884] building file list
2022/06/01 02:40:05 [4884] (new) backup_dir is /home/groupb/backup/db/backup-01-06-2022-02-40-02
2022/06/01 02:40:05 [4884] delta-transmission enabled
2022/06/01 02:40:05 [4884] puppet/auth.conf is uptodate
2022/06/01 02:40:05 [4884] puppet/hiera.yaml is uptodate
2022/06/01 02:40:05 [4884] puppet/puppet.conf is uptodate
2022/06/01 02:40:05 [4884] puppet/code/.gitinclude is uptodate
2022/06/01 02:40:05 [4884] total: matches=0  hash_hits=0  false_alarms=0 data=0
2022/06/01 02:40:05 [4884] sent 227 bytes  received 283 bytes  340.00 bytes/sec
2022/06/01 02:40:05 [4884] total size is 5.71K  speedup is 11.19
2022/06/01 02:40:05 [4886] building file list
2022/06/01 02:40:05 [4886] (new) backup_dir is /home/groupb/backup/db/backup-01-06-2022-02-40-02
2022/06/01 02:40:05 [4886] delta-transmission enabled
2022/06/01 02:40:05 [4886] <f.st...... mysql-backup/sqlbackup.sql
2022/06/01 02:40:05 [4886] backed up mysql-backup/sqlbackup.sql to /home/groupb/backup/db/backup-01-06-2022-02-40-02/mysql-backup/sqlbackup.sql
2022/06/01 02:40:05 [4886] total: matches=840  hash_hits=999  false_alarms=0 data=13936
2022/06/01 02:40:05 [4886] sent 17.50K bytes  received 5.41K bytes  45.81K bytes/sec
2022/06/01 02:40:05 [4886] total size is 732.98K  speedup is 32.00
2022/06/01 06:40:02 [12080] building file list
2022/06/01 06:40:02 [12080] (new) backup_dir is /home/groupb/backup/db/backup-01-06-2022-06-40-01
2022/06/01 06:40:02 [12080] delta-transmission enabled
2022/06/01 06:40:02 [12080] node-exporter/LICENSE is uptodate
2022/06/01 06:40:02 [12080] node-exporter/NOTICE is uptodate
2022/06/01 06:40:02 [12080] node-exporter/node_exporter is uptodate
2022/06/01 06:40:02 [12080] total: matches=0  hash_hits=0  false_alarms=0 data=0
2022/06/01 06:40:02 [12080] sent 174 bytes  received 253 bytes  284.67 bytes/sec
2022/06/01 06:40:02 [12080] total size is 18.24M  speedup is 42,718.37
2022/06/01 06:40:02 [12082] building file list
2022/06/01 06:40:02 [12082] (new) backup_dir is /home/groupb/backup/db/backup-01-06-2022-06-40-01
2022/06/01 06:40:02 [12082] delta-transmission enabled
2022/06/01 06:40:02 [12082] nagios/nagios_service.cfg is uptodate
2022/06/01 06:40:02 [12082] nagios/nrpe.cfg is uptodate
2022/06/01 06:40:02 [12082] nagios/nrpe_local.cfg is uptodate
2022/06/01 06:40:02 [12082] total: matches=0  hash_hits=0  false_alarms=0 data=0
2022/06/01 06:40:02 [12082] sent 216 bytes  received 250 bytes  932.00 bytes/sec
2022/06/01 06:40:02 [12082] total size is 13.55K  speedup is 29.09
2022/06/01 06:40:03 [12084] building file list
2022/06/01 06:40:03 [12084] (new) backup_dir is /home/groupb/backup/db/backup-01-06-2022-06-40-01
2022/06/01 06:40:03 [12084] delta-transmission enabled
2022/06/01 06:40:03 [12084] nagios-plugins/config/apt.cfg is uptodate
2022/06/01 06:40:03 [12084] nagios-plugins/config/check_nrpe.cfg is uptodate
2022/06/01 06:40:03 [12084] nagios-plugins/config/check_service.sh is uptodate
2022/06/01 06:40:03 [12084] nagios-plugins/config/dhcp.cfg is uptodate
2022/06/01 06:40:03 [12084] nagios-plugins/config/disk.cfg is uptodate
2022/06/01 06:40:03 [12084] nagios-plugins/config/dummy.cfg is uptodate
2022/06/01 06:40:03 [12084] nagios-plugins/config/ftp.cfg is uptodate
2022/06/01 06:40:03 [12084] nagios-plugins/config/http.cfg is uptodate
2022/06/01 06:40:03 [12084] nagios-plugins/config/load.cfg is uptodate
2022/06/01 06:40:03 [12084] nagios-plugins/config/mail.cfg is uptodate
2022/06/01 06:40:03 [12084] nagios-plugins/config/news.cfg is uptodate
2022/06/01 06:40:03 [12084] nagios-plugins/config/ntp.cfg is uptodate
2022/06/01 06:40:03 [12084] nagios-plugins/config/ping.cfg is uptodate
2022/06/01 06:40:03 [12084] nagios-plugins/config/procs.cfg is uptodate
2022/06/01 06:40:03 [12084] nagios-plugins/config/real.cfg is uptodate
2022/06/01 06:40:03 [12084] nagios-plugins/config/ssh.cfg is uptodate
2022/06/01 06:40:03 [12084] nagios-plugins/config/tcp_udp.cfg is uptodate
2022/06/01 06:40:03 [12084] nagios-plugins/config/telnet.cfg is uptodate
2022/06/01 06:40:03 [12084] nagios-plugins/config/users.cfg is uptodate
2022/06/01 06:40:03 [12084] total: matches=0  hash_hits=0  false_alarms=0 data=0
2022/06/01 06:40:03 [12084] sent 541 bytes  received 1.10K bytes  1.09K bytes/sec
2022/06/01 06:40:03 [12084] total size is 25.90K  speedup is 15.81
2022/06/01 06:40:04 [12086] building file list
2022/06/01 06:40:04 [12086] (new) backup_dir is /home/groupb/backup/db/backup-01-06-2022-06-40-01
2022/06/01 06:40:04 [12086] delta-transmission enabled
2022/06/01 06:40:04 [12086] mysql/debian-start is uptodate
2022/06/01 06:40:04 [12086] mysql/debian.cnf is uptodate
2022/06/01 06:40:04 [12086] mysql/mariadb.cnf is uptodate
2022/06/01 06:40:04 [12086] mysql/my.cnf is uptodate
2022/06/01 06:40:04 [12086] mysql/my.cnf.fallback is uptodate
2022/06/01 06:40:04 [12086] mysql/conf.d/mysql.cnf is uptodate
2022/06/01 06:40:04 [12086] mysql/conf.d/mysqldump.cnf is uptodate
2022/06/01 06:40:04 [12086] mysql/mariadb.conf.d/50-client.cnf is uptodate
2022/06/01 06:40:04 [12086] mysql/mariadb.conf.d/50-mysql-clients.cnf is uptodate
2022/06/01 06:40:04 [12086] mysql/mariadb.conf.d/50-mysqld_safe.cnf is uptodate
2022/06/01 06:40:04 [12086] mysql/mariadb.conf.d/50-server.cnf is uptodate
2022/06/01 06:40:04 [12086] total: matches=0  hash_hits=0  false_alarms=0 data=0
2022/06/01 06:40:04 [12086] sent 513 bytes  received 633 bytes  764.00 bytes/sec
2022/06/01 06:40:04 [12086] total size is 9.18K  speedup is 8.01
2022/06/01 06:40:04 [12088] building file list
2022/06/01 06:40:04 [12088] (new) backup_dir is /home/groupb/backup/db/backup-01-06-2022-06-40-01
2022/06/01 06:40:04 [12088] delta-transmission enabled
2022/06/01 06:40:04 [12088] puppet/auth.conf is uptodate
2022/06/01 06:40:04 [12088] puppet/hiera.yaml is uptodate
2022/06/01 06:40:04 [12088] puppet/puppet.conf is uptodate
2022/06/01 06:40:04 [12088] puppet/code/.gitinclude is uptodate
2022/06/01 06:40:04 [12088] total: matches=0  hash_hits=0  false_alarms=0 data=0
2022/06/01 06:40:04 [12088] sent 227 bytes  received 283 bytes  1.02K bytes/sec
2022/06/01 06:40:04 [12088] total size is 5.71K  speedup is 11.19
2022/06/01 06:40:05 [12090] building file list
2022/06/01 06:40:05 [12090] (new) backup_dir is /home/groupb/backup/db/backup-01-06-2022-06-40-01
2022/06/01 06:40:05 [12090] delta-transmission enabled
2022/06/01 06:40:05 [12090] <f.st...... mysql-backup/sqlbackup.sql
2022/06/01 06:40:05 [12090] backed up mysql-backup/sqlbackup.sql to /home/groupb/backup/db/backup-01-06-2022-06-40-01/mysql-backup/sqlbackup.sql
2022/06/01 06:40:05 [12090] total: matches=725  hash_hits=2242  false_alarms=0 data=119118
2022/06/01 06:40:05 [12090] sent 122.26K bytes  received 5.41K bytes  85.11K bytes/sec
2022/06/01 06:40:05 [12090] total size is 739.72K  speedup is 5.79
2022/06/01 10:40:01 [16043] building file list
2022/06/01 10:40:01 [16043] (new) backup_dir is /home/groupb/backup/db/backup-01-06-2022-10-40-01
2022/06/01 10:40:01 [16043] delta-transmission enabled
2022/06/01 10:40:01 [16043] node-exporter/LICENSE is uptodate
2022/06/01 10:40:01 [16043] node-exporter/NOTICE is uptodate
2022/06/01 10:40:01 [16043] node-exporter/node_exporter is uptodate
2022/06/01 10:40:01 [16043] total: matches=0  hash_hits=0  false_alarms=0 data=0
2022/06/01 10:40:01 [16043] sent 170 bytes  received 253 bytes  846.00 bytes/sec
2022/06/01 10:40:01 [16043] total size is 18.24M  speedup is 43,122.33
2022/06/01 10:40:02 [16045] building file list
2022/06/01 10:40:02 [16045] (new) backup_dir is /home/groupb/backup/db/backup-01-06-2022-10-40-01
2022/06/01 10:40:02 [16045] delta-transmission enabled
2022/06/01 10:40:02 [16045] nagios/nagios_service.cfg is uptodate
2022/06/01 10:40:02 [16045] nagios/nrpe.cfg is uptodate
2022/06/01 10:40:02 [16045] nagios/nrpe_local.cfg is uptodate
2022/06/01 10:40:02 [16045] total: matches=0  hash_hits=0  false_alarms=0 data=0
2022/06/01 10:40:02 [16045] sent 216 bytes  received 250 bytes  310.67 bytes/sec
2022/06/01 10:40:02 [16045] total size is 13.55K  speedup is 29.09
2022/06/01 10:40:03 [16047] building file list
2022/06/01 10:40:03 [16047] (new) backup_dir is /home/groupb/backup/db/backup-01-06-2022-10-40-01
2022/06/01 10:40:03 [16047] delta-transmission enabled
2022/06/01 10:40:03 [16047] nagios-plugins/config/apt.cfg is uptodate
2022/06/01 10:40:03 [16047] nagios-plugins/config/check_nrpe.cfg is uptodate
2022/06/01 10:40:03 [16047] nagios-plugins/config/check_service.sh is uptodate
2022/06/01 10:40:03 [16047] nagios-plugins/config/dhcp.cfg is uptodate
2022/06/01 10:40:03 [16047] nagios-plugins/config/disk.cfg is uptodate
2022/06/01 10:40:03 [16047] nagios-plugins/config/dummy.cfg is uptodate
2022/06/01 10:40:03 [16047] nagios-plugins/config/ftp.cfg is uptodate
2022/06/01 10:40:03 [16047] nagios-plugins/config/http.cfg is uptodate
2022/06/01 10:40:03 [16047] nagios-plugins/config/load.cfg is uptodate
2022/06/01 10:40:03 [16047] nagios-plugins/config/mail.cfg is uptodate
2022/06/01 10:40:03 [16047] nagios-plugins/config/news.cfg is uptodate
2022/06/01 10:40:03 [16047] nagios-plugins/config/ntp.cfg is uptodate
2022/06/01 10:40:03 [16047] nagios-plugins/config/ping.cfg is uptodate
2022/06/01 10:40:03 [16047] nagios-plugins/config/procs.cfg is uptodate
2022/06/01 10:40:03 [16047] nagios-plugins/config/real.cfg is uptodate
2022/06/01 10:40:03 [16047] nagios-plugins/config/ssh.cfg is uptodate
2022/06/01 10:40:03 [16047] nagios-plugins/config/tcp_udp.cfg is uptodate
2022/06/01 10:40:03 [16047] nagios-plugins/config/telnet.cfg is uptodate
2022/06/01 10:40:03 [16047] nagios-plugins/config/users.cfg is uptodate
2022/06/01 10:40:03 [16047] total: matches=0  hash_hits=0  false_alarms=0 data=0
2022/06/01 10:40:03 [16047] sent 541 bytes  received 1.10K bytes  1.09K bytes/sec
2022/06/01 10:40:03 [16047] total size is 25.90K  speedup is 15.81
2022/06/01 10:40:03 [16049] building file list
2022/06/01 10:40:03 [16049] (new) backup_dir is /home/groupb/backup/db/backup-01-06-2022-10-40-01
2022/06/01 10:40:03 [16049] delta-transmission enabled
2022/06/01 10:40:03 [16049] mysql/debian-start is uptodate
2022/06/01 10:40:03 [16049] mysql/debian.cnf is uptodate
2022/06/01 10:40:03 [16049] mysql/mariadb.cnf is uptodate
2022/06/01 10:40:03 [16049] mysql/my.cnf is uptodate
2022/06/01 10:40:03 [16049] mysql/my.cnf.fallback is uptodate
2022/06/01 10:40:03 [16049] mysql/conf.d/mysql.cnf is uptodate
2022/06/01 10:40:03 [16049] mysql/conf.d/mysqldump.cnf is uptodate
2022/06/01 10:40:03 [16049] mysql/mariadb.conf.d/50-client.cnf is uptodate
2022/06/01 10:40:03 [16049] mysql/mariadb.conf.d/50-mysql-clients.cnf is uptodate
2022/06/01 10:40:03 [16049] mysql/mariadb.conf.d/50-mysqld_safe.cnf is uptodate
2022/06/01 10:40:03 [16049] mysql/mariadb.conf.d/50-server.cnf is uptodate
2022/06/01 10:40:03 [16049] total: matches=0  hash_hits=0  false_alarms=0 data=0
2022/06/01 10:40:03 [16049] sent 517 bytes  received 633 bytes  2.30K bytes/sec
2022/06/01 10:40:03 [16049] total size is 9.18K  speedup is 7.98
2022/06/01 10:40:04 [16051] building file list
2022/06/01 10:40:04 [16051] (new) backup_dir is /home/groupb/backup/db/backup-01-06-2022-10-40-01
2022/06/01 10:40:04 [16051] delta-transmission enabled
2022/06/01 10:40:04 [16051] puppet/auth.conf is uptodate
2022/06/01 10:40:04 [16051] puppet/hiera.yaml is uptodate
2022/06/01 10:40:04 [16051] puppet/puppet.conf is uptodate
2022/06/01 10:40:04 [16051] puppet/code/.gitinclude is uptodate
2022/06/01 10:40:04 [16051] total: matches=0  hash_hits=0  false_alarms=0 data=0
2022/06/01 10:40:04 [16051] sent 227 bytes  received 283 bytes  340.00 bytes/sec
2022/06/01 10:40:04 [16051] total size is 5.71K  speedup is 11.19
2022/06/01 10:40:04 [16053] building file list
2022/06/01 10:40:04 [16053] (new) backup_dir is /home/groupb/backup/db/backup-01-06-2022-10-40-01
2022/06/01 10:40:04 [16053] delta-transmission enabled
2022/06/01 10:40:04 [16053] <f..t...... mysql-backup/sqlbackup.sql
2022/06/01 10:40:04 [16053] backed up mysql-backup/sqlbackup.sql to /home/groupb/backup/db/backup-01-06-2022-10-40-01/mysql-backup/sqlbackup.sql
2022/06/01 10:40:04 [16053] total: matches=864  hash_hits=864  false_alarms=0 data=134
2022/06/01 10:40:04 [16053] sent 3.76K bytes  received 5.46K bytes  18.44K bytes/sec
2022/06/01 10:40:04 [16053] total size is 739.72K  speedup is 80.24
2022/06/01 14:40:02 [20036] building file list
2022/06/01 14:40:02 [20036] (new) backup_dir is /home/groupb/backup/db/backup-01-06-2022-14-40-02
2022/06/01 14:40:02 [20036] delta-transmission enabled
2022/06/01 14:40:02 [20036] node-exporter/LICENSE is uptodate
2022/06/01 14:40:02 [20036] node-exporter/NOTICE is uptodate
2022/06/01 14:40:02 [20036] node-exporter/node_exporter is uptodate
2022/06/01 14:40:02 [20036] total: matches=0  hash_hits=0  false_alarms=0 data=0
2022/06/01 14:40:02 [20036] sent 170 bytes  received 253 bytes  846.00 bytes/sec
2022/06/01 14:40:02 [20036] total size is 18.24M  speedup is 43,122.33
2022/06/01 14:40:03 [20038] building file list
2022/06/01 14:40:03 [20038] (new) backup_dir is /home/groupb/backup/db/backup-01-06-2022-14-40-02
2022/06/01 14:40:03 [20038] delta-transmission enabled
2022/06/01 14:40:03 [20038] nagios/nagios_service.cfg is uptodate
2022/06/01 14:40:03 [20038] nagios/nrpe.cfg is uptodate
2022/06/01 14:40:03 [20038] nagios/nrpe_local.cfg is uptodate
2022/06/01 14:40:03 [20038] total: matches=0  hash_hits=0  false_alarms=0 data=0
2022/06/01 14:40:03 [20038] sent 212 bytes  received 250 bytes  308.00 bytes/sec
2022/06/01 14:40:03 [20038] total size is 13.55K  speedup is 29.34
2022/06/01 14:40:03 [20040] building file list
2022/06/01 14:40:03 [20040] (new) backup_dir is /home/groupb/backup/db/backup-01-06-2022-14-40-02
2022/06/01 14:40:03 [20040] delta-transmission enabled
2022/06/01 14:40:03 [20040] nagios-plugins/config/apt.cfg is uptodate
2022/06/01 14:40:03 [20040] nagios-plugins/config/check_nrpe.cfg is uptodate
2022/06/01 14:40:03 [20040] nagios-plugins/config/check_service.sh is uptodate
2022/06/01 14:40:03 [20040] nagios-plugins/config/dhcp.cfg is uptodate
2022/06/01 14:40:03 [20040] nagios-plugins/config/disk.cfg is uptodate
2022/06/01 14:40:03 [20040] nagios-plugins/config/dummy.cfg is uptodate
2022/06/01 14:40:03 [20040] nagios-plugins/config/ftp.cfg is uptodate
2022/06/01 14:40:03 [20040] nagios-plugins/config/http.cfg is uptodate
2022/06/01 14:40:03 [20040] nagios-plugins/config/load.cfg is uptodate
2022/06/01 14:40:03 [20040] nagios-plugins/config/mail.cfg is uptodate
2022/06/01 14:40:03 [20040] nagios-plugins/config/news.cfg is uptodate
2022/06/01 14:40:03 [20040] nagios-plugins/config/ntp.cfg is uptodate
2022/06/01 14:40:03 [20040] nagios-plugins/config/ping.cfg is uptodate
2022/06/01 14:40:03 [20040] nagios-plugins/config/procs.cfg is uptodate
2022/06/01 14:40:03 [20040] nagios-plugins/config/real.cfg is uptodate
2022/06/01 14:40:03 [20040] nagios-plugins/config/ssh.cfg is uptodate
2022/06/01 14:40:03 [20040] nagios-plugins/config/tcp_udp.cfg is uptodate
2022/06/01 14:40:03 [20040] nagios-plugins/config/telnet.cfg is uptodate
2022/06/01 14:40:03 [20040] nagios-plugins/config/users.cfg is uptodate
2022/06/01 14:40:03 [20040] total: matches=0  hash_hits=0  false_alarms=0 data=0
2022/06/01 14:40:03 [20040] sent 541 bytes  received 1.10K bytes  3.28K bytes/sec
2022/06/01 14:40:03 [20040] total size is 25.90K  speedup is 15.81
2022/06/01 14:40:04 [20042] building file list
2022/06/01 14:40:04 [20042] (new) backup_dir is /home/groupb/backup/db/backup-01-06-2022-14-40-02
2022/06/01 14:40:04 [20042] delta-transmission enabled
2022/06/01 14:40:04 [20042] mysql/debian-start is uptodate
2022/06/01 14:40:04 [20042] mysql/debian.cnf is uptodate
2022/06/01 14:40:04 [20042] mysql/mariadb.cnf is uptodate
2022/06/01 14:40:04 [20042] mysql/my.cnf is uptodate
2022/06/01 14:40:04 [20042] mysql/my.cnf.fallback is uptodate
2022/06/01 14:40:04 [20042] mysql/conf.d/mysql.cnf is uptodate
2022/06/01 14:40:04 [20042] mysql/conf.d/mysqldump.cnf is uptodate
2022/06/01 14:40:04 [20042] mysql/mariadb.conf.d/50-client.cnf is uptodate
2022/06/01 14:40:04 [20042] mysql/mariadb.conf.d/50-mysql-clients.cnf is uptodate
2022/06/01 14:40:04 [20042] mysql/mariadb.conf.d/50-mysqld_safe.cnf is uptodate
2022/06/01 14:40:04 [20042] mysql/mariadb.conf.d/50-server.cnf is uptodate
2022/06/01 14:40:04 [20042] total: matches=0  hash_hits=0  false_alarms=0 data=0
2022/06/01 14:40:04 [20042] sent 513 bytes  received 633 bytes  764.00 bytes/sec
2022/06/01 14:40:04 [20042] total size is 9.18K  speedup is 8.01
2022/06/01 14:40:04 [20044] building file list
2022/06/01 14:40:04 [20044] (new) backup_dir is /home/groupb/backup/db/backup-01-06-2022-14-40-02
2022/06/01 14:40:04 [20044] delta-transmission enabled
2022/06/01 14:40:04 [20044] puppet/auth.conf is uptodate
2022/06/01 14:40:04 [20044] puppet/hiera.yaml is uptodate
2022/06/01 14:40:04 [20044] puppet/puppet.conf is uptodate
2022/06/01 14:40:04 [20044] puppet/code/.gitinclude is uptodate
2022/06/01 14:40:04 [20044] total: matches=0  hash_hits=0  false_alarms=0 data=0
2022/06/01 14:40:04 [20044] sent 231 bytes  received 283 bytes  1.03K bytes/sec
2022/06/01 14:40:04 [20044] total size is 5.71K  speedup is 11.11
2022/06/01 14:40:05 [20046] building file list
2022/06/01 14:40:05 [20046] (new) backup_dir is /home/groupb/backup/db/backup-01-06-2022-14-40-02
2022/06/01 14:40:05 [20046] delta-transmission enabled
2022/06/01 14:40:05 [20046] <f..t...... mysql-backup/sqlbackup.sql
2022/06/01 14:40:05 [20046] backed up mysql-backup/sqlbackup.sql to /home/groupb/backup/db/backup-01-06-2022-14-40-02/mysql-backup/sqlbackup.sql
2022/06/01 14:40:05 [20046] total: matches=864  hash_hits=864  false_alarms=0 data=134
2022/06/01 14:40:05 [20046] sent 3.76K bytes  received 5.46K bytes  6.14K bytes/sec
2022/06/01 14:40:05 [20046] total size is 739.72K  speedup is 80.25
2022/06/01 18:40:02 [23906] building file list
2022/06/01 18:40:02 [23906] (new) backup_dir is /home/groupb/backup/db/backup-01-06-2022-18-40-01
2022/06/01 18:40:02 [23906] delta-transmission enabled
2022/06/01 18:40:02 [23906] node-exporter/LICENSE is uptodate
2022/06/01 18:40:02 [23906] node-exporter/NOTICE is uptodate
2022/06/01 18:40:02 [23906] node-exporter/node_exporter is uptodate
2022/06/01 18:40:02 [23906] total: matches=0  hash_hits=0  false_alarms=0 data=0
2022/06/01 18:40:02 [23906] sent 170 bytes  received 253 bytes  282.00 bytes/sec
2022/06/01 18:40:02 [23906] total size is 18.24M  speedup is 43,122.33
2022/06/01 18:40:02 [23908] building file list
2022/06/01 18:40:02 [23908] (new) backup_dir is /home/groupb/backup/db/backup-01-06-2022-18-40-01
2022/06/01 18:40:02 [23908] delta-transmission enabled
2022/06/01 18:40:02 [23908] nagios/nagios_service.cfg is uptodate
2022/06/01 18:40:02 [23908] nagios/nrpe.cfg is uptodate
2022/06/01 18:40:02 [23908] nagios/nrpe_local.cfg is uptodate
2022/06/01 18:40:02 [23908] total: matches=0  hash_hits=0  false_alarms=0 data=0
2022/06/01 18:40:02 [23908] sent 212 bytes  received 250 bytes  924.00 bytes/sec
2022/06/01 18:40:02 [23908] total size is 13.55K  speedup is 29.34
2022/06/01 18:40:03 [23910] building file list
2022/06/01 18:40:03 [23910] (new) backup_dir is /home/groupb/backup/db/backup-01-06-2022-18-40-01
2022/06/01 18:40:03 [23910] delta-transmission enabled
2022/06/01 18:40:03 [23910] nagios-plugins/config/apt.cfg is uptodate
2022/06/01 18:40:03 [23910] nagios-plugins/config/check_nrpe.cfg is uptodate
2022/06/01 18:40:03 [23910] nagios-plugins/config/check_service.sh is uptodate
2022/06/01 18:40:03 [23910] nagios-plugins/config/dhcp.cfg is uptodate
2022/06/01 18:40:03 [23910] nagios-plugins/config/disk.cfg is uptodate
2022/06/01 18:40:03 [23910] nagios-plugins/config/dummy.cfg is uptodate
2022/06/01 18:40:03 [23910] nagios-plugins/config/ftp.cfg is uptodate
2022/06/01 18:40:03 [23910] nagios-plugins/config/http.cfg is uptodate
2022/06/01 18:40:03 [23910] nagios-plugins/config/load.cfg is uptodate
2022/06/01 18:40:03 [23910] nagios-plugins/config/mail.cfg is uptodate
2022/06/01 18:40:03 [23910] nagios-plugins/config/news.cfg is uptodate
2022/06/01 18:40:03 [23910] nagios-plugins/config/ntp.cfg is uptodate
2022/06/01 18:40:03 [23910] nagios-plugins/config/ping.cfg is uptodate
2022/06/01 18:40:03 [23910] nagios-plugins/config/procs.cfg is uptodate
2022/06/01 18:40:03 [23910] nagios-plugins/config/real.cfg is uptodate
2022/06/01 18:40:03 [23910] nagios-plugins/config/ssh.cfg is uptodate
2022/06/01 18:40:03 [23910] nagios-plugins/config/tcp_udp.cfg is uptodate
2022/06/01 18:40:03 [23910] nagios-plugins/config/telnet.cfg is uptodate
2022/06/01 18:40:03 [23910] nagios-plugins/config/users.cfg is uptodate
2022/06/01 18:40:03 [23910] total: matches=0  hash_hits=0  false_alarms=0 data=0
2022/06/01 18:40:03 [23910] sent 541 bytes  received 1.10K bytes  1.09K bytes/sec
2022/06/01 18:40:03 [23910] total size is 25.90K  speedup is 15.81
2022/06/01 18:40:03 [23912] building file list
2022/06/01 18:40:03 [23912] (new) backup_dir is /home/groupb/backup/db/backup-01-06-2022-18-40-01
2022/06/01 18:40:03 [23912] delta-transmission enabled
2022/06/01 18:40:03 [23912] mysql/debian-start is uptodate
2022/06/01 18:40:03 [23912] mysql/debian.cnf is uptodate
2022/06/01 18:40:03 [23912] mysql/mariadb.cnf is uptodate
2022/06/01 18:40:03 [23912] mysql/my.cnf is uptodate
2022/06/01 18:40:03 [23912] mysql/my.cnf.fallback is uptodate
2022/06/01 18:40:03 [23912] mysql/conf.d/mysql.cnf is uptodate
2022/06/01 18:40:03 [23912] mysql/conf.d/mysqldump.cnf is uptodate
2022/06/01 18:40:03 [23912] mysql/mariadb.conf.d/50-client.cnf is uptodate
2022/06/01 18:40:03 [23912] mysql/mariadb.conf.d/50-mysql-clients.cnf is uptodate
2022/06/01 18:40:03 [23912] mysql/mariadb.conf.d/50-mysqld_safe.cnf is uptodate
2022/06/01 18:40:03 [23912] mysql/mariadb.conf.d/50-server.cnf is uptodate
2022/06/01 18:40:03 [23912] total: matches=0  hash_hits=0  false_alarms=0 data=0
2022/06/01 18:40:03 [23912] sent 513 bytes  received 633 bytes  2.29K bytes/sec
2022/06/01 18:40:03 [23912] total size is 9.18K  speedup is 8.01
2022/06/01 18:40:04 [23914] building file list
2022/06/01 18:40:04 [23914] (new) backup_dir is /home/groupb/backup/db/backup-01-06-2022-18-40-01
2022/06/01 18:40:04 [23914] delta-transmission enabled
2022/06/01 18:40:04 [23914] puppet/auth.conf is uptodate
2022/06/01 18:40:04 [23914] puppet/hiera.yaml is uptodate
2022/06/01 18:40:04 [23914] puppet/puppet.conf is uptodate
2022/06/01 18:40:04 [23914] puppet/code/.gitinclude is uptodate
2022/06/01 18:40:04 [23914] total: matches=0  hash_hits=0  false_alarms=0 data=0
2022/06/01 18:40:04 [23914] sent 227 bytes  received 283 bytes  340.00 bytes/sec
2022/06/01 18:40:04 [23914] total size is 5.71K  speedup is 11.19
2022/06/01 18:40:04 [23916] building file list
2022/06/01 18:40:04 [23916] (new) backup_dir is /home/groupb/backup/db/backup-01-06-2022-18-40-01
2022/06/01 18:40:04 [23916] delta-transmission enabled
2022/06/01 18:40:04 [23916] <f..t...... mysql-backup/sqlbackup.sql
2022/06/01 18:40:04 [23916] backed up mysql-backup/sqlbackup.sql to /home/groupb/backup/db/backup-01-06-2022-18-40-01/mysql-backup/sqlbackup.sql
2022/06/01 18:40:04 [23916] total: matches=864  hash_hits=864  false_alarms=0 data=134
2022/06/01 18:40:04 [23916] sent 3.76K bytes  received 5.46K bytes  18.44K bytes/sec
2022/06/01 18:40:04 [23916] total size is 739.72K  speedup is 80.24
2022/06/01 22:40:02 [28107] building file list
2022/06/01 22:40:02 [28107] (new) backup_dir is /home/groupb/backup/db/backup-01-06-2022-22-40-01
2022/06/01 22:40:02 [28107] delta-transmission enabled
2022/06/01 22:40:02 [28107] node-exporter/LICENSE is uptodate
2022/06/01 22:40:02 [28107] node-exporter/NOTICE is uptodate
2022/06/01 22:40:02 [28107] node-exporter/node_exporter is uptodate
2022/06/01 22:40:02 [28107] total: matches=0  hash_hits=0  false_alarms=0 data=0
2022/06/01 22:40:02 [28107] sent 170 bytes  received 253 bytes  282.00 bytes/sec
2022/06/01 22:40:02 [28107] total size is 18.24M  speedup is 43,122.33
2022/06/01 22:40:02 [28109] building file list
2022/06/01 22:40:02 [28109] (new) backup_dir is /home/groupb/backup/db/backup-01-06-2022-22-40-01
2022/06/01 22:40:02 [28109] delta-transmission enabled
2022/06/01 22:40:02 [28109] nagios/nagios_service.cfg is uptodate
2022/06/01 22:40:02 [28109] nagios/nrpe.cfg is uptodate
2022/06/01 22:40:02 [28109] nagios/nrpe_local.cfg is uptodate
2022/06/01 22:40:02 [28109] total: matches=0  hash_hits=0  false_alarms=0 data=0
2022/06/01 22:40:02 [28109] sent 212 bytes  received 250 bytes  924.00 bytes/sec
2022/06/01 22:40:02 [28109] total size is 13.55K  speedup is 29.34
2022/06/01 22:40:03 [28111] building file list
2022/06/01 22:40:03 [28111] (new) backup_dir is /home/groupb/backup/db/backup-01-06-2022-22-40-01
2022/06/01 22:40:03 [28111] delta-transmission enabled
2022/06/01 22:40:03 [28111] nagios-plugins/config/apt.cfg is uptodate
2022/06/01 22:40:03 [28111] nagios-plugins/config/check_nrpe.cfg is uptodate
2022/06/01 22:40:03 [28111] nagios-plugins/config/check_service.sh is uptodate
2022/06/01 22:40:03 [28111] nagios-plugins/config/dhcp.cfg is uptodate
2022/06/01 22:40:03 [28111] nagios-plugins/config/disk.cfg is uptodate
2022/06/01 22:40:03 [28111] nagios-plugins/config/dummy.cfg is uptodate
2022/06/01 22:40:03 [28111] nagios-plugins/config/ftp.cfg is uptodate
2022/06/01 22:40:03 [28111] nagios-plugins/config/http.cfg is uptodate
2022/06/01 22:40:03 [28111] nagios-plugins/config/load.cfg is uptodate
2022/06/01 22:40:03 [28111] nagios-plugins/config/mail.cfg is uptodate
2022/06/01 22:40:03 [28111] nagios-plugins/config/news.cfg is uptodate
2022/06/01 22:40:03 [28111] nagios-plugins/config/ntp.cfg is uptodate
2022/06/01 22:40:03 [28111] nagios-plugins/config/ping.cfg is uptodate
2022/06/01 22:40:03 [28111] nagios-plugins/config/procs.cfg is uptodate
2022/06/01 22:40:03 [28111] nagios-plugins/config/real.cfg is uptodate
2022/06/01 22:40:03 [28111] nagios-plugins/config/ssh.cfg is uptodate
2022/06/01 22:40:03 [28111] nagios-plugins/config/tcp_udp.cfg is uptodate
2022/06/01 22:40:03 [28111] nagios-plugins/config/telnet.cfg is uptodate
2022/06/01 22:40:03 [28111] nagios-plugins/config/users.cfg is uptodate
2022/06/01 22:40:03 [28111] total: matches=0  hash_hits=0  false_alarms=0 data=0
2022/06/01 22:40:03 [28111] sent 541 bytes  received 1.10K bytes  1.09K bytes/sec
2022/06/01 22:40:03 [28111] total size is 25.90K  speedup is 15.81
2022/06/01 22:40:03 [28113] building file list
2022/06/01 22:40:03 [28113] (new) backup_dir is /home/groupb/backup/db/backup-01-06-2022-22-40-01
2022/06/01 22:40:03 [28113] delta-transmission enabled
2022/06/01 22:40:03 [28113] mysql/debian-start is uptodate
2022/06/01 22:40:03 [28113] mysql/debian.cnf is uptodate
2022/06/01 22:40:03 [28113] mysql/mariadb.cnf is uptodate
2022/06/01 22:40:03 [28113] mysql/my.cnf is uptodate
2022/06/01 22:40:03 [28113] mysql/my.cnf.fallback is uptodate
2022/06/01 22:40:03 [28113] mysql/conf.d/mysql.cnf is uptodate
2022/06/01 22:40:03 [28113] mysql/conf.d/mysqldump.cnf is uptodate
2022/06/01 22:40:03 [28113] mysql/mariadb.conf.d/50-client.cnf is uptodate
2022/06/01 22:40:03 [28113] mysql/mariadb.conf.d/50-mysql-clients.cnf is uptodate
2022/06/01 22:40:03 [28113] mysql/mariadb.conf.d/50-mysqld_safe.cnf is uptodate
2022/06/01 22:40:03 [28113] mysql/mariadb.conf.d/50-server.cnf is uptodate
2022/06/01 22:40:03 [28113] total: matches=0  hash_hits=0  false_alarms=0 data=0
2022/06/01 22:40:03 [28113] sent 513 bytes  received 633 bytes  2.29K bytes/sec
2022/06/01 22:40:03 [28113] total size is 9.18K  speedup is 8.01
2022/06/01 22:40:04 [28115] building file list
2022/06/01 22:40:04 [28115] (new) backup_dir is /home/groupb/backup/db/backup-01-06-2022-22-40-01
2022/06/01 22:40:04 [28115] delta-transmission enabled
2022/06/01 22:40:04 [28115] puppet/auth.conf is uptodate
2022/06/01 22:40:04 [28115] puppet/hiera.yaml is uptodate
2022/06/01 22:40:04 [28115] puppet/puppet.conf is uptodate
2022/06/01 22:40:04 [28115] puppet/code/.gitinclude is uptodate
2022/06/01 22:40:04 [28115] total: matches=0  hash_hits=0  false_alarms=0 data=0
2022/06/01 22:40:04 [28115] sent 231 bytes  received 283 bytes  342.67 bytes/sec
2022/06/01 22:40:04 [28115] total size is 5.71K  speedup is 11.11
2022/06/01 22:40:04 [28117] building file list
2022/06/01 22:40:04 [28117] (new) backup_dir is /home/groupb/backup/db/backup-01-06-2022-22-40-01
2022/06/01 22:40:04 [28117] delta-transmission enabled
2022/06/01 22:40:04 [28117] <f..t...... mysql-backup/sqlbackup.sql
2022/06/01 22:40:04 [28117] backed up mysql-backup/sqlbackup.sql to /home/groupb/backup/db/backup-01-06-2022-22-40-01/mysql-backup/sqlbackup.sql
2022/06/01 22:40:04 [28117] total: matches=864  hash_hits=864  false_alarms=0 data=134
2022/06/01 22:40:04 [28117] sent 3.76K bytes  received 5.46K bytes  18.44K bytes/sec
2022/06/01 22:40:04 [28117] total size is 739.72K  speedup is 80.24
2022/06/02 02:40:02 [32169] building file list
2022/06/02 02:40:02 [32169] (new) backup_dir is /home/groupb/backup/db/backup-02-06-2022-02-40-02
2022/06/02 02:40:02 [32169] delta-transmission enabled
2022/06/02 02:40:02 [32169] node-exporter/LICENSE is uptodate
2022/06/02 02:40:02 [32169] node-exporter/NOTICE is uptodate
2022/06/02 02:40:02 [32169] node-exporter/node_exporter is uptodate
2022/06/02 02:40:02 [32169] total: matches=0  hash_hits=0  false_alarms=0 data=0
2022/06/02 02:40:02 [32169] sent 170 bytes  received 253 bytes  846.00 bytes/sec
2022/06/02 02:40:02 [32169] total size is 18.24M  speedup is 43,122.33
2022/06/02 02:40:03 [32171] building file list
2022/06/02 02:40:03 [32171] (new) backup_dir is /home/groupb/backup/db/backup-02-06-2022-02-40-02
2022/06/02 02:40:03 [32171] delta-transmission enabled
2022/06/02 02:40:03 [32171] nagios/nagios_service.cfg is uptodate
2022/06/02 02:40:03 [32171] nagios/nrpe.cfg is uptodate
2022/06/02 02:40:03 [32171] nagios/nrpe_local.cfg is uptodate
2022/06/02 02:40:03 [32171] total: matches=0  hash_hits=0  false_alarms=0 data=0
2022/06/02 02:40:03 [32171] sent 212 bytes  received 250 bytes  308.00 bytes/sec
2022/06/02 02:40:03 [32171] total size is 13.55K  speedup is 29.34
2022/06/02 02:40:03 [32173] building file list
2022/06/02 02:40:03 [32173] (new) backup_dir is /home/groupb/backup/db/backup-02-06-2022-02-40-02
2022/06/02 02:40:03 [32173] delta-transmission enabled
2022/06/02 02:40:03 [32173] nagios-plugins/config/apt.cfg is uptodate
2022/06/02 02:40:03 [32173] nagios-plugins/config/check_nrpe.cfg is uptodate
2022/06/02 02:40:03 [32173] nagios-plugins/config/check_service.sh is uptodate
2022/06/02 02:40:03 [32173] nagios-plugins/config/dhcp.cfg is uptodate
2022/06/02 02:40:03 [32173] nagios-plugins/config/disk.cfg is uptodate
2022/06/02 02:40:03 [32173] nagios-plugins/config/dummy.cfg is uptodate
2022/06/02 02:40:03 [32173] nagios-plugins/config/ftp.cfg is uptodate
2022/06/02 02:40:03 [32173] nagios-plugins/config/http.cfg is uptodate
2022/06/02 02:40:03 [32173] nagios-plugins/config/load.cfg is uptodate
2022/06/02 02:40:03 [32173] nagios-plugins/config/mail.cfg is uptodate
2022/06/02 02:40:03 [32173] nagios-plugins/config/news.cfg is uptodate
2022/06/02 02:40:03 [32173] nagios-plugins/config/ntp.cfg is uptodate
2022/06/02 02:40:03 [32173] nagios-plugins/config/ping.cfg is uptodate
2022/06/02 02:40:03 [32173] nagios-plugins/config/procs.cfg is uptodate
2022/06/02 02:40:03 [32173] nagios-plugins/config/real.cfg is uptodate
2022/06/02 02:40:03 [32173] nagios-plugins/config/ssh.cfg is uptodate
2022/06/02 02:40:03 [32173] nagios-plugins/config/tcp_udp.cfg is uptodate
2022/06/02 02:40:03 [32173] nagios-plugins/config/telnet.cfg is uptodate
2022/06/02 02:40:03 [32173] nagios-plugins/config/users.cfg is uptodate
2022/06/02 02:40:03 [32173] total: matches=0  hash_hits=0  false_alarms=0 data=0
2022/06/02 02:40:03 [32173] sent 541 bytes  received 1.10K bytes  3.28K bytes/sec
2022/06/02 02:40:03 [32173] total size is 25.90K  speedup is 15.81
2022/06/02 02:40:04 [32175] building file list
2022/06/02 02:40:04 [32175] (new) backup_dir is /home/groupb/backup/db/backup-02-06-2022-02-40-02
2022/06/02 02:40:04 [32175] delta-transmission enabled
2022/06/02 02:40:04 [32175] mysql/debian-start is uptodate
2022/06/02 02:40:04 [32175] mysql/debian.cnf is uptodate
2022/06/02 02:40:04 [32175] mysql/mariadb.cnf is uptodate
2022/06/02 02:40:04 [32175] mysql/my.cnf is uptodate
2022/06/02 02:40:04 [32175] mysql/my.cnf.fallback is uptodate
2022/06/02 02:40:04 [32175] mysql/conf.d/mysql.cnf is uptodate
2022/06/02 02:40:04 [32175] mysql/conf.d/mysqldump.cnf is uptodate
2022/06/02 02:40:04 [32175] mysql/mariadb.conf.d/50-client.cnf is uptodate
2022/06/02 02:40:04 [32175] mysql/mariadb.conf.d/50-mysql-clients.cnf is uptodate
2022/06/02 02:40:04 [32175] mysql/mariadb.conf.d/50-mysqld_safe.cnf is uptodate
2022/06/02 02:40:04 [32175] mysql/mariadb.conf.d/50-server.cnf is uptodate
2022/06/02 02:40:04 [32175] total: matches=0  hash_hits=0  false_alarms=0 data=0
2022/06/02 02:40:04 [32175] sent 517 bytes  received 633 bytes  766.67 bytes/sec
2022/06/02 02:40:04 [32175] total size is 9.18K  speedup is 7.98
2022/06/02 02:40:05 [32177] building file list
2022/06/02 02:40:05 [32177] (new) backup_dir is /home/groupb/backup/db/backup-02-06-2022-02-40-02
2022/06/02 02:40:05 [32177] delta-transmission enabled
2022/06/02 02:40:05 [32177] puppet/auth.conf is uptodate
2022/06/02 02:40:05 [32177] puppet/hiera.yaml is uptodate
2022/06/02 02:40:05 [32177] puppet/puppet.conf is uptodate
2022/06/02 02:40:05 [32177] puppet/code/.gitinclude is uptodate
2022/06/02 02:40:05 [32177] total: matches=0  hash_hits=0  false_alarms=0 data=0
2022/06/02 02:40:05 [32177] sent 231 bytes  received 283 bytes  342.67 bytes/sec
2022/06/02 02:40:05 [32177] total size is 5.71K  speedup is 11.11
2022/06/02 02:40:05 [32179] building file list
2022/06/02 02:40:05 [32179] (new) backup_dir is /home/groupb/backup/db/backup-02-06-2022-02-40-02
2022/06/02 02:40:05 [32179] delta-transmission enabled
2022/06/02 02:40:05 [32179] <f.st...... mysql-backup/sqlbackup.sql
2022/06/02 02:40:05 [32179] backed up mysql-backup/sqlbackup.sql to /home/groupb/backup/db/backup-02-06-2022-02-40-02/mysql-backup/sqlbackup.sql
2022/06/02 02:40:05 [32179] total: matches=853  hash_hits=997  false_alarms=0 data=10083
2022/06/02 02:40:05 [32179] sent 13.69K bytes  received 5.46K bytes  38.29K bytes/sec
2022/06/02 02:40:05 [32179] total size is 740.25K  speedup is 38.66
2022/06/02 06:40:02 [4095] building file list
2022/06/02 06:40:02 [4095] (new) backup_dir is /home/groupb/backup/db/backup-02-06-2022-06-40-02
2022/06/02 06:40:02 [4095] delta-transmission enabled
2022/06/02 06:40:02 [4095] node-exporter/LICENSE is uptodate
2022/06/02 06:40:02 [4095] node-exporter/NOTICE is uptodate
2022/06/02 06:40:02 [4095] node-exporter/node_exporter is uptodate
2022/06/02 06:40:02 [4095] total: matches=0  hash_hits=0  false_alarms=0 data=0
2022/06/02 06:40:02 [4095] sent 170 bytes  received 253 bytes  846.00 bytes/sec
2022/06/02 06:40:02 [4095] total size is 18.24M  speedup is 43,122.33
2022/06/02 06:40:03 [4097] building file list
2022/06/02 06:40:03 [4097] (new) backup_dir is /home/groupb/backup/db/backup-02-06-2022-06-40-02
2022/06/02 06:40:03 [4097] delta-transmission enabled
2022/06/02 06:40:03 [4097] nagios/nagios_service.cfg is uptodate
2022/06/02 06:40:03 [4097] nagios/nrpe.cfg is uptodate
2022/06/02 06:40:03 [4097] nagios/nrpe_local.cfg is uptodate
2022/06/02 06:40:03 [4097] total: matches=0  hash_hits=0  false_alarms=0 data=0
2022/06/02 06:40:03 [4097] sent 212 bytes  received 250 bytes  308.00 bytes/sec
2022/06/02 06:40:03 [4097] total size is 13.55K  speedup is 29.34
2022/06/02 06:40:03 [4099] building file list
2022/06/02 06:40:03 [4099] (new) backup_dir is /home/groupb/backup/db/backup-02-06-2022-06-40-02
2022/06/02 06:40:03 [4099] delta-transmission enabled
2022/06/02 06:40:03 [4099] nagios-plugins/config/apt.cfg is uptodate
2022/06/02 06:40:03 [4099] nagios-plugins/config/check_nrpe.cfg is uptodate
2022/06/02 06:40:03 [4099] nagios-plugins/config/check_service.sh is uptodate
2022/06/02 06:40:03 [4099] nagios-plugins/config/dhcp.cfg is uptodate
2022/06/02 06:40:03 [4099] nagios-plugins/config/disk.cfg is uptodate
2022/06/02 06:40:03 [4099] nagios-plugins/config/dummy.cfg is uptodate
2022/06/02 06:40:03 [4099] nagios-plugins/config/ftp.cfg is uptodate
2022/06/02 06:40:03 [4099] nagios-plugins/config/http.cfg is uptodate
2022/06/02 06:40:03 [4099] nagios-plugins/config/load.cfg is uptodate
2022/06/02 06:40:03 [4099] nagios-plugins/config/mail.cfg is uptodate
2022/06/02 06:40:03 [4099] nagios-plugins/config/news.cfg is uptodate
2022/06/02 06:40:03 [4099] nagios-plugins/config/ntp.cfg is uptodate
2022/06/02 06:40:03 [4099] nagios-plugins/config/ping.cfg is uptodate
2022/06/02 06:40:03 [4099] nagios-plugins/config/procs.cfg is uptodate
2022/06/02 06:40:03 [4099] nagios-plugins/config/real.cfg is uptodate
2022/06/02 06:40:03 [4099] nagios-plugins/config/ssh.cfg is uptodate
2022/06/02 06:40:03 [4099] nagios-plugins/config/tcp_udp.cfg is uptodate
2022/06/02 06:40:03 [4099] nagios-plugins/config/telnet.cfg is uptodate
2022/06/02 06:40:03 [4099] nagios-plugins/config/users.cfg is uptodate
2022/06/02 06:40:03 [4099] total: matches=0  hash_hits=0  false_alarms=0 data=0
2022/06/02 06:40:03 [4099] sent 541 bytes  received 1.10K bytes  3.28K bytes/sec
2022/06/02 06:40:03 [4099] total size is 25.90K  speedup is 15.81
2022/06/02 06:40:04 [4101] building file list
2022/06/02 06:40:04 [4101] (new) backup_dir is /home/groupb/backup/db/backup-02-06-2022-06-40-02
2022/06/02 06:40:04 [4101] delta-transmission enabled
2022/06/02 06:40:04 [4101] mysql/debian-start is uptodate
2022/06/02 06:40:04 [4101] mysql/debian.cnf is uptodate
2022/06/02 06:40:04 [4101] mysql/mariadb.cnf is uptodate
2022/06/02 06:40:04 [4101] mysql/my.cnf is uptodate
2022/06/02 06:40:04 [4101] mysql/my.cnf.fallback is uptodate
2022/06/02 06:40:04 [4101] mysql/conf.d/mysql.cnf is uptodate
2022/06/02 06:40:04 [4101] mysql/conf.d/mysqldump.cnf is uptodate
2022/06/02 06:40:04 [4101] mysql/mariadb.conf.d/50-client.cnf is uptodate
2022/06/02 06:40:04 [4101] mysql/mariadb.conf.d/50-mysql-clients.cnf is uptodate
2022/06/02 06:40:04 [4101] mysql/mariadb.conf.d/50-mysqld_safe.cnf is uptodate
2022/06/02 06:40:04 [4101] mysql/mariadb.conf.d/50-server.cnf is uptodate
2022/06/02 06:40:04 [4101] total: matches=0  hash_hits=0  false_alarms=0 data=0
2022/06/02 06:40:04 [4101] sent 517 bytes  received 633 bytes  766.67 bytes/sec
2022/06/02 06:40:04 [4101] total size is 9.18K  speedup is 7.98
2022/06/02 06:40:04 [4103] building file list
2022/06/02 06:40:04 [4103] (new) backup_dir is /home/groupb/backup/db/backup-02-06-2022-06-40-02
2022/06/02 06:40:04 [4103] delta-transmission enabled
2022/06/02 06:40:04 [4103] puppet/auth.conf is uptodate
2022/06/02 06:40:04 [4103] puppet/hiera.yaml is uptodate
2022/06/02 06:40:04 [4103] puppet/puppet.conf is uptodate
2022/06/02 06:40:04 [4103] puppet/code/.gitinclude is uptodate
2022/06/02 06:40:04 [4103] total: matches=0  hash_hits=0  false_alarms=0 data=0
2022/06/02 06:40:04 [4103] sent 231 bytes  received 283 bytes  1.03K bytes/sec
2022/06/02 06:40:04 [4103] total size is 5.71K  speedup is 11.11
2022/06/02 06:40:05 [4105] building file list
2022/06/02 06:40:05 [4105] (new) backup_dir is /home/groupb/backup/db/backup-02-06-2022-06-40-02
2022/06/02 06:40:05 [4105] delta-transmission enabled
2022/06/02 06:40:05 [4105] <f..t...... mysql-backup/sqlbackup.sql
2022/06/02 06:40:05 [4105] backed up mysql-backup/sqlbackup.sql to /home/groupb/backup/db/backup-02-06-2022-06-40-02/mysql-backup/sqlbackup.sql
2022/06/02 06:40:05 [4105] total: matches=860  hash_hits=906  false_alarms=0 data=4091
2022/06/02 06:40:05 [4105] sent 7.72K bytes  received 5.46K bytes  8.78K bytes/sec
2022/06/02 06:40:05 [4105] total size is 740.25K  speedup is 56.20
