May 24 22:40:02 db-b rsyncd[4071]: rsync: failed to open log-file /home/root/log.log: No such file or directory (2)
May 24 22:40:02 db-b rsyncd[4071]: Ignoring "log file" setting.
May 24 22:40:02 db-b rsyncd[4071]: rsync: connection unexpectedly closed (0 bytes received so far) [sender]
May 24 22:40:02 db-b rsyncd[4071]: rsync error: error in rsync protocol data stream (code 12) at io.c(235) [sender=3.1.2]
May 24 22:40:02 db-b rsyncd[4073]: rsync: failed to open log-file /home/root/log.log: No such file or directory (2)
May 24 22:40:02 db-b rsyncd[4073]: Ignoring "log file" setting.
May 24 22:40:02 db-b rsyncd[4073]: rsync: connection unexpectedly closed (0 bytes received so far) [sender]
May 24 22:40:02 db-b rsyncd[4073]: rsync error: error in rsync protocol data stream (code 12) at io.c(235) [sender=3.1.2]
May 24 22:40:02 db-b rsyncd[4075]: rsync: failed to open log-file /home/root/log.log: No such file or directory (2)
May 24 22:40:02 db-b rsyncd[4075]: Ignoring "log file" setting.
May 24 22:40:02 db-b rsyncd[4075]: rsync: connection unexpectedly closed (0 bytes received so far) [sender]
May 24 22:40:02 db-b rsyncd[4075]: rsync error: error in rsync protocol data stream (code 12) at io.c(235) [sender=3.1.2]
May 24 22:40:02 db-b rsyncd[4077]: rsync: failed to open log-file /home/root/log.log: No such file or directory (2)
May 24 22:40:02 db-b rsyncd[4077]: Ignoring "log file" setting.
May 24 22:40:02 db-b rsyncd[4077]: rsync: connection unexpectedly closed (0 bytes received so far) [sender]
May 24 22:40:02 db-b rsyncd[4077]: rsync error: error in rsync protocol data stream (code 12) at io.c(235) [sender=3.1.2]
May 24 22:40:02 db-b rsyncd[4079]: rsync: failed to open log-file /home/root/log.log: No such file or directory (2)
May 24 22:40:02 db-b rsyncd[4079]: Ignoring "log file" setting.
May 24 22:40:02 db-b rsyncd[4079]: rsync: connection unexpectedly closed (0 bytes received so far) [sender]
May 24 22:40:02 db-b rsyncd[4079]: rsync error: error in rsync protocol data stream (code 12) at io.c(235) [sender=3.1.2]
May 24 22:40:02 db-b rsyncd[4081]: rsync: failed to open log-file /home/root/log.log: No such file or directory (2)
May 24 22:40:02 db-b rsyncd[4081]: Ignoring "log file" setting.
May 24 22:40:02 db-b rsyncd[4081]: rsync: connection unexpectedly closed (0 bytes received so far) [sender]
May 24 22:40:02 db-b rsyncd[4081]: rsync error: error in rsync protocol data stream (code 12) at io.c(235) [sender=3.1.2]
May 25 00:15:03 db-b rsyncd[11384]: rsync: failed to open log-file /home/root/log.log: No such file or directory (2)
May 25 00:15:03 db-b rsyncd[11384]: Ignoring "log file" setting.
May 25 00:15:03 db-b rsyncd[11384]: rsync: connection unexpectedly closed (0 bytes received so far) [sender]
May 25 00:15:03 db-b rsyncd[11384]: rsync error: error in rsync protocol data stream (code 12) at io.c(235) [sender=3.1.2]
May 25 02:40:01 db-b rsyncd[22511]: rsync: failed to open log-file /home/root/log.log: No such file or directory (2)
May 25 02:40:01 db-b rsyncd[22511]: Ignoring "log file" setting.
May 25 02:40:01 db-b rsyncd[22511]: rsync: connection unexpectedly closed (0 bytes received so far) [sender]
May 25 02:40:01 db-b rsyncd[22511]: rsync error: error in rsync protocol data stream (code 12) at io.c(235) [sender=3.1.2]
May 25 02:40:01 db-b rsyncd[22513]: rsync: failed to open log-file /home/root/log.log: No such file or directory (2)
May 25 02:40:01 db-b rsyncd[22513]: Ignoring "log file" setting.
May 25 02:40:01 db-b rsyncd[22513]: rsync: connection unexpectedly closed (0 bytes received so far) [sender]
May 25 02:40:01 db-b rsyncd[22513]: rsync error: error in rsync protocol data stream (code 12) at io.c(235) [sender=3.1.2]
May 25 02:40:01 db-b rsyncd[22515]: rsync: failed to open log-file /home/root/log.log: No such file or directory (2)
May 25 02:40:01 db-b rsyncd[22515]: Ignoring "log file" setting.
May 25 02:40:01 db-b rsyncd[22515]: rsync: connection unexpectedly closed (0 bytes received so far) [sender]
May 25 02:40:01 db-b rsyncd[22515]: rsync error: error in rsync protocol data stream (code 12) at io.c(235) [sender=3.1.2]
May 25 02:40:01 db-b rsyncd[22517]: rsync: failed to open log-file /home/root/log.log: No such file or directory (2)
May 25 02:40:01 db-b rsyncd[22517]: Ignoring "log file" setting.
May 25 02:40:01 db-b rsyncd[22517]: rsync: connection unexpectedly closed (0 bytes received so far) [sender]
May 25 02:40:01 db-b rsyncd[22517]: rsync error: error in rsync protocol data stream (code 12) at io.c(235) [sender=3.1.2]
May 25 02:40:01 db-b rsyncd[22519]: rsync: failed to open log-file /home/root/log.log: No such file or directory (2)
May 25 02:40:01 db-b rsyncd[22519]: Ignoring "log file" setting.
May 25 02:40:01 db-b rsyncd[22519]: rsync: connection unexpectedly closed (0 bytes received so far) [sender]
May 25 02:40:01 db-b rsyncd[22519]: rsync error: error in rsync protocol data stream (code 12) at io.c(235) [sender=3.1.2]
May 25 02:40:01 db-b rsyncd[22521]: rsync: failed to open log-file /home/root/log.log: No such file or directory (2)
May 25 02:40:01 db-b rsyncd[22521]: Ignoring "log file" setting.
May 25 02:40:01 db-b rsyncd[22521]: rsync: connection unexpectedly closed (0 bytes received so far) [sender]
May 25 02:40:01 db-b rsyncd[22521]: rsync error: error in rsync protocol data stream (code 12) at io.c(235) [sender=3.1.2]
May 25 06:08:22 db-b KVP: KVP starting; pid is:6379
May 25 06:08:22 db-b KVP: KVP LIC Version: 3.1
May 25 06:40:01 db-b rsyncd[9534]: rsync: failed to open log-file /home/root/log.log: No such file or directory (2)
May 25 06:40:01 db-b rsyncd[9534]: Ignoring "log file" setting.
May 25 06:40:01 db-b rsyncd[9534]: rsync: connection unexpectedly closed (0 bytes received so far) [sender]
May 25 06:40:01 db-b rsyncd[9534]: rsync error: error in rsync protocol data stream (code 12) at io.c(235) [sender=3.1.2]
May 25 06:40:01 db-b rsyncd[9536]: rsync: failed to open log-file /home/root/log.log: No such file or directory (2)
May 25 06:40:01 db-b rsyncd[9536]: Ignoring "log file" setting.
May 25 06:40:01 db-b rsyncd[9536]: rsync: connection unexpectedly closed (0 bytes received so far) [sender]
May 25 06:40:01 db-b rsyncd[9536]: rsync error: error in rsync protocol data stream (code 12) at io.c(235) [sender=3.1.2]
May 25 06:40:01 db-b rsyncd[9538]: rsync: failed to open log-file /home/root/log.log: No such file or directory (2)
May 25 06:40:01 db-b rsyncd[9538]: Ignoring "log file" setting.
May 25 06:40:01 db-b rsyncd[9538]: rsync: connection unexpectedly closed (0 bytes received so far) [sender]
May 25 06:40:01 db-b rsyncd[9538]: rsync error: error in rsync protocol data stream (code 12) at io.c(235) [sender=3.1.2]
May 25 06:40:01 db-b rsyncd[9540]: rsync: failed to open log-file /home/root/log.log: No such file or directory (2)
May 25 06:40:01 db-b rsyncd[9540]: Ignoring "log file" setting.
May 25 06:40:01 db-b rsyncd[9540]: rsync: connection unexpectedly closed (0 bytes received so far) [sender]
May 25 06:40:01 db-b rsyncd[9540]: rsync error: error in rsync protocol data stream (code 12) at io.c(235) [sender=3.1.2]
May 25 06:40:01 db-b rsyncd[9542]: rsync: failed to open log-file /home/root/log.log: No such file or directory (2)
May 25 06:40:01 db-b rsyncd[9542]: Ignoring "log file" setting.
May 25 06:40:01 db-b rsyncd[9542]: rsync: connection unexpectedly closed (0 bytes received so far) [sender]
May 25 06:40:01 db-b rsyncd[9542]: rsync error: error in rsync protocol data stream (code 12) at io.c(235) [sender=3.1.2]
May 25 06:40:01 db-b rsyncd[9544]: rsync: failed to open log-file /home/root/log.log: No such file or directory (2)
May 25 06:40:01 db-b rsyncd[9544]: Ignoring "log file" setting.
May 25 06:40:01 db-b rsyncd[9544]: rsync: connection unexpectedly closed (0 bytes received so far) [sender]
May 25 06:40:01 db-b rsyncd[9544]: rsync error: error in rsync protocol data stream (code 12) at io.c(235) [sender=3.1.2]
May 25 07:23:06 db-b ebpf.plugin: Does not have a configuration file inside `/etc/netdata/ebpf.d.conf. It will try to load stock file.
May 25 07:23:07 db-b ebpf.plugin: Name resolution is disabled, collector will not parser "hostnames" list.
May 25 07:23:07 db-b ebpf.plugin: The network value of CIDR 127.0.0.1/8 was updated for 127.0.0.0 .
May 25 07:23:07 db-b ebpf.plugin: Cannot read process groups configuration file '/etc/netdata/apps_groups.conf'. Will try '/usr/lib/netdata/conf.d/apps_groups.conf'
May 25 10:40:01 db-b rsyncd[30528]: rsync: failed to open log-file /home/root/log.log: No such file or directory (2)
May 25 10:40:01 db-b rsyncd[30528]: Ignoring "log file" setting.
May 25 10:40:01 db-b rsyncd[30528]: rsync: connection unexpectedly closed (0 bytes received so far) [sender]
May 25 10:40:01 db-b rsyncd[30528]: rsync error: error in rsync protocol data stream (code 12) at io.c(235) [sender=3.1.2]
May 25 10:40:01 db-b rsyncd[30530]: rsync: failed to open log-file /home/root/log.log: No such file or directory (2)
May 25 10:40:01 db-b rsyncd[30530]: Ignoring "log file" setting.
May 25 10:40:01 db-b rsyncd[30530]: rsync: connection unexpectedly closed (0 bytes received so far) [sender]
May 25 10:40:01 db-b rsyncd[30530]: rsync error: error in rsync protocol data stream (code 12) at io.c(235) [sender=3.1.2]
May 25 10:40:01 db-b rsyncd[30532]: rsync: failed to open log-file /home/root/log.log: No such file or directory (2)
May 25 10:40:01 db-b rsyncd[30532]: Ignoring "log file" setting.
May 25 10:40:01 db-b rsyncd[30532]: rsync: connection unexpectedly closed (0 bytes received so far) [sender]
May 25 10:40:01 db-b rsyncd[30532]: rsync error: error in rsync protocol data stream (code 12) at io.c(235) [sender=3.1.2]
May 25 10:40:01 db-b rsyncd[30534]: rsync: failed to open log-file /home/root/log.log: No such file or directory (2)
May 25 10:40:01 db-b rsyncd[30534]: Ignoring "log file" setting.
May 25 10:40:01 db-b rsyncd[30534]: rsync: connection unexpectedly closed (0 bytes received so far) [sender]
May 25 10:40:01 db-b rsyncd[30534]: rsync error: error in rsync protocol data stream (code 12) at io.c(235) [sender=3.1.2]
May 25 10:40:01 db-b rsyncd[30536]: rsync: failed to open log-file /home/root/log.log: No such file or directory (2)
May 25 10:40:01 db-b rsyncd[30536]: Ignoring "log file" setting.
May 25 10:40:01 db-b rsyncd[30536]: rsync: connection unexpectedly closed (0 bytes received so far) [sender]
May 25 10:40:01 db-b rsyncd[30536]: rsync error: error in rsync protocol data stream (code 12) at io.c(235) [sender=3.1.2]
May 25 10:40:01 db-b rsyncd[30538]: rsync: failed to open log-file /home/root/log.log: No such file or directory (2)
May 25 10:40:01 db-b rsyncd[30538]: Ignoring "log file" setting.
May 25 10:40:01 db-b rsyncd[30538]: rsync: connection unexpectedly closed (0 bytes received so far) [sender]
May 25 10:40:01 db-b rsyncd[30538]: rsync error: error in rsync protocol data stream (code 12) at io.c(235) [sender=3.1.2]
May 25 14:40:01 db-b rsyncd[18239]: rsync: failed to open log-file /home/root/log.log: No such file or directory (2)
May 25 14:40:01 db-b rsyncd[18239]: Ignoring "log file" setting.
May 25 14:40:01 db-b rsyncd[18239]: rsync: connection unexpectedly closed (0 bytes received so far) [sender]
May 25 14:40:01 db-b rsyncd[18239]: rsync error: error in rsync protocol data stream (code 12) at io.c(235) [sender=3.1.2]
May 25 14:40:01 db-b rsyncd[18241]: rsync: failed to open log-file /home/root/log.log: No such file or directory (2)
May 25 14:40:01 db-b rsyncd[18241]: Ignoring "log file" setting.
May 25 14:40:01 db-b rsyncd[18241]: rsync: connection unexpectedly closed (0 bytes received so far) [sender]
May 25 14:40:01 db-b rsyncd[18241]: rsync error: error in rsync protocol data stream (code 12) at io.c(235) [sender=3.1.2]
May 25 14:40:01 db-b rsyncd[18243]: rsync: failed to open log-file /home/root/log.log: No such file or directory (2)
May 25 14:40:01 db-b rsyncd[18243]: Ignoring "log file" setting.
May 25 14:40:01 db-b rsyncd[18243]: rsync: connection unexpectedly closed (0 bytes received so far) [sender]
May 25 14:40:01 db-b rsyncd[18243]: rsync error: error in rsync protocol data stream (code 12) at io.c(235) [sender=3.1.2]
May 25 14:40:01 db-b rsyncd[18245]: rsync: failed to open log-file /home/root/log.log: No such file or directory (2)
May 25 14:40:01 db-b rsyncd[18245]: Ignoring "log file" setting.
May 25 14:40:01 db-b rsyncd[18245]: rsync: connection unexpectedly closed (0 bytes received so far) [sender]
May 25 14:40:01 db-b rsyncd[18245]: rsync error: error in rsync protocol data stream (code 12) at io.c(235) [sender=3.1.2]
May 25 14:40:01 db-b rsyncd[18247]: rsync: failed to open log-file /home/root/log.log: No such file or directory (2)
May 25 14:40:01 db-b rsyncd[18247]: Ignoring "log file" setting.
May 25 14:40:01 db-b rsyncd[18247]: rsync: connection unexpectedly closed (0 bytes received so far) [sender]
May 25 14:40:01 db-b rsyncd[18247]: rsync error: error in rsync protocol data stream (code 12) at io.c(235) [sender=3.1.2]
May 25 14:40:01 db-b rsyncd[18249]: rsync: failed to open log-file /home/root/log.log: No such file or directory (2)
May 25 14:40:01 db-b rsyncd[18249]: Ignoring "log file" setting.
May 25 14:40:01 db-b rsyncd[18249]: rsync: connection unexpectedly closed (0 bytes received so far) [sender]
May 25 14:40:01 db-b rsyncd[18249]: rsync error: error in rsync protocol data stream (code 12) at io.c(235) [sender=3.1.2]
May 25 18:40:01 db-b rsyncd[4868]: rsync: failed to open log-file /home/root/log.log: No such file or directory (2)
May 25 18:40:01 db-b rsyncd[4868]: Ignoring "log file" setting.
May 25 18:40:01 db-b rsyncd[4868]: rsync: connection unexpectedly closed (0 bytes received so far) [sender]
May 25 18:40:01 db-b rsyncd[4868]: rsync error: error in rsync protocol data stream (code 12) at io.c(235) [sender=3.1.2]
May 25 18:40:01 db-b rsyncd[4870]: rsync: failed to open log-file /home/root/log.log: No such file or directory (2)
May 25 18:40:01 db-b rsyncd[4870]: Ignoring "log file" setting.
May 25 18:40:01 db-b rsyncd[4870]: rsync: connection unexpectedly closed (0 bytes received so far) [sender]
May 25 18:40:01 db-b rsyncd[4870]: rsync error: error in rsync protocol data stream (code 12) at io.c(235) [sender=3.1.2]
May 25 18:40:01 db-b rsyncd[4872]: rsync: failed to open log-file /home/root/log.log: No such file or directory (2)
May 25 18:40:01 db-b rsyncd[4872]: Ignoring "log file" setting.
May 25 18:40:01 db-b rsyncd[4872]: rsync: connection unexpectedly closed (0 bytes received so far) [sender]
May 25 18:40:01 db-b rsyncd[4872]: rsync error: error in rsync protocol data stream (code 12) at io.c(235) [sender=3.1.2]
May 25 18:40:01 db-b rsyncd[4874]: rsync: failed to open log-file /home/root/log.log: No such file or directory (2)
May 25 18:40:01 db-b rsyncd[4874]: Ignoring "log file" setting.
May 25 18:40:02 db-b rsyncd[4874]: rsync: connection unexpectedly closed (0 bytes received so far) [sender]
May 25 18:40:02 db-b rsyncd[4874]: rsync error: error in rsync protocol data stream (code 12) at io.c(235) [sender=3.1.2]
May 25 18:40:02 db-b rsyncd[4877]: rsync: failed to open log-file /home/root/log.log: No such file or directory (2)
May 25 18:40:02 db-b rsyncd[4877]: Ignoring "log file" setting.
May 25 18:40:02 db-b rsyncd[4877]: rsync: connection unexpectedly closed (0 bytes received so far) [sender]
May 25 18:40:02 db-b rsyncd[4877]: rsync error: error in rsync protocol data stream (code 12) at io.c(235) [sender=3.1.2]
May 25 18:40:02 db-b rsyncd[4879]: rsync: failed to open log-file /home/root/log.log: No such file or directory (2)
May 25 18:40:02 db-b rsyncd[4879]: Ignoring "log file" setting.
May 25 18:40:02 db-b rsyncd[4879]: rsync: connection unexpectedly closed (0 bytes received so far) [sender]
May 25 18:40:02 db-b rsyncd[4879]: rsync error: error in rsync protocol data stream (code 12) at io.c(235) [sender=3.1.2]
May 25 22:40:01 db-b rsyncd[24157]: rsync: failed to open log-file /home/root/log.log: No such file or directory (2)
May 25 22:40:01 db-b rsyncd[24157]: Ignoring "log file" setting.
May 25 22:40:01 db-b rsyncd[24157]: rsync: connection unexpectedly closed (0 bytes received so far) [sender]
May 25 22:40:01 db-b rsyncd[24157]: rsync error: error in rsync protocol data stream (code 12) at io.c(235) [sender=3.1.2]
May 25 22:40:01 db-b rsyncd[24159]: rsync: failed to open log-file /home/root/log.log: No such file or directory (2)
May 25 22:40:01 db-b rsyncd[24159]: Ignoring "log file" setting.
May 25 22:40:01 db-b rsyncd[24159]: rsync: connection unexpectedly closed (0 bytes received so far) [sender]
May 25 22:40:01 db-b rsyncd[24159]: rsync error: error in rsync protocol data stream (code 12) at io.c(235) [sender=3.1.2]
May 25 22:40:01 db-b rsyncd[24161]: rsync: failed to open log-file /home/root/log.log: No such file or directory (2)
May 25 22:40:01 db-b rsyncd[24161]: Ignoring "log file" setting.
May 25 22:40:01 db-b rsyncd[24161]: rsync: connection unexpectedly closed (0 bytes received so far) [sender]
May 25 22:40:01 db-b rsyncd[24161]: rsync error: error in rsync protocol data stream (code 12) at io.c(235) [sender=3.1.2]
May 25 22:40:01 db-b rsyncd[24163]: rsync: failed to open log-file /home/root/log.log: No such file or directory (2)
May 25 22:40:01 db-b rsyncd[24163]: Ignoring "log file" setting.
May 25 22:40:01 db-b rsyncd[24163]: rsync: connection unexpectedly closed (0 bytes received so far) [sender]
May 25 22:40:01 db-b rsyncd[24163]: rsync error: error in rsync protocol data stream (code 12) at io.c(235) [sender=3.1.2]
May 25 22:40:01 db-b rsyncd[24165]: rsync: failed to open log-file /home/root/log.log: No such file or directory (2)
May 25 22:40:01 db-b rsyncd[24165]: Ignoring "log file" setting.
May 25 22:40:01 db-b rsyncd[24165]: rsync: connection unexpectedly closed (0 bytes received so far) [sender]
May 25 22:40:01 db-b rsyncd[24165]: rsync error: error in rsync protocol data stream (code 12) at io.c(235) [sender=3.1.2]
May 25 22:40:01 db-b rsyncd[24167]: rsync: failed to open log-file /home/root/log.log: No such file or directory (2)
May 25 22:40:01 db-b rsyncd[24167]: Ignoring "log file" setting.
May 25 22:40:01 db-b rsyncd[24167]: rsync: connection unexpectedly closed (0 bytes received so far) [sender]
May 25 22:40:01 db-b rsyncd[24167]: rsync error: error in rsync protocol data stream (code 12) at io.c(235) [sender=3.1.2]
May 26 00:15:03 db-b rsyncd[31743]: rsync: failed to open log-file /home/root/log.log: No such file or directory (2)
May 26 00:15:03 db-b rsyncd[31743]: Ignoring "log file" setting.
May 26 00:15:03 db-b rsyncd[31743]: rsync: connection unexpectedly closed (0 bytes received so far) [sender]
May 26 00:15:03 db-b rsyncd[31743]: rsync error: error in rsync protocol data stream (code 12) at io.c(235) [sender=3.1.2]
May 26 02:40:02 db-b rsyncd[10978]: rsync: failed to open log-file /home/root/log.log: No such file or directory (2)
May 26 02:40:02 db-b rsyncd[10978]: Ignoring "log file" setting.
May 26 02:40:02 db-b rsyncd[10978]: rsync: connection unexpectedly closed (0 bytes received so far) [sender]
May 26 02:40:02 db-b rsyncd[10978]: rsync error: error in rsync protocol data stream (code 12) at io.c(235) [sender=3.1.2]
May 26 02:40:02 db-b rsyncd[10980]: rsync: failed to open log-file /home/root/log.log: No such file or directory (2)
May 26 02:40:02 db-b rsyncd[10980]: Ignoring "log file" setting.
May 26 02:40:02 db-b rsyncd[10980]: rsync: connection unexpectedly closed (0 bytes received so far) [sender]
May 26 02:40:02 db-b rsyncd[10980]: rsync error: error in rsync protocol data stream (code 12) at io.c(235) [sender=3.1.2]
May 26 02:40:02 db-b rsyncd[10982]: rsync: failed to open log-file /home/root/log.log: No such file or directory (2)
May 26 02:40:02 db-b rsyncd[10982]: Ignoring "log file" setting.
May 26 02:40:02 db-b rsyncd[10982]: rsync: connection unexpectedly closed (0 bytes received so far) [sender]
May 26 02:40:02 db-b rsyncd[10982]: rsync error: error in rsync protocol data stream (code 12) at io.c(235) [sender=3.1.2]
May 26 02:40:02 db-b rsyncd[10984]: rsync: failed to open log-file /home/root/log.log: No such file or directory (2)
May 26 02:40:02 db-b rsyncd[10984]: Ignoring "log file" setting.
May 26 02:40:02 db-b rsyncd[10984]: rsync: connection unexpectedly closed (0 bytes received so far) [sender]
May 26 02:40:02 db-b rsyncd[10984]: rsync error: error in rsync protocol data stream (code 12) at io.c(235) [sender=3.1.2]
May 26 02:40:02 db-b rsyncd[10986]: rsync: failed to open log-file /home/root/log.log: No such file or directory (2)
May 26 02:40:02 db-b rsyncd[10986]: Ignoring "log file" setting.
May 26 02:40:02 db-b rsyncd[10986]: rsync: connection unexpectedly closed (0 bytes received so far) [sender]
May 26 02:40:02 db-b rsyncd[10986]: rsync error: error in rsync protocol data stream (code 12) at io.c(235) [sender=3.1.2]
May 26 02:40:02 db-b rsyncd[10988]: rsync: failed to open log-file /home/root/log.log: No such file or directory (2)
May 26 02:40:02 db-b rsyncd[10988]: Ignoring "log file" setting.
May 26 02:40:02 db-b rsyncd[10988]: rsync: connection unexpectedly closed (0 bytes received so far) [sender]
May 26 02:40:02 db-b rsyncd[10988]: rsync error: error in rsync protocol data stream (code 12) at io.c(235) [sender=3.1.2]
May 26 06:40:01 db-b rsyncd[30328]: rsync: failed to open log-file /home/root/log.log: No such file or directory (2)
May 26 06:40:01 db-b rsyncd[30328]: Ignoring "log file" setting.
May 26 06:40:01 db-b rsyncd[30328]: rsync: connection unexpectedly closed (0 bytes received so far) [sender]
May 26 06:40:01 db-b rsyncd[30328]: rsync error: error in rsync protocol data stream (code 12) at io.c(235) [sender=3.1.2]
May 26 06:40:01 db-b rsyncd[30330]: rsync: failed to open log-file /home/root/log.log: No such file or directory (2)
May 26 06:40:01 db-b rsyncd[30330]: Ignoring "log file" setting.
May 26 06:40:01 db-b rsyncd[30330]: rsync: connection unexpectedly closed (0 bytes received so far) [sender]
May 26 06:40:01 db-b rsyncd[30330]: rsync error: error in rsync protocol data stream (code 12) at io.c(235) [sender=3.1.2]
May 26 06:40:01 db-b rsyncd[30332]: rsync: failed to open log-file /home/root/log.log: No such file or directory (2)
May 26 06:40:01 db-b rsyncd[30332]: Ignoring "log file" setting.
May 26 06:40:02 db-b rsyncd[30332]: rsync: connection unexpectedly closed (0 bytes received so far) [sender]
May 26 06:40:02 db-b rsyncd[30332]: rsync error: error in rsync protocol data stream (code 12) at io.c(235) [sender=3.1.2]
May 26 06:40:02 db-b rsyncd[30335]: rsync: failed to open log-file /home/root/log.log: No such file or directory (2)
May 26 06:40:02 db-b rsyncd[30335]: Ignoring "log file" setting.
May 26 06:40:02 db-b rsyncd[30335]: rsync: connection unexpectedly closed (0 bytes received so far) [sender]
May 26 06:40:02 db-b rsyncd[30335]: rsync error: error in rsync protocol data stream (code 12) at io.c(235) [sender=3.1.2]
May 26 06:40:02 db-b rsyncd[30337]: rsync: failed to open log-file /home/root/log.log: No such file or directory (2)
May 26 06:40:02 db-b rsyncd[30337]: Ignoring "log file" setting.
May 26 06:40:02 db-b rsyncd[30337]: rsync: connection unexpectedly closed (0 bytes received so far) [sender]
May 26 06:40:02 db-b rsyncd[30337]: rsync error: error in rsync protocol data stream (code 12) at io.c(235) [sender=3.1.2]
May 26 06:40:02 db-b rsyncd[30339]: rsync: failed to open log-file /home/root/log.log: No such file or directory (2)
May 26 06:40:02 db-b rsyncd[30339]: Ignoring "log file" setting.
May 26 06:40:02 db-b rsyncd[30339]: rsync: connection unexpectedly closed (0 bytes received so far) [sender]
May 26 06:40:02 db-b rsyncd[30339]: rsync error: error in rsync protocol data stream (code 12) at io.c(235) [sender=3.1.2]
May 26 07:19:49 db-b ebpf.plugin: Does not have a configuration file inside `/etc/netdata/ebpf.d.conf. It will try to load stock file.
May 26 07:19:50 db-b ebpf.plugin: Name resolution is disabled, collector will not parser "hostnames" list.
May 26 07:19:50 db-b ebpf.plugin: The network value of CIDR 127.0.0.1/8 was updated for 127.0.0.0 .
May 26 07:19:50 db-b ebpf.plugin: Cannot read process groups configuration file '/etc/netdata/apps_groups.conf'. Will try '/usr/lib/netdata/conf.d/apps_groups.conf'
May 26 08:50:36 db-b KVP: KVP starting; pid is:539
May 26 08:50:36 db-b KVP: KVP LIC Version: 3.1
May 26 08:50:36 db-b kernel: [    7.393365] Started bpfilter
May 26 08:50:41 db-b ebpf.plugin: Does not have a configuration file inside `/etc/netdata/ebpf.d.conf. It will try to load stock file.
May 26 08:50:41 db-b ebpf.plugin: Name resolution is disabled, collector will not parser "hostnames" list.
May 26 08:50:41 db-b ebpf.plugin: The network value of CIDR 127.0.0.1/8 was updated for 127.0.0.0 .
May 26 08:50:41 db-b ebpf.plugin: Cannot read process groups configuration file '/etc/netdata/apps_groups.conf'. Will try '/usr/lib/netdata/conf.d/apps_groups.conf'
May 26 10:40:01 db-b rsyncd[5085]: rsync: failed to open log-file /home/root/log.log: No such file or directory (2)
May 26 10:40:01 db-b rsyncd[5085]: Ignoring "log file" setting.
May 26 10:40:01 db-b rsyncd[5085]: rsync: connection unexpectedly closed (0 bytes received so far) [sender]
May 26 10:40:01 db-b rsyncd[5085]: rsync error: error in rsync protocol data stream (code 12) at io.c(235) [sender=3.1.2]
May 26 10:40:01 db-b rsyncd[5088]: rsync: failed to open log-file /home/root/log.log: No such file or directory (2)
May 26 10:40:01 db-b rsyncd[5088]: Ignoring "log file" setting.
May 26 10:40:01 db-b rsyncd[5088]: rsync: connection unexpectedly closed (0 bytes received so far) [sender]
May 26 10:40:01 db-b rsyncd[5088]: rsync error: error in rsync protocol data stream (code 12) at io.c(235) [sender=3.1.2]
May 26 10:40:01 db-b rsyncd[5090]: rsync: failed to open log-file /home/root/log.log: No such file or directory (2)
May 26 10:40:01 db-b rsyncd[5090]: Ignoring "log file" setting.
May 26 10:40:01 db-b rsyncd[5090]: rsync: connection unexpectedly closed (0 bytes received so far) [sender]
May 26 10:40:01 db-b rsyncd[5090]: rsync error: error in rsync protocol data stream (code 12) at io.c(235) [sender=3.1.2]
May 26 10:40:01 db-b rsyncd[5092]: rsync: failed to open log-file /home/root/log.log: No such file or directory (2)
May 26 10:40:01 db-b rsyncd[5092]: Ignoring "log file" setting.
May 26 10:40:01 db-b rsyncd[5092]: rsync: connection unexpectedly closed (0 bytes received so far) [sender]
May 26 10:40:01 db-b rsyncd[5092]: rsync error: error in rsync protocol data stream (code 12) at io.c(235) [sender=3.1.2]
May 26 10:40:01 db-b rsyncd[5094]: rsync: failed to open log-file /home/root/log.log: No such file or directory (2)
May 26 10:40:01 db-b rsyncd[5094]: Ignoring "log file" setting.
May 26 10:40:01 db-b rsyncd[5094]: rsync: connection unexpectedly closed (0 bytes received so far) [sender]
May 26 10:40:01 db-b rsyncd[5094]: rsync error: error in rsync protocol data stream (code 12) at io.c(235) [sender=3.1.2]
May 26 10:40:01 db-b rsyncd[5096]: rsync: failed to open log-file /home/root/log.log: No such file or directory (2)
May 26 10:40:01 db-b rsyncd[5096]: Ignoring "log file" setting.
May 26 10:40:01 db-b rsyncd[5096]: rsync: connection unexpectedly closed (0 bytes received so far) [sender]
May 26 10:40:01 db-b rsyncd[5096]: rsync error: error in rsync protocol data stream (code 12) at io.c(235) [sender=3.1.2]
May 26 14:40:01 db-b rsyncd[8926]: rsync: failed to open log-file /home/root/log.log: No such file or directory (2)
May 26 14:40:01 db-b rsyncd[8926]: Ignoring "log file" setting.
May 26 14:40:01 db-b rsyncd[8926]: rsync: connection unexpectedly closed (0 bytes received so far) [sender]
May 26 14:40:01 db-b rsyncd[8926]: rsync error: error in rsync protocol data stream (code 12) at io.c(235) [sender=3.1.2]
May 26 14:40:01 db-b rsyncd[8928]: rsync: failed to open log-file /home/root/log.log: No such file or directory (2)
May 26 14:40:01 db-b rsyncd[8928]: Ignoring "log file" setting.
May 26 14:40:01 db-b rsyncd[8928]: rsync: connection unexpectedly closed (0 bytes received so far) [sender]
May 26 14:40:01 db-b rsyncd[8928]: rsync error: error in rsync protocol data stream (code 12) at io.c(235) [sender=3.1.2]
May 26 14:40:01 db-b rsyncd[8930]: rsync: failed to open log-file /home/root/log.log: No such file or directory (2)
May 26 14:40:01 db-b rsyncd[8930]: Ignoring "log file" setting.
May 26 14:40:01 db-b rsyncd[8930]: rsync: connection unexpectedly closed (0 bytes received so far) [sender]
May 26 14:40:01 db-b rsyncd[8930]: rsync error: error in rsync protocol data stream (code 12) at io.c(235) [sender=3.1.2]
May 26 14:40:01 db-b rsyncd[8932]: rsync: failed to open log-file /home/root/log.log: No such file or directory (2)
May 26 14:40:01 db-b rsyncd[8932]: Ignoring "log file" setting.
May 26 14:40:01 db-b rsyncd[8932]: rsync: connection unexpectedly closed (0 bytes received so far) [sender]
May 26 14:40:01 db-b rsyncd[8932]: rsync error: error in rsync protocol data stream (code 12) at io.c(235) [sender=3.1.2]
May 26 14:40:01 db-b rsyncd[8934]: rsync: failed to open log-file /home/root/log.log: No such file or directory (2)
May 26 14:40:01 db-b rsyncd[8934]: Ignoring "log file" setting.
May 26 14:40:01 db-b rsyncd[8934]: rsync: connection unexpectedly closed (0 bytes received so far) [sender]
May 26 14:40:01 db-b rsyncd[8934]: rsync error: error in rsync protocol data stream (code 12) at io.c(235) [sender=3.1.2]
May 26 14:40:02 db-b rsyncd[8936]: rsync: failed to open log-file /home/root/log.log: No such file or directory (2)
May 26 14:40:02 db-b rsyncd[8936]: Ignoring "log file" setting.
May 26 14:40:02 db-b rsyncd[8936]: rsync: connection unexpectedly closed (0 bytes received so far) [sender]
May 26 14:40:02 db-b rsyncd[8936]: rsync error: error in rsync protocol data stream (code 12) at io.c(235) [sender=3.1.2]
May 26 18:40:01 db-b rsyncd[13493]: rsync: failed to open log-file /home/root/log.log: No such file or directory (2)
May 26 18:40:01 db-b rsyncd[13493]: Ignoring "log file" setting.
May 26 18:40:01 db-b rsyncd[13493]: rsync: connection unexpectedly closed (0 bytes received so far) [sender]
May 26 18:40:01 db-b rsyncd[13493]: rsync error: error in rsync protocol data stream (code 12) at io.c(235) [sender=3.1.2]
May 26 18:40:01 db-b rsyncd[13495]: rsync: failed to open log-file /home/root/log.log: No such file or directory (2)
May 26 18:40:01 db-b rsyncd[13495]: Ignoring "log file" setting.
May 26 18:40:01 db-b rsyncd[13495]: rsync: connection unexpectedly closed (0 bytes received so far) [sender]
May 26 18:40:01 db-b rsyncd[13495]: rsync error: error in rsync protocol data stream (code 12) at io.c(235) [sender=3.1.2]
May 26 18:40:01 db-b rsyncd[13497]: rsync: failed to open log-file /home/root/log.log: No such file or directory (2)
May 26 18:40:01 db-b rsyncd[13497]: Ignoring "log file" setting.
May 26 18:40:01 db-b rsyncd[13497]: rsync: connection unexpectedly closed (0 bytes received so far) [sender]
May 26 18:40:01 db-b rsyncd[13497]: rsync error: error in rsync protocol data stream (code 12) at io.c(235) [sender=3.1.2]
May 26 18:40:01 db-b rsyncd[13499]: rsync: failed to open log-file /home/root/log.log: No such file or directory (2)
May 26 18:40:01 db-b rsyncd[13499]: Ignoring "log file" setting.
May 26 18:40:01 db-b rsyncd[13499]: rsync: connection unexpectedly closed (0 bytes received so far) [sender]
May 26 18:40:01 db-b rsyncd[13499]: rsync error: error in rsync protocol data stream (code 12) at io.c(235) [sender=3.1.2]
May 26 18:40:01 db-b rsyncd[13501]: rsync: failed to open log-file /home/root/log.log: No such file or directory (2)
May 26 18:40:01 db-b rsyncd[13501]: Ignoring "log file" setting.
May 26 18:40:01 db-b rsyncd[13501]: rsync: connection unexpectedly closed (0 bytes received so far) [sender]
May 26 18:40:01 db-b rsyncd[13501]: rsync error: error in rsync protocol data stream (code 12) at io.c(235) [sender=3.1.2]
May 26 18:40:01 db-b rsyncd[13503]: rsync: failed to open log-file /home/root/log.log: No such file or directory (2)
May 26 18:40:01 db-b rsyncd[13503]: Ignoring "log file" setting.
May 26 18:40:01 db-b rsyncd[13503]: rsync: connection unexpectedly closed (0 bytes received so far) [sender]
May 26 18:40:01 db-b rsyncd[13503]: rsync error: error in rsync protocol data stream (code 12) at io.c(235) [sender=3.1.2]
