This file contains any messages produced by compilers while
running configure, to aid debugging if configure makes a mistake.

It was created by check_mysql_health configure 2.2.2, which was
generated by GNU Autoconf 2.69.  Invocation command line was

  $ ./configure 

## --------- ##
## Platform. ##
## --------- ##

hostname = app-b.foo.org.nz
uname -m = x86_64
uname -r = 5.4.0-1080-azure
uname -s = Linux
uname -v = #83~18.04.2-Ubuntu SMP Thu May 19 18:52:16 UTC 2022

/usr/bin/uname -p = unknown
/bin/uname -X     = unknown

/bin/arch              = unknown
/usr/bin/arch -k       = unknown
/usr/convex/getsysinfo = unknown
/usr/bin/hostinfo      = unknown
/bin/machine           = unknown
/usr/bin/oslevel       = unknown
/bin/universe          = unknown

PATH: /usr/local/sbin
PATH: /usr/local/bin
PATH: /usr/sbin
PATH: /usr/bin
PATH: /sbin
PATH: /bin
PATH: /usr/games
PATH: /usr/local/games
PATH: /snap/bin


## ----------- ##
## Core tests. ##
## ----------- ##

configure:1803: checking for a BSD-compatible install
configure:1871: result: /usr/bin/install -c
configure:1882: checking whether build environment is sane
configure:1937: result: yes
configure:2088: checking for a thread-safe mkdir -p
configure:2127: result: /bin/mkdir -p
configure:2134: checking for gawk
configure:2150: found /usr/bin/gawk
configure:2161: result: gawk
configure:2172: checking whether make sets $(MAKE)
configure:2194: result: yes
configure:2223: checking whether make supports nested variables
configure:2240: result: yes
configure:2319: checking how to create a pax tar archive
configure:2330: tar --version
tar (GNU tar) 1.29
Copyright (C) 2015 Free Software Foundation, Inc.
License GPLv3+: GNU GPL version 3 or later <http://gnu.org/licenses/gpl.html>.
This is free software: you are free to change and redistribute it.
There is NO WARRANTY, to the extent permitted by law.

Written by John Gilmore and Jay Fenlason.
configure:2333: $? = 0
configure:2373: tardir=conftest.dir && eval tar --format=posix -chf - "$tardir" >conftest.tar
configure:2376: $? = 0
configure:2380: tar -xf - <conftest.tar
configure:2383: $? = 0
configure:2385: cat conftest.dir/file
GrepMe
configure:2388: $? = 0
configure:2401: result: gnutar
configure:2451: checking whether to enable maintainer-specific portions of Makefiles
configure:2460: result: no
configure:2477: checking build system type
configure:2491: result: x86_64-unknown-linux-gnu
configure:2511: checking host system type
configure:2524: result: x86_64-unknown-linux-gnu
configure:2618: checking whether make sets $(MAKE)
configure:2640: result: yes
configure:2654: checking for echo
configure:2672: found /bin/echo
configure:2684: result: /bin/echo
configure:2694: checking for sed
configure:2712: found /bin/sed
configure:2724: result: /bin/sed
configure:2734: checking for grep
configure:2752: found /bin/grep
configure:2764: result: /bin/grep
configure:2774: checking for cat
configure:2792: found /bin/cat
configure:2804: result: /bin/cat
configure:2814: checking for sh
configure:2832: found /bin/sh
configure:2844: result: /bin/sh
configure:2854: checking for perl
configure:2872: found /usr/bin/perl
configure:2884: result: /usr/bin/perl
configure:2894: checking for gzip
configure:2912: found /bin/gzip
configure:2924: result: /bin/gzip
configure:2936: checking for gawk
configure:2954: found /usr/bin/gawk
configure:2966: result: /usr/bin/gawk
configure:3144: checking that generated files are newer than configure
configure:3150: result: done
configure:3162: creating ./config.status

## ---------------------- ##
## Running config.status. ##
## ---------------------- ##

This file was extended by check_mysql_health config.status 2.2.2, which was
generated by GNU Autoconf 2.69.  Invocation command line was

  CONFIG_FILES    = 
  CONFIG_HEADERS  = 
  CONFIG_LINKS    = 
  CONFIG_COMMANDS = 
  $ ./config.status 

on app-b.foo.org.nz

config.status:775: creating Makefile
config.status:775: creating plugins-scripts/Makefile
config.status:775: creating plugins-scripts/subst
config.status:775: creating t/Makefile

## ---------------- ##
## Cache variables. ##
## ---------------- ##

ac_cv_build=x86_64-unknown-linux-gnu
ac_cv_env_build_alias_set=
ac_cv_env_build_alias_value=
ac_cv_env_host_alias_set=
ac_cv_env_host_alias_value=
ac_cv_env_target_alias_set=
ac_cv_env_target_alias_value=
ac_cv_host=x86_64-unknown-linux-gnu
ac_cv_path_AWK=/usr/bin/gawk
ac_cv_path_CAT=/bin/cat
ac_cv_path_ECHO=/bin/echo
ac_cv_path_GREP=/bin/grep
ac_cv_path_GZIP=/bin/gzip
ac_cv_path_PERL=/usr/bin/perl
ac_cv_path_SED=/bin/sed
ac_cv_path_SH=/bin/sh
ac_cv_path_install='/usr/bin/install -c'
ac_cv_path_mkdir=/bin/mkdir
ac_cv_prog_AWK=gawk
ac_cv_prog_make_make_set=yes
am_cv_make_support_nested_variables=yes
am_cv_prog_tar_pax=gnutar

## ----------------- ##
## Output variables. ##
## ----------------- ##

ACLOCAL='${SHELL} /etc/nagios-plugins/check_mysql_health-2.2.2/missing aclocal-1.14'
AMTAR='$${TAR-tar}'
AM_BACKSLASH='\'
AM_DEFAULT_V='$(AM_DEFAULT_VERBOSITY)'
AM_DEFAULT_VERBOSITY='1'
AM_V='$(V)'
AUTOCONF='${SHELL} /etc/nagios-plugins/check_mysql_health-2.2.2/missing autoconf'
AUTOHEADER='${SHELL} /etc/nagios-plugins/check_mysql_health-2.2.2/missing autoheader'
AUTOMAKE='${SHELL} /etc/nagios-plugins/check_mysql_health-2.2.2/missing automake-1.14'
AWK='/usr/bin/gawk'
CAT='/bin/cat'
CYGPATH_W='echo'
DEFS='-DPACKAGE_NAME=\"check_mysql_health\" -DPACKAGE_TARNAME=\"check_mysql_health\" -DPACKAGE_VERSION=\"2.2.2\" -DPACKAGE_STRING=\"check_mysql_health\ 2.2.2\" -DPACKAGE_BUGREPORT=\"\" -DPACKAGE_URL=\"\" -DPACKAGE=\"check_mysql_health\" -DVERSION=\"2.2.2\"'
ECHO='/bin/echo'
ECHO_C=''
ECHO_N='-n'
ECHO_T=''
GREP='/bin/grep'
GZIP='/bin/gzip'
INSTALL='/usr/bin/install -c'
INSTALL_DATA='${INSTALL} -m 644'
INSTALL_OPTS='-o nagios -g nagios'
INSTALL_PROGRAM='${INSTALL}'
INSTALL_SCRIPT='${INSTALL}'
INSTALL_STRIP_PROGRAM='$(install_sh) -c -s'
LIBOBJS=''
LIBS=''
LTLIBOBJS=''
MAINT='#'
MAINTAINER_MODE_FALSE=''
MAINTAINER_MODE_TRUE='#'
MAKEINFO='${SHELL} /etc/nagios-plugins/check_mysql_health-2.2.2/missing makeinfo'
MKDIR_P='/bin/mkdir -p'
MYMODULES_DIR='/usr/local/nagios/libexec'
MYMODULES_DYN_DIR='/usr/local/nagios/libexec'
PACKAGE='check_mysql_health'
PACKAGE_BUGREPORT=''
PACKAGE_NAME='check_mysql_health'
PACKAGE_STRING='check_mysql_health 2.2.2'
PACKAGE_TARNAME='check_mysql_health'
PACKAGE_URL=''
PACKAGE_VERSION='2.2.2'
PATH_SEPARATOR=':'
PERL='/usr/bin/perl'
RELEASE='1'
SED='/bin/sed'
SET_MAKE=''
SH='/bin/sh'
SHELL='/bin/bash'
STATEFILES_DIR='/var/tmp/check_mysql_health'
STRIP=''
SUPPORT='Send email to gerhard.lausser@consol.de if you have questions\nregarding use of this software.\nPlease include version information with all correspondence (when possible,\nuse output from the --version option of the plugin itself).\n'
VERSION='2.2.2'
WARRANTY='This plugin comes with ABSOLUTELY NO WARRANTY. You may redistribute\ncopies of the plugin under the terms of the GNU General Public License.\nFor more information about these matters, see the file named COPYING.\n'
am__isrc=''
am__leading_dot='.'
am__tar='tar --format=posix -chf - "$$tardir"'
am__untar='tar -xf -'
bindir='${exec_prefix}/bin'
build='x86_64-unknown-linux-gnu'
build_alias=''
build_cpu='x86_64'
build_os='linux-gnu'
build_vendor='unknown'
datadir='${datarootdir}'
datarootdir='${prefix}/share'
docdir='${datarootdir}/doc/${PACKAGE_TARNAME}'
dvidir='${docdir}'
exec_prefix='${prefix}'
host='x86_64-unknown-linux-gnu'
host_alias=''
host_cpu='x86_64'
host_os='linux-gnu'
host_vendor='unknown'
htmldir='${docdir}'
includedir='${prefix}/include'
infodir='${datarootdir}/info'
install_sh='${SHELL} /etc/nagios-plugins/check_mysql_health-2.2.2/install-sh'
libdir='${exec_prefix}/lib'
libexecdir='${exec_prefix}/libexec'
localedir='${datarootdir}/locale'
localstatedir='${prefix}/var'
mandir='${datarootdir}/man'
mkdir_p='$(MKDIR_P)'
oldincludedir='/usr/include'
pdfdir='${docdir}'
prefix='/usr/local/nagios'
program_transform_name='s,x,x,'
psdir='${docdir}'
sbindir='${exec_prefix}/sbin'
sharedstatedir='${prefix}/com'
sysconfdir='${prefix}/etc'
target_alias=''
with_nagios_group='nagios'
with_nagios_user='nagios'

## ----------- ##
## confdefs.h. ##
## ----------- ##

/* confdefs.h */
#define PACKAGE_NAME "check_mysql_health"
#define PACKAGE_TARNAME "check_mysql_health"
#define PACKAGE_VERSION "2.2.2"
#define PACKAGE_STRING "check_mysql_health 2.2.2"
#define PACKAGE_BUGREPORT ""
#define PACKAGE_URL ""
#define PACKAGE "check_mysql_health"
#define VERSION "2.2.2"

configure: exit 0
