May 20 07:39:01 mgmt-b CRON[19199]: (root) CMD (  [ -x /usr/lib/php/sessionclean ] && if [ ! -d /run/systemd/system ]; then /usr/lib/php/sessionclean; fi)
May 20 07:48:30 mgmt-b crontab[19537]: (bitstudent) BEGIN EDIT (bitstudent)
May 20 07:59:17 mgmt-b crontab[19537]: (bitstudent) REPLACE (bitstudent)
May 20 07:59:17 mgmt-b crontab[19537]: (bitstudent) END EDIT (bitstudent)
May 20 08:00:01 mgmt-b cron[1156]: (bitstudent) RELOAD (crontabs/bitstudent)
May 20 08:09:01 mgmt-b CRON[20207]: (root) CMD (  [ -x /usr/lib/php/sessionclean ] && if [ ! -d /run/systemd/system ]; then /usr/lib/php/sessionclean; fi)
May 20 08:17:01 mgmt-b CRON[20491]: (root) CMD (   cd / && run-parts --report /etc/cron.hourly)
May 20 08:30:01 mgmt-b CRON[20857]: (bitstudent) CMD (sudo bash ~/OE2-Group-Project/Scripts/mgmt/backup.sh)
May 20 08:39:01 mgmt-b CRON[21201]: (root) CMD (  [ -x /usr/lib/php/sessionclean ] && if [ ! -d /run/systemd/system ]; then /usr/lib/php/sessionclean; fi)
May 20 09:09:01 mgmt-b CRON[22748]: (root) CMD (  [ -x /usr/lib/php/sessionclean ] && if [ ! -d /run/systemd/system ]; then /usr/lib/php/sessionclean; fi)
May 20 09:17:01 mgmt-b CRON[23107]: (root) CMD (   cd / && run-parts --report /etc/cron.hourly)
May 20 09:39:01 mgmt-b CRON[23912]: (root) CMD (  [ -x /usr/lib/php/sessionclean ] && if [ ! -d /run/systemd/system ]; then /usr/lib/php/sessionclean; fi)
May 20 10:09:01 mgmt-b CRON[25150]: (root) CMD (  [ -x /usr/lib/php/sessionclean ] && if [ ! -d /run/systemd/system ]; then /usr/lib/php/sessionclean; fi)
May 20 10:10:01 mgmt-b CRON[25258]: (bitstudent) CMD (sudo bash /etc/backup/restore.sh)
May 20 10:17:01 mgmt-b CRON[25596]: (root) CMD (   cd / && run-parts --report /etc/cron.hourly)
May 20 10:39:01 mgmt-b CRON[26309]: (root) CMD (  [ -x /usr/lib/php/sessionclean ] && if [ ! -d /run/systemd/system ]; then /usr/lib/php/sessionclean; fi)
May 20 11:09:01 mgmt-b CRON[27444]: (root) CMD (  [ -x /usr/lib/php/sessionclean ] && if [ ! -d /run/systemd/system ]; then /usr/lib/php/sessionclean; fi)
May 20 11:17:01 mgmt-b CRON[27737]: (root) CMD (   cd / && run-parts --report /etc/cron.hourly)
May 20 11:30:01 mgmt-b CRON[28171]: (bitstudent) CMD (sudo bash ~/OE2-Group-Project/Scripts/mgmt/backup.sh)
May 20 11:39:01 mgmt-b CRON[28552]: (root) CMD (  [ -x /usr/lib/php/sessionclean ] && if [ ! -d /run/systemd/system ]; then /usr/lib/php/sessionclean; fi)
May 20 12:09:01 mgmt-b CRON[29416]: (root) CMD (  [ -x /usr/lib/php/sessionclean ] && if [ ! -d /run/systemd/system ]; then /usr/lib/php/sessionclean; fi)
May 20 12:17:01 mgmt-b CRON[29694]: (root) CMD (   cd / && run-parts --report /etc/cron.hourly)
May 20 12:39:01 mgmt-b CRON[30292]: (root) CMD (  [ -x /usr/lib/php/sessionclean ] && if [ ! -d /run/systemd/system ]; then /usr/lib/php/sessionclean; fi)
May 20 13:09:01 mgmt-b CRON[32605]: (root) CMD (  [ -x /usr/lib/php/sessionclean ] && if [ ! -d /run/systemd/system ]; then /usr/lib/php/sessionclean; fi)
May 20 13:17:01 mgmt-b CRON[810]: (root) CMD (   cd / && run-parts --report /etc/cron.hourly)
May 20 13:39:01 mgmt-b CRON[5232]: (root) CMD (  [ -x /usr/lib/php/sessionclean ] && if [ ! -d /run/systemd/system ]; then /usr/lib/php/sessionclean; fi)
May 20 14:09:01 mgmt-b CRON[10988]: (root) CMD (  [ -x /usr/lib/php/sessionclean ] && if [ ! -d /run/systemd/system ]; then /usr/lib/php/sessionclean; fi)
May 20 14:10:01 mgmt-b CRON[11640]: (bitstudent) CMD (sudo bash /etc/backup/restore.sh)
May 20 14:17:01 mgmt-b CRON[12355]: (root) CMD (   cd / && run-parts --report /etc/cron.hourly)
May 20 14:39:01 mgmt-b CRON[16104]: (root) CMD (  [ -x /usr/lib/php/sessionclean ] && if [ ! -d /run/systemd/system ]; then /usr/lib/php/sessionclean; fi)
May 20 15:09:01 mgmt-b CRON[19530]: (root) CMD (  [ -x /usr/lib/php/sessionclean ] && if [ ! -d /run/systemd/system ]; then /usr/lib/php/sessionclean; fi)
May 20 15:17:01 mgmt-b CRON[20523]: (root) CMD (   cd / && run-parts --report /etc/cron.hourly)
May 20 15:39:01 mgmt-b CRON[22648]: (root) CMD (  [ -x /usr/lib/php/sessionclean ] && if [ ! -d /run/systemd/system ]; then /usr/lib/php/sessionclean; fi)
May 20 16:09:01 mgmt-b CRON[25587]: (root) CMD (  [ -x /usr/lib/php/sessionclean ] && if [ ! -d /run/systemd/system ]; then /usr/lib/php/sessionclean; fi)
May 20 16:17:01 mgmt-b CRON[26431]: (root) CMD (   cd / && run-parts --report /etc/cron.hourly)
May 20 16:39:01 mgmt-b CRON[28564]: (root) CMD (  [ -x /usr/lib/php/sessionclean ] && if [ ! -d /run/systemd/system ]; then /usr/lib/php/sessionclean; fi)
May 20 17:09:01 mgmt-b CRON[31504]: (root) CMD (  [ -x /usr/lib/php/sessionclean ] && if [ ! -d /run/systemd/system ]; then /usr/lib/php/sessionclean; fi)
May 20 17:17:01 mgmt-b CRON[32348]: (root) CMD (   cd / && run-parts --report /etc/cron.hourly)
May 20 17:39:01 mgmt-b CRON[2034]: (root) CMD (  [ -x /usr/lib/php/sessionclean ] && if [ ! -d /run/systemd/system ]; then /usr/lib/php/sessionclean; fi)
May 20 18:09:01 mgmt-b CRON[5005]: (root) CMD (  [ -x /usr/lib/php/sessionclean ] && if [ ! -d /run/systemd/system ]; then /usr/lib/php/sessionclean; fi)
May 20 18:10:01 mgmt-b CRON[5184]: (bitstudent) CMD (sudo bash /etc/backup/restore.sh)
May 20 18:17:01 mgmt-b CRON[5858]: (root) CMD (   cd / && run-parts --report /etc/cron.hourly)
May 20 18:39:01 mgmt-b CRON[7990]: (root) CMD (  [ -x /usr/lib/php/sessionclean ] && if [ ! -d /run/systemd/system ]; then /usr/lib/php/sessionclean; fi)
May 20 19:09:01 mgmt-b CRON[10914]: (root) CMD (  [ -x /usr/lib/php/sessionclean ] && if [ ! -d /run/systemd/system ]; then /usr/lib/php/sessionclean; fi)
May 20 19:17:01 mgmt-b CRON[11741]: (root) CMD (   cd / && run-parts --report /etc/cron.hourly)
May 20 19:39:01 mgmt-b CRON[13863]: (root) CMD (  [ -x /usr/lib/php/sessionclean ] && if [ ! -d /run/systemd/system ]; then /usr/lib/php/sessionclean; fi)
May 20 20:09:01 mgmt-b CRON[16858]: (root) CMD (  [ -x /usr/lib/php/sessionclean ] && if [ ! -d /run/systemd/system ]; then /usr/lib/php/sessionclean; fi)
May 20 20:17:01 mgmt-b CRON[17696]: (root) CMD (   cd / && run-parts --report /etc/cron.hourly)
May 20 20:39:01 mgmt-b CRON[19834]: (root) CMD (  [ -x /usr/lib/php/sessionclean ] && if [ ! -d /run/systemd/system ]; then /usr/lib/php/sessionclean; fi)
May 20 21:09:01 mgmt-b CRON[22765]: (root) CMD (  [ -x /usr/lib/php/sessionclean ] && if [ ! -d /run/systemd/system ]; then /usr/lib/php/sessionclean; fi)
May 20 21:17:01 mgmt-b CRON[23605]: (root) CMD (   cd / && run-parts --report /etc/cron.hourly)
May 20 21:39:01 mgmt-b CRON[25711]: (root) CMD (  [ -x /usr/lib/php/sessionclean ] && if [ ! -d /run/systemd/system ]; then /usr/lib/php/sessionclean; fi)
May 20 22:09:01 mgmt-b CRON[28636]: (root) CMD (  [ -x /usr/lib/php/sessionclean ] && if [ ! -d /run/systemd/system ]; then /usr/lib/php/sessionclean; fi)
May 20 22:10:01 mgmt-b CRON[28818]: (bitstudent) CMD (sudo bash /etc/backup/restore.sh)
May 20 22:17:01 mgmt-b CRON[29496]: (root) CMD (   cd / && run-parts --report /etc/cron.hourly)
May 20 22:30:01 mgmt-b CRON[30786]: (bitstudent) CMD (sudo bash ~/OE2-Group-Project/Scripts/mgmt/backup.sh)
May 20 22:39:01 mgmt-b CRON[31741]: (root) CMD (  [ -x /usr/lib/php/sessionclean ] && if [ ! -d /run/systemd/system ]; then /usr/lib/php/sessionclean; fi)
May 20 23:09:01 mgmt-b CRON[2269]: (root) CMD (  [ -x /usr/lib/php/sessionclean ] && if [ ! -d /run/systemd/system ]; then /usr/lib/php/sessionclean; fi)
May 20 23:17:01 mgmt-b CRON[3116]: (root) CMD (   cd / && run-parts --report /etc/cron.hourly)
May 20 23:39:01 mgmt-b CRON[5214]: (root) CMD (  [ -x /usr/lib/php/sessionclean ] && if [ ! -d /run/systemd/system ]; then /usr/lib/php/sessionclean; fi)
May 21 00:09:01 mgmt-b CRON[8194]: (root) CMD (  [ -x /usr/lib/php/sessionclean ] && if [ ! -d /run/systemd/system ]; then /usr/lib/php/sessionclean; fi)
May 21 00:17:01 mgmt-b CRON[9016]: (root) CMD (   cd / && run-parts --report /etc/cron.hourly)
May 21 00:39:01 mgmt-b CRON[11151]: (root) CMD (  [ -x /usr/lib/php/sessionclean ] && if [ ! -d /run/systemd/system ]; then /usr/lib/php/sessionclean; fi)
May 21 01:09:01 mgmt-b CRON[14075]: (root) CMD (  [ -x /usr/lib/php/sessionclean ] && if [ ! -d /run/systemd/system ]; then /usr/lib/php/sessionclean; fi)
May 21 01:17:01 mgmt-b CRON[14990]: (root) CMD (   cd / && run-parts --report /etc/cron.hourly)
May 21 01:39:01 mgmt-b CRON[17098]: (root) CMD (  [ -x /usr/lib/php/sessionclean ] && if [ ! -d /run/systemd/system ]; then /usr/lib/php/sessionclean; fi)
May 21 02:09:01 mgmt-b CRON[20037]: (root) CMD (  [ -x /usr/lib/php/sessionclean ] && if [ ! -d /run/systemd/system ]; then /usr/lib/php/sessionclean; fi)
May 21 02:10:01 mgmt-b CRON[20223]: (bitstudent) CMD (sudo bash /etc/backup/restore.sh)
May 21 02:17:01 mgmt-b CRON[20913]: (root) CMD (   cd / && run-parts --report /etc/cron.hourly)
May 21 02:30:01 mgmt-b CRON[22190]: (bitstudent) CMD (sudo bash ~/OE2-Group-Project/Scripts/mgmt/backup.sh)
May 21 02:39:01 mgmt-b CRON[23144]: (root) CMD (  [ -x /usr/lib/php/sessionclean ] && if [ ! -d /run/systemd/system ]; then /usr/lib/php/sessionclean; fi)
May 21 03:09:01 mgmt-b CRON[26068]: (root) CMD (  [ -x /usr/lib/php/sessionclean ] && if [ ! -d /run/systemd/system ]; then /usr/lib/php/sessionclean; fi)
May 21 03:17:01 mgmt-b CRON[26904]: (root) CMD (   cd / && run-parts --report /etc/cron.hourly)
May 21 03:39:01 mgmt-b CRON[29006]: (root) CMD (  [ -x /usr/lib/php/sessionclean ] && if [ ! -d /run/systemd/system ]; then /usr/lib/php/sessionclean; fi)
May 21 04:09:01 mgmt-b CRON[32395]: (root) CMD (  [ -x /usr/lib/php/sessionclean ] && if [ ! -d /run/systemd/system ]; then /usr/lib/php/sessionclean; fi)
May 21 04:17:01 mgmt-b CRON[791]: (root) CMD (   cd / && run-parts --report /etc/cron.hourly)
May 21 04:30:01 mgmt-b CRON[2116]: (bitstudent) CMD (sudo bash ~/OE2-Group-Project/Scripts/mgmt/backup.sh)
