May 24 22:15:17 backup-b CRON[5953]: (CRON) info (No MTA installed, discarding output)
May 24 22:17:01 backup-b CRON[6236]: (root) CMD (   cd / && run-parts --report /etc/cron.hourly)
May 24 22:20:01 backup-b CRON[6462]: (bitstudent) CMD (sudo bash /etc/backup/restore.sh)
May 24 22:20:02 backup-b CRON[6461]: (CRON) info (No MTA installed, discarding output)
May 24 23:17:01 backup-b CRON[10799]: (root) CMD (   cd / && run-parts --report /etc/cron.hourly)
May 25 00:15:01 backup-b CRON[15276]: (bitstudent) CMD (sudo bash /etc/backup/daily.sh)
May 25 00:15:16 backup-b CRON[15275]: (CRON) info (No MTA installed, discarding output)
May 25 00:17:01 backup-b CRON[15438]: (root) CMD (   cd / && run-parts --report /etc/cron.hourly)
May 25 01:17:01 backup-b CRON[20035]: (root) CMD (   cd / && run-parts --report /etc/cron.hourly)
May 25 02:15:01 backup-b CRON[24416]: (bitstudent) CMD (sudo bash ~/OE2-Group-Project/Scripts/backup/backup.sh)
May 25 02:15:15 backup-b CRON[24415]: (CRON) info (No MTA installed, discarding output)
May 25 02:17:01 backup-b CRON[24670]: (root) CMD (   cd / && run-parts --report /etc/cron.hourly)
May 25 02:20:01 backup-b CRON[24892]: (bitstudent) CMD (sudo bash /etc/backup/restore.sh)
May 25 02:20:01 backup-b CRON[24891]: (CRON) info (No MTA installed, discarding output)
May 25 03:17:01 backup-b CRON[29686]: (root) CMD (   cd / && run-parts --report /etc/cron.hourly)
May 25 04:15:01 backup-b CRON[1740]: (bitstudent) CMD (sudo bash ~/OE2-Group-Project/Scripts/backup/backup.sh)
May 25 04:15:14 backup-b CRON[1739]: (CRON) info (No MTA installed, discarding output)
May 25 04:17:01 backup-b CRON[1987]: (root) CMD (   cd / && run-parts --report /etc/cron.hourly)
May 25 05:17:01 backup-b CRON[6488]: (root) CMD (   cd / && run-parts --report /etc/cron.hourly)
May 25 06:15:01 backup-b CRON[10855]: (bitstudent) CMD (sudo bash ~/OE2-Group-Project/Scripts/backup/backup.sh)
May 25 06:15:15 backup-b CRON[10854]: (CRON) info (No MTA installed, discarding output)
May 25 06:17:01 backup-b CRON[11113]: (root) CMD (   cd / && run-parts --report /etc/cron.hourly)
May 25 06:20:01 backup-b CRON[11334]: (bitstudent) CMD (sudo bash /etc/backup/restore.sh)
May 25 06:20:01 backup-b CRON[11333]: (CRON) info (No MTA installed, discarding output)
May 25 06:25:01 backup-b CRON[11730]: (root) CMD (test -x /usr/sbin/anacron || ( cd / && run-parts --report /etc/cron.daily ))
May 25 07:14:01 backup-b CRON[15755]: (root) CMD (   test -x /etc/cron.daily/popularity-contest && /etc/cron.daily/popularity-contest --crond)
May 25 07:17:01 backup-b CRON[15986]: (root) CMD (   cd / && run-parts --report /etc/cron.hourly)
May 25 08:15:01 backup-b CRON[20431]: (bitstudent) CMD (sudo bash ~/OE2-Group-Project/Scripts/backup/backup.sh)
May 25 08:15:15 backup-b CRON[20430]: (CRON) info (No MTA installed, discarding output)
May 25 08:17:01 backup-b CRON[20688]: (root) CMD (   cd / && run-parts --report /etc/cron.hourly)
May 25 09:17:01 backup-b CRON[25230]: (root) CMD (   cd / && run-parts --report /etc/cron.hourly)
May 25 10:17:01 backup-b CRON[30443]: (root) CMD (   cd / && run-parts --report /etc/cron.hourly)
May 25 10:20:01 backup-b CRON[30794]: (bitstudent) CMD (sudo bash /etc/backup/restore.sh)
May 25 10:20:01 backup-b CRON[30793]: (CRON) info (No MTA installed, discarding output)
May 25 11:15:01 backup-b CRON[3074]: (bitstudent) CMD (sudo bash ~/OE2-Group-Project/Scripts/backup/backup.sh)
