2022/05/31 06:40:02 [15587] building file list
2022/05/31 06:40:02 [15587] (new) backup_dir is /home/groupb/backup/db/backup-31-05-2022-06-40-01
2022/05/31 06:40:02 [15587] delta-transmission enabled
2022/05/31 06:40:02 [15587] node-exporter/LICENSE is uptodate
2022/05/31 06:40:02 [15587] node-exporter/NOTICE is uptodate
2022/05/31 06:40:02 [15587] node-exporter/node_exporter is uptodate
2022/05/31 06:40:02 [15587] total: matches=0  hash_hits=0  false_alarms=0 data=0
2022/05/31 06:40:02 [15587] sent 170 bytes  received 253 bytes  282.00 bytes/sec
2022/05/31 06:40:02 [15587] total size is 18.24M  speedup is 43,122.33
2022/05/31 06:40:02 [15589] building file list
2022/05/31 06:40:02 [15589] (new) backup_dir is /home/groupb/backup/db/backup-31-05-2022-06-40-01
2022/05/31 06:40:02 [15589] delta-transmission enabled
2022/05/31 06:40:02 [15589] nagios/nagios_service.cfg is uptodate
2022/05/31 06:40:02 [15589] nagios/nrpe.cfg is uptodate
2022/05/31 06:40:02 [15589] nagios/nrpe_local.cfg is uptodate
2022/05/31 06:40:02 [15589] total: matches=0  hash_hits=0  false_alarms=0 data=0
2022/05/31 06:40:02 [15589] sent 212 bytes  received 250 bytes  924.00 bytes/sec
2022/05/31 06:40:02 [15589] total size is 13.55K  speedup is 29.34
2022/05/31 06:40:03 [15591] building file list
2022/05/31 06:40:03 [15591] (new) backup_dir is /home/groupb/backup/db/backup-31-05-2022-06-40-01
2022/05/31 06:40:03 [15591] delta-transmission enabled
2022/05/31 06:40:03 [15591] nagios-plugins/config/apt.cfg is uptodate
2022/05/31 06:40:03 [15591] nagios-plugins/config/check_nrpe.cfg is uptodate
2022/05/31 06:40:03 [15591] nagios-plugins/config/check_service.sh is uptodate
2022/05/31 06:40:03 [15591] nagios-plugins/config/dhcp.cfg is uptodate
2022/05/31 06:40:03 [15591] nagios-plugins/config/disk.cfg is uptodate
2022/05/31 06:40:03 [15591] nagios-plugins/config/dummy.cfg is uptodate
2022/05/31 06:40:03 [15591] nagios-plugins/config/ftp.cfg is uptodate
2022/05/31 06:40:03 [15591] nagios-plugins/config/http.cfg is uptodate
2022/05/31 06:40:03 [15591] nagios-plugins/config/load.cfg is uptodate
2022/05/31 06:40:03 [15591] nagios-plugins/config/mail.cfg is uptodate
2022/05/31 06:40:03 [15591] nagios-plugins/config/news.cfg is uptodate
2022/05/31 06:40:03 [15591] nagios-plugins/config/ntp.cfg is uptodate
2022/05/31 06:40:03 [15591] nagios-plugins/config/ping.cfg is uptodate
2022/05/31 06:40:03 [15591] nagios-plugins/config/procs.cfg is uptodate
2022/05/31 06:40:03 [15591] nagios-plugins/config/real.cfg is uptodate
2022/05/31 06:40:03 [15591] nagios-plugins/config/ssh.cfg is uptodate
2022/05/31 06:40:03 [15591] nagios-plugins/config/tcp_udp.cfg is uptodate
2022/05/31 06:40:03 [15591] nagios-plugins/config/telnet.cfg is uptodate
2022/05/31 06:40:03 [15591] nagios-plugins/config/users.cfg is uptodate
2022/05/31 06:40:03 [15591] total: matches=0  hash_hits=0  false_alarms=0 data=0
2022/05/31 06:40:03 [15591] sent 541 bytes  received 1.10K bytes  1.09K bytes/sec
2022/05/31 06:40:03 [15591] total size is 25.90K  speedup is 15.81
2022/05/31 06:40:03 [15593] building file list
2022/05/31 06:40:03 [15593] (new) backup_dir is /home/groupb/backup/db/backup-31-05-2022-06-40-01
2022/05/31 06:40:03 [15593] delta-transmission enabled
2022/05/31 06:40:03 [15593] mysql/debian-start is uptodate
2022/05/31 06:40:03 [15593] mysql/debian.cnf is uptodate
2022/05/31 06:40:03 [15593] mysql/mariadb.cnf is uptodate
2022/05/31 06:40:03 [15593] mysql/my.cnf is uptodate
2022/05/31 06:40:03 [15593] mysql/my.cnf.fallback is uptodate
2022/05/31 06:40:03 [15593] mysql/conf.d/mysql.cnf is uptodate
2022/05/31 06:40:03 [15593] mysql/conf.d/mysqldump.cnf is uptodate
2022/05/31 06:40:03 [15593] mysql/mariadb.conf.d/50-client.cnf is uptodate
2022/05/31 06:40:03 [15593] mysql/mariadb.conf.d/50-mysql-clients.cnf is uptodate
2022/05/31 06:40:03 [15593] mysql/mariadb.conf.d/50-mysqld_safe.cnf is uptodate
2022/05/31 06:40:03 [15593] mysql/mariadb.conf.d/50-server.cnf is uptodate
2022/05/31 06:40:03 [15593] total: matches=0  hash_hits=0  false_alarms=0 data=0
2022/05/31 06:40:03 [15593] sent 517 bytes  received 633 bytes  2.30K bytes/sec
2022/05/31 06:40:03 [15593] total size is 9.18K  speedup is 7.98
2022/05/31 06:40:04 [15595] building file list
2022/05/31 06:40:04 [15595] (new) backup_dir is /home/groupb/backup/db/backup-31-05-2022-06-40-01
2022/05/31 06:40:04 [15595] delta-transmission enabled
2022/05/31 06:40:04 [15595] puppet/auth.conf is uptodate
2022/05/31 06:40:04 [15595] puppet/hiera.yaml is uptodate
2022/05/31 06:40:04 [15595] puppet/puppet.conf is uptodate
2022/05/31 06:40:04 [15595] puppet/code/.gitinclude is uptodate
2022/05/31 06:40:04 [15595] total: matches=0  hash_hits=0  false_alarms=0 data=0
2022/05/31 06:40:04 [15595] sent 227 bytes  received 283 bytes  340.00 bytes/sec
2022/05/31 06:40:04 [15595] total size is 5.71K  speedup is 11.19
2022/05/31 06:40:04 [15597] building file list
2022/05/31 06:40:04 [15597] (new) backup_dir is /home/groupb/backup/db/backup-31-05-2022-06-40-01
2022/05/31 06:40:04 [15597] delta-transmission enabled
2022/05/31 06:40:04 [15597] <f..t...... mysql-backup/sqlbackup.sql
2022/05/31 06:40:04 [15597] backed up mysql-backup/sqlbackup.sql to /home/groupb/backup/db/backup-31-05-2022-06-40-01/mysql-backup/sqlbackup.sql
2022/05/31 06:40:04 [15597] total: matches=861  hash_hits=861  false_alarms=0 data=755
2022/05/31 06:40:04 [15597] sent 4.37K bytes  received 5.44K bytes  19.62K bytes/sec
2022/05/31 06:40:04 [15597] total size is 730.88K  speedup is 74.50
2022/05/31 10:40:02 [21070] building file list
2022/05/31 10:40:02 [21070] (new) backup_dir is /home/groupb/backup/db/backup-31-05-2022-10-40-02
2022/05/31 10:40:02 [21070] delta-transmission enabled
2022/05/31 10:40:02 [21070] node-exporter/LICENSE is uptodate
2022/05/31 10:40:02 [21070] node-exporter/NOTICE is uptodate
2022/05/31 10:40:02 [21070] node-exporter/node_exporter is uptodate
2022/05/31 10:40:02 [21070] total: matches=0  hash_hits=0  false_alarms=0 data=0
2022/05/31 10:40:02 [21070] sent 170 bytes  received 253 bytes  846.00 bytes/sec
2022/05/31 10:40:02 [21070] total size is 18.24M  speedup is 43,122.33
2022/05/31 10:40:03 [21072] building file list
2022/05/31 10:40:03 [21072] (new) backup_dir is /home/groupb/backup/db/backup-31-05-2022-10-40-02
2022/05/31 10:40:03 [21072] delta-transmission enabled
2022/05/31 10:40:03 [21072] nagios/nagios_service.cfg is uptodate
2022/05/31 10:40:03 [21072] nagios/nrpe.cfg is uptodate
2022/05/31 10:40:03 [21072] nagios/nrpe_local.cfg is uptodate
2022/05/31 10:40:03 [21072] total: matches=0  hash_hits=0  false_alarms=0 data=0
2022/05/31 10:40:03 [21072] sent 216 bytes  received 250 bytes  310.67 bytes/sec
2022/05/31 10:40:03 [21072] total size is 13.55K  speedup is 29.09
2022/05/31 10:40:03 [21074] building file list
2022/05/31 10:40:03 [21074] (new) backup_dir is /home/groupb/backup/db/backup-31-05-2022-10-40-02
2022/05/31 10:40:03 [21074] delta-transmission enabled
2022/05/31 10:40:03 [21074] nagios-plugins/config/apt.cfg is uptodate
2022/05/31 10:40:03 [21074] nagios-plugins/config/check_nrpe.cfg is uptodate
2022/05/31 10:40:03 [21074] nagios-plugins/config/check_service.sh is uptodate
2022/05/31 10:40:03 [21074] nagios-plugins/config/dhcp.cfg is uptodate
2022/05/31 10:40:03 [21074] nagios-plugins/config/disk.cfg is uptodate
2022/05/31 10:40:03 [21074] nagios-plugins/config/dummy.cfg is uptodate
2022/05/31 10:40:03 [21074] nagios-plugins/config/ftp.cfg is uptodate
2022/05/31 10:40:03 [21074] nagios-plugins/config/http.cfg is uptodate
2022/05/31 10:40:03 [21074] nagios-plugins/config/load.cfg is uptodate
2022/05/31 10:40:03 [21074] nagios-plugins/config/mail.cfg is uptodate
2022/05/31 10:40:03 [21074] nagios-plugins/config/news.cfg is uptodate
2022/05/31 10:40:03 [21074] nagios-plugins/config/ntp.cfg is uptodate
2022/05/31 10:40:03 [21074] nagios-plugins/config/ping.cfg is uptodate
2022/05/31 10:40:03 [21074] nagios-plugins/config/procs.cfg is uptodate
2022/05/31 10:40:03 [21074] nagios-plugins/config/real.cfg is uptodate
2022/05/31 10:40:03 [21074] nagios-plugins/config/ssh.cfg is uptodate
2022/05/31 10:40:03 [21074] nagios-plugins/config/tcp_udp.cfg is uptodate
2022/05/31 10:40:03 [21074] nagios-plugins/config/telnet.cfg is uptodate
2022/05/31 10:40:03 [21074] nagios-plugins/config/users.cfg is uptodate
2022/05/31 10:40:03 [21074] total: matches=0  hash_hits=0  false_alarms=0 data=0
2022/05/31 10:40:03 [21074] sent 541 bytes  received 1.10K bytes  3.28K bytes/sec
2022/05/31 10:40:03 [21074] total size is 25.90K  speedup is 15.81
2022/05/31 10:40:04 [21076] building file list
2022/05/31 10:40:04 [21076] (new) backup_dir is /home/groupb/backup/db/backup-31-05-2022-10-40-02
2022/05/31 10:40:04 [21076] delta-transmission enabled
2022/05/31 10:40:04 [21076] mysql/debian-start is uptodate
2022/05/31 10:40:04 [21076] mysql/debian.cnf is uptodate
2022/05/31 10:40:04 [21076] mysql/mariadb.cnf is uptodate
2022/05/31 10:40:04 [21076] mysql/my.cnf is uptodate
2022/05/31 10:40:04 [21076] mysql/my.cnf.fallback is uptodate
2022/05/31 10:40:04 [21076] mysql/conf.d/mysql.cnf is uptodate
2022/05/31 10:40:04 [21076] mysql/conf.d/mysqldump.cnf is uptodate
2022/05/31 10:40:04 [21076] mysql/mariadb.conf.d/50-client.cnf is uptodate
2022/05/31 10:40:04 [21076] mysql/mariadb.conf.d/50-mysql-clients.cnf is uptodate
2022/05/31 10:40:04 [21076] mysql/mariadb.conf.d/50-mysqld_safe.cnf is uptodate
2022/05/31 10:40:04 [21076] mysql/mariadb.conf.d/50-server.cnf is uptodate
2022/05/31 10:40:04 [21076] total: matches=0  hash_hits=0  false_alarms=0 data=0
2022/05/31 10:40:04 [21076] sent 513 bytes  received 633 bytes  764.00 bytes/sec
2022/05/31 10:40:04 [21076] total size is 9.18K  speedup is 8.01
2022/05/31 10:40:04 [21078] building file list
2022/05/31 10:40:04 [21078] (new) backup_dir is /home/groupb/backup/db/backup-31-05-2022-10-40-02
2022/05/31 10:40:04 [21078] delta-transmission enabled
2022/05/31 10:40:04 [21078] puppet/auth.conf is uptodate
2022/05/31 10:40:04 [21078] puppet/hiera.yaml is uptodate
2022/05/31 10:40:04 [21078] puppet/puppet.conf is uptodate
2022/05/31 10:40:04 [21078] puppet/code/.gitinclude is uptodate
2022/05/31 10:40:04 [21078] total: matches=0  hash_hits=0  false_alarms=0 data=0
2022/05/31 10:40:04 [21078] sent 231 bytes  received 283 bytes  1.03K bytes/sec
2022/05/31 10:40:04 [21078] total size is 5.71K  speedup is 11.11
2022/05/31 10:40:05 [21080] building file list
2022/05/31 10:40:05 [21080] (new) backup_dir is /home/groupb/backup/db/backup-31-05-2022-10-40-02
2022/05/31 10:40:05 [21080] delta-transmission enabled
2022/05/31 10:40:05 [21080] <f.st...... mysql-backup/sqlbackup.sql
2022/05/31 10:40:05 [21080] backed up mysql-backup/sqlbackup.sql to /home/groupb/backup/db/backup-31-05-2022-10-40-02/mysql-backup/sqlbackup.sql
2022/05/31 10:40:05 [21080] total: matches=819  hash_hits=1318  false_alarms=0 data=38936
2022/05/31 10:40:05 [21080] sent 42.46K bytes  received 5.44K bytes  31.93K bytes/sec
2022/05/31 10:40:05 [21080] total size is 733.45K  speedup is 15.31
