May 26 00:15:17 backup-b rsyncd[32198]: rsync: failed to open log-file /home/root/log.log: No such file or directory (2)
May 26 00:15:17 backup-b rsyncd[32198]: Ignoring "log file" setting.
May 26 00:15:17 backup-b rsyncd[32198]: rsync: connection unexpectedly closed (0 bytes received so far) [sender]
May 26 00:15:17 backup-b rsyncd[32198]: rsync error: error in rsync protocol data stream (code 12) at io.c(235) [sender=3.1.2]
May 27 00:15:17 backup-b rsyncd[16987]: rsync: failed to open log-file /home/root/log.log: No such file or directory (2)
May 27 00:15:17 backup-b rsyncd[16987]: Ignoring "log file" setting.
May 27 00:15:17 backup-b rsyncd[16987]: rsync: connection unexpectedly closed (0 bytes received so far) [sender]
May 27 00:15:17 backup-b rsyncd[16987]: rsync error: error in rsync protocol data stream (code 12) at io.c(235) [sender=3.1.2]
May 28 06:36:13 backup-b os-prober: debug: running /usr/lib/os-probes/50mounted-tests on /dev/sda14
May 28 06:36:13 backup-b 50mounted-tests: debug: /dev/sda14 type not recognised; skipping
May 28 06:36:13 backup-b os-prober: debug: os detected by /usr/lib/os-probes/50mounted-tests
May 28 06:36:13 backup-b os-prober: debug: running /usr/lib/os-probes/mounted/05efi on mounted /dev/sda15
May 28 06:36:13 backup-b 05efi: debug: /dev/sda15 is a FAT32 partition
May 28 06:36:13 backup-b 05efi: debug: /dev/sda15 partition scheme is gpt
May 28 06:36:13 backup-b 05efi: debug: /dev/sda15 partition type is c12a7328-f81f-11d2-ba4b-00a0c93ec93b
May 28 06:36:13 backup-b 05efi: debug: running subtest /usr/lib/os-probes/mounted/efi/10elilo
May 28 06:36:13 backup-b 05efi: debug: running subtest /usr/lib/os-probes/mounted/efi/20microsoft
May 28 06:36:13 backup-b os-prober: debug: running /usr/lib/os-probes/mounted/10freedos on mounted /dev/sda15
May 28 06:36:13 backup-b 10freedos: debug: /dev/sda15 is a FAT32 partition
May 28 06:36:13 backup-b os-prober: debug: running /usr/lib/os-probes/mounted/10qnx on mounted /dev/sda15
May 28 06:36:13 backup-b 10qnx: debug: /dev/sda15 is not a QNX4 partition: exiting
May 28 06:36:13 backup-b os-prober: debug: running /usr/lib/os-probes/mounted/20macosx on mounted /dev/sda15
May 28 06:36:13 backup-b macosx-prober: debug: /dev/sda15 is not an HFS+ partition: exiting
May 28 06:36:13 backup-b os-prober: debug: running /usr/lib/os-probes/mounted/20microsoft on mounted /dev/sda15
May 28 06:36:13 backup-b 20microsoft: debug: Skipping legacy bootloaders on UEFI system
May 28 06:36:13 backup-b os-prober: debug: running /usr/lib/os-probes/mounted/30utility on mounted /dev/sda15
May 28 06:36:13 backup-b 30utility: debug: /dev/sda15 is a FAT32 partition
May 28 06:36:13 backup-b os-prober: debug: running /usr/lib/os-probes/mounted/40lsb on mounted /dev/sda15
May 28 06:36:13 backup-b os-prober: debug: running /usr/lib/os-probes/mounted/70hurd on mounted /dev/sda15
May 28 06:36:13 backup-b os-prober: debug: running /usr/lib/os-probes/mounted/80minix on mounted /dev/sda15
May 28 06:36:13 backup-b os-prober: debug: running /usr/lib/os-probes/mounted/83haiku on mounted /dev/sda15
May 28 06:36:13 backup-b 83haiku: debug: /dev/sda15 is not a BeFS partition: exiting
May 28 06:36:13 backup-b os-prober: debug: running /usr/lib/os-probes/mounted/90linux-distro on mounted /dev/sda15
May 28 06:36:13 backup-b os-prober: debug: running /usr/lib/os-probes/mounted/90solaris on mounted /dev/sda15
May 28 06:36:13 backup-b os-prober: debug: running /usr/lib/os-probes/mounted/05efi on mounted /dev/sdb1
May 28 06:36:13 backup-b 05efi: debug: /dev/sdb1 is ext4 partition: exiting
May 28 06:36:13 backup-b os-prober: debug: running /usr/lib/os-probes/mounted/10freedos on mounted /dev/sdb1
May 28 06:36:13 backup-b 10freedos: debug: /dev/sdb1 is not a FAT partition: exiting
May 28 06:36:13 backup-b os-prober: debug: running /usr/lib/os-probes/mounted/10qnx on mounted /dev/sdb1
May 28 06:36:13 backup-b 10qnx: debug: /dev/sdb1 is not a QNX4 partition: exiting
May 28 06:36:13 backup-b os-prober: debug: running /usr/lib/os-probes/mounted/20macosx on mounted /dev/sdb1
May 28 06:36:13 backup-b macosx-prober: debug: /dev/sdb1 is not an HFS+ partition: exiting
May 28 06:36:13 backup-b os-prober: debug: running /usr/lib/os-probes/mounted/20microsoft on mounted /dev/sdb1
May 28 06:36:13 backup-b 20microsoft: debug: Skipping legacy bootloaders on UEFI system
May 28 06:36:13 backup-b os-prober: debug: running /usr/lib/os-probes/mounted/30utility on mounted /dev/sdb1
May 28 06:36:13 backup-b 30utility: debug: /dev/sdb1 is not a FAT partition: exiting
May 28 06:36:13 backup-b os-prober: debug: running /usr/lib/os-probes/mounted/40lsb on mounted /dev/sdb1
May 28 06:36:13 backup-b os-prober: debug: running /usr/lib/os-probes/mounted/70hurd on mounted /dev/sdb1
May 28 06:36:13 backup-b os-prober: debug: running /usr/lib/os-probes/mounted/80minix on mounted /dev/sdb1
May 28 06:36:13 backup-b os-prober: debug: running /usr/lib/os-probes/mounted/83haiku on mounted /dev/sdb1
May 28 06:36:13 backup-b 83haiku: debug: /dev/sdb1 is not a BeFS partition: exiting
May 28 06:36:13 backup-b os-prober: debug: running /usr/lib/os-probes/mounted/90linux-distro on mounted /dev/sdb1
May 28 06:36:13 backup-b os-prober: debug: running /usr/lib/os-probes/mounted/90solaris on mounted /dev/sdb1
