May 25 22:39:01 mgmt-b CRON[18283]: (root) CMD (  [ -x /usr/lib/php/sessionclean ] && if [ ! -d /run/systemd/system ]; then /usr/lib/php/sessionclean; fi)
May 25 23:09:01 mgmt-b CRON[21406]: (root) CMD (  [ -x /usr/lib/php/sessionclean ] && if [ ! -d /run/systemd/system ]; then /usr/lib/php/sessionclean; fi)
May 25 23:17:01 mgmt-b CRON[22306]: (root) CMD (   cd / && run-parts --report /etc/cron.hourly)
May 25 23:39:01 mgmt-b CRON[24507]: (root) CMD (  [ -x /usr/lib/php/sessionclean ] && if [ ! -d /run/systemd/system ]; then /usr/lib/php/sessionclean; fi)
May 26 00:09:01 mgmt-b CRON[27561]: (root) CMD (  [ -x /usr/lib/php/sessionclean ] && if [ ! -d /run/systemd/system ]; then /usr/lib/php/sessionclean; fi)
May 26 00:15:02 mgmt-b CRON[28272]: (bitstudent) CMD (sudo bash /etc/backup/daily.sh)
May 26 00:17:01 mgmt-b CRON[28486]: (root) CMD (   cd / && run-parts --report /etc/cron.hourly)
May 26 00:39:01 mgmt-b CRON[30689]: (root) CMD (  [ -x /usr/lib/php/sessionclean ] && if [ ! -d /run/systemd/system ]; then /usr/lib/php/sessionclean; fi)
May 26 01:09:01 mgmt-b CRON[1325]: (root) CMD (  [ -x /usr/lib/php/sessionclean ] && if [ ! -d /run/systemd/system ]; then /usr/lib/php/sessionclean; fi)
May 26 01:17:01 mgmt-b CRON[2281]: (root) CMD (   cd / && run-parts --report /etc/cron.hourly)
May 26 01:39:01 mgmt-b CRON[4494]: (root) CMD (  [ -x /usr/lib/php/sessionclean ] && if [ ! -d /run/systemd/system ]; then /usr/lib/php/sessionclean; fi)
May 26 02:09:01 mgmt-b CRON[7994]: (root) CMD (  [ -x /usr/lib/php/sessionclean ] && if [ ! -d /run/systemd/system ]; then /usr/lib/php/sessionclean; fi)
May 26 02:10:01 mgmt-b CRON[8172]: (bitstudent) CMD (sudo bash /etc/backup/restore.sh)
May 26 02:17:01 mgmt-b CRON[8935]: (root) CMD (   cd / && run-parts --report /etc/cron.hourly)
May 26 02:30:01 mgmt-b CRON[10256]: (bitstudent) CMD (sudo bash ~/OE2-Group-Project/Scripts/mgmt/backup.sh)
May 26 02:39:01 mgmt-b CRON[11214]: (root) CMD (  [ -x /usr/lib/php/sessionclean ] && if [ ! -d /run/systemd/system ]; then /usr/lib/php/sessionclean; fi)
May 26 03:09:01 mgmt-b CRON[14262]: (root) CMD (  [ -x /usr/lib/php/sessionclean ] && if [ ! -d /run/systemd/system ]; then /usr/lib/php/sessionclean; fi)
May 26 03:17:01 mgmt-b CRON[15153]: (root) CMD (   cd / && run-parts --report /etc/cron.hourly)
May 26 03:39:01 mgmt-b CRON[17339]: (root) CMD (  [ -x /usr/lib/php/sessionclean ] && if [ ! -d /run/systemd/system ]; then /usr/lib/php/sessionclean; fi)
May 26 04:09:01 mgmt-b CRON[20413]: (root) CMD (  [ -x /usr/lib/php/sessionclean ] && if [ ! -d /run/systemd/system ]; then /usr/lib/php/sessionclean; fi)
May 26 04:17:01 mgmt-b CRON[21323]: (root) CMD (   cd / && run-parts --report /etc/cron.hourly)
May 26 04:30:01 mgmt-b CRON[22630]: (bitstudent) CMD (sudo bash ~/OE2-Group-Project/Scripts/mgmt/backup.sh)
May 26 04:39:01 mgmt-b CRON[23601]: (root) CMD (  [ -x /usr/lib/php/sessionclean ] && if [ ! -d /run/systemd/system ]; then /usr/lib/php/sessionclean; fi)
May 26 05:09:01 mgmt-b CRON[26665]: (root) CMD (  [ -x /usr/lib/php/sessionclean ] && if [ ! -d /run/systemd/system ]; then /usr/lib/php/sessionclean; fi)
May 26 05:17:01 mgmt-b CRON[27554]: (root) CMD (   cd / && run-parts --report /etc/cron.hourly)
May 26 05:39:01 mgmt-b CRON[29744]: (root) CMD (  [ -x /usr/lib/php/sessionclean ] && if [ ! -d /run/systemd/system ]; then /usr/lib/php/sessionclean; fi)
May 26 06:09:01 mgmt-b CRON[442]: (root) CMD (  [ -x /usr/lib/php/sessionclean ] && if [ ! -d /run/systemd/system ]; then /usr/lib/php/sessionclean; fi)
May 26 06:10:01 mgmt-b CRON[637]: (bitstudent) CMD (sudo bash /etc/backup/restore.sh)
May 26 06:17:01 mgmt-b CRON[1421]: (root) CMD (   cd / && run-parts --report /etc/cron.hourly)
May 26 06:25:01 mgmt-b CRON[2333]: (root) CMD (test -x /usr/sbin/anacron || ( cd / && run-parts --report /etc/cron.daily ))
May 26 06:30:01 mgmt-b CRON[2995]: (bitstudent) CMD (sudo bash ~/OE2-Group-Project/Scripts/mgmt/backup.sh)
May 26 06:39:01 mgmt-b CRON[3960]: (root) CMD (  [ -x /usr/lib/php/sessionclean ] && if [ ! -d /run/systemd/system ]; then /usr/lib/php/sessionclean; fi)
May 26 07:09:01 mgmt-b CRON[7016]: (root) CMD (  [ -x /usr/lib/php/sessionclean ] && if [ ! -d /run/systemd/system ]; then /usr/lib/php/sessionclean; fi)
May 26 07:14:01 mgmt-b CRON[7614]: (root) CMD (   test -x /etc/cron.daily/popularity-contest && /etc/cron.daily/popularity-contest --crond)
May 26 07:17:01 mgmt-b CRON[7922]: (root) CMD (   cd / && run-parts --report /etc/cron.hourly)
May 26 07:30:01 mgmt-b CRON[9234]: (bitstudent) CMD (sudo bash ~/OE2-Group-Project/Scripts/mgmt/backup.sh)
May 26 07:39:01 mgmt-b CRON[10195]: (root) CMD (  [ -x /usr/lib/php/sessionclean ] && if [ ! -d /run/systemd/system ]; then /usr/lib/php/sessionclean; fi)
May 26 08:09:01 mgmt-b CRON[13236]: (root) CMD (  [ -x /usr/lib/php/sessionclean ] && if [ ! -d /run/systemd/system ]; then /usr/lib/php/sessionclean; fi)
May 26 08:17:01 mgmt-b CRON[14301]: (root) CMD (   cd / && run-parts --report /etc/cron.hourly)
May 26 08:30:01 mgmt-b CRON[15623]: (bitstudent) CMD (sudo bash ~/OE2-Group-Project/Scripts/mgmt/backup.sh)
May 26 08:39:01 mgmt-b CRON[16583]: (root) CMD (  [ -x /usr/lib/php/sessionclean ] && if [ ! -d /run/systemd/system ]; then /usr/lib/php/sessionclean; fi)
May 26 09:09:01 mgmt-b CRON[19149]: (root) CMD (  [ -x /usr/lib/php/sessionclean ] && if [ ! -d /run/systemd/system ]; then /usr/lib/php/sessionclean; fi)
May 26 09:17:01 mgmt-b CRON[19486]: (root) CMD (   cd / && run-parts --report /etc/cron.hourly)
May 26 09:39:01 mgmt-b CRON[20223]: (root) CMD (  [ -x /usr/lib/php/sessionclean ] && if [ ! -d /run/systemd/system ]; then /usr/lib/php/sessionclean; fi)
May 26 10:09:01 mgmt-b CRON[21705]: (root) CMD (  [ -x /usr/lib/php/sessionclean ] && if [ ! -d /run/systemd/system ]; then /usr/lib/php/sessionclean; fi)
May 26 10:10:01 mgmt-b CRON[21815]: (bitstudent) CMD (sudo bash /etc/backup/restore.sh)
May 26 10:17:01 mgmt-b CRON[22052]: (root) CMD (   cd / && run-parts --report /etc/cron.hourly)
May 26 10:39:01 mgmt-b CRON[22760]: (root) CMD (  [ -x /usr/lib/php/sessionclean ] && if [ ! -d /run/systemd/system ]; then /usr/lib/php/sessionclean; fi)
May 26 11:09:01 mgmt-b CRON[23785]: (root) CMD (  [ -x /usr/lib/php/sessionclean ] && if [ ! -d /run/systemd/system ]; then /usr/lib/php/sessionclean; fi)
May 26 11:17:01 mgmt-b CRON[24115]: (root) CMD (   cd / && run-parts --report /etc/cron.hourly)
May 26 11:30:01 mgmt-b CRON[24553]: (bitstudent) CMD (sudo bash ~/OE2-Group-Project/Scripts/mgmt/backup.sh)
