2022/05/31 00:15:04 [11935] building file list
2022/05/31 00:15:04 [11935] (new) backup_dir is /home/groupb/backup/mgmt/backup/daily
2022/05/31 00:15:04 [11935] delta-transmission enabled
2022/05/31 00:15:04 [11935] <f+++++++++ backup-20220531.zip
2022/05/31 00:15:04 [11935] total: matches=0  hash_hits=0  false_alarms=0 data=18204134
2022/05/31 00:15:04 [11935] sent 18.21M bytes  received 128 bytes  12.14M bytes/sec
2022/05/31 00:15:04 [11935] total size is 18.20M  speedup is 1.00
2022/06/01 00:15:04 [5152] building file list
2022/06/01 00:15:04 [5152] (new) backup_dir is /home/groupb/backup/mgmt/backup/daily
2022/06/01 00:15:04 [5152] delta-transmission enabled
2022/06/01 00:15:04 [5152] <f+++++++++ backup-20220601.zip
2022/06/01 00:15:04 [5152] total: matches=0  hash_hits=0  false_alarms=0 data=18204124
2022/06/01 00:15:04 [5152] sent 18.21M bytes  received 128 bytes  36.42M bytes/sec
2022/06/01 00:15:04 [5152] total size is 18.20M  speedup is 1.00
2022/06/02 00:15:04 [1203] building file list
2022/06/02 00:15:04 [1203] (new) backup_dir is /home/groupb/backup/mgmt/backup/daily
2022/06/02 00:15:04 [1203] delta-transmission enabled
2022/06/02 00:15:04 [1203] <f+++++++++ backup-20220602.zip
2022/06/02 00:15:05 [1203] total: matches=0  hash_hits=0  false_alarms=0 data=18203385
2022/06/02 00:15:05 [1203] sent 18.21M bytes  received 128 bytes  12.14M bytes/sec
2022/06/02 00:15:05 [1203] total size is 18.20M  speedup is 1.00
2022/06/03 00:15:04 [29595] building file list
2022/06/03 00:15:04 [29595] (new) backup_dir is /home/groupb/backup/mgmt/backup/daily
2022/06/03 00:15:04 [29595] delta-transmission enabled
2022/06/03 00:15:04 [29595] <f+++++++++ backup-20220603.zip
2022/06/03 00:15:04 [29595] total: matches=0  hash_hits=0  false_alarms=0 data=18343765
2022/06/03 00:15:04 [29595] sent 18.35M bytes  received 128 bytes  12.23M bytes/sec
2022/06/03 00:15:04 [29595] total size is 18.34M  speedup is 1.00
