2022/05/28 22:10:02 [3259] building file list
2022/05/28 22:10:02 [3259] (new) backup_dir is /home/groupb/backup/mgmt/backup-28-05-2022-22-10-01
2022/05/28 22:10:02 [3259] delta-transmission enabled
2022/05/28 22:10:02 [3259] node-exporter/LICENSE is uptodate
2022/05/28 22:10:02 [3259] node-exporter/NOTICE is uptodate
2022/05/28 22:10:02 [3259] node-exporter/node_exporter is uptodate
2022/05/28 22:10:02 [3259] total: matches=0  hash_hits=0  false_alarms=0 data=0
2022/05/28 22:10:02 [3259] sent 165 bytes  received 255 bytes  280.00 bytes/sec
2022/05/28 22:10:02 [3259] total size is 18.24M  speedup is 43,430.35
2022/05/28 22:10:03 [3261] building file list
2022/05/28 22:10:03 [3261] (new) backup_dir is /home/groupb/backup/mgmt/backup-28-05-2022-22-10-01
2022/05/28 22:10:03 [3261] delta-transmission enabled
2022/05/28 22:10:03 [3261] nagios/nrpe.cfg is uptodate
2022/05/28 22:10:03 [3261] nagios/nrpe_local.cfg is uptodate
2022/05/28 22:10:03 [3261] total: matches=0  hash_hits=0  false_alarms=0 data=0
2022/05/28 22:10:03 [3261] sent 161 bytes  received 207 bytes  245.33 bytes/sec
2022/05/28 22:10:03 [3261] total size is 12.96K  speedup is 35.21
2022/05/28 22:10:04 [3265] building file list
2022/05/28 22:10:04 [3265] (new) backup_dir is /home/groupb/backup/mgmt/backup-28-05-2022-22-10-01
2022/05/28 22:10:04 [3265] delta-transmission enabled
2022/05/28 22:10:04 [3265] nagios3/apache2.conf is uptodate
2022/05/28 22:10:04 [3265] nagios3/cgi.cfg is uptodate
2022/05/28 22:10:04 [3265] nagios3/commands.cfg is uptodate
2022/05/28 22:10:04 [3265] nagios3/htpasswd.users is uptodate
2022/05/28 22:10:04 [3265] nagios3/nagios.cfg is uptodate
2022/05/28 22:10:04 [3265] nagios3/nrpe.cfg is uptodate
2022/05/28 22:10:04 [3265] nagios3/resource.cfg is uptodate
2022/05/28 22:10:04 [3265] nagios3/conf.d/contacts_nagios2.cfg is uptodate
2022/05/28 22:10:04 [3265] nagios3/conf.d/extinfo_nagios2.cfg is uptodate
2022/05/28 22:10:04 [3265] nagios3/conf.d/generic-host_nagios2.cfg is uptodate
2022/05/28 22:10:04 [3265] nagios3/conf.d/generic-service_nagios2.cfg is uptodate
2022/05/28 22:10:04 [3265] nagios3/conf.d/hostgroups_nagios2.cfg is uptodate
2022/05/28 22:10:04 [3265] nagios3/conf.d/localhost_nagios2.cfg is uptodate
2022/05/28 22:10:04 [3265] nagios3/conf.d/ppt_contactgroups.cfg is uptodate
2022/05/28 22:10:04 [3265] nagios3/conf.d/ppt_contacts.cfg is uptodate
2022/05/28 22:10:04 [3265] nagios3/conf.d/ppt_hostgroups.cfg is uptodate
2022/05/28 22:10:04 [3265] nagios3/conf.d/ppt_hosts.cfg is uptodate
2022/05/28 22:10:04 [3265] nagios3/conf.d/ppt_services.cfg is uptodate
2022/05/28 22:10:04 [3265] nagios3/conf.d/services_nagios2.cfg is uptodate
2022/05/28 22:10:04 [3265] nagios3/conf.d/timeperiods_nagios2.cfg is uptodate
2022/05/28 22:10:04 [3265] nagios3/stylesheets/avail.css is uptodate
2022/05/28 22:10:04 [3265] nagios3/stylesheets/checksanity.css is uptodate
2022/05/28 22:10:04 [3265] nagios3/stylesheets/cmd.css is uptodate
2022/05/28 22:10:04 [3265] nagios3/stylesheets/common.css is uptodate
2022/05/28 22:10:04 [3265] nagios3/stylesheets/config.css is uptodate
2022/05/28 22:10:04 [3265] nagios3/stylesheets/extinfo.css is uptodate
2022/05/28 22:10:04 [3265] nagios3/stylesheets/histogram.css is uptodate
2022/05/28 22:10:04 [3265] nagios3/stylesheets/history.css is uptodate
2022/05/28 22:10:04 [3265] nagios3/stylesheets/ministatus.css is uptodate
2022/05/28 22:10:04 [3265] nagios3/stylesheets/notifications.css is uptodate
2022/05/28 22:10:04 [3265] nagios3/stylesheets/outages.css is uptodate
2022/05/28 22:10:04 [3265] nagios3/stylesheets/showlog.css is uptodate
2022/05/28 22:10:04 [3265] nagios3/stylesheets/status.css is uptodate
2022/05/28 22:10:04 [3265] nagios3/stylesheets/statusmap.css is uptodate
2022/05/28 22:10:04 [3265] nagios3/stylesheets/summary.css is uptodate
2022/05/28 22:10:04 [3265] nagios3/stylesheets/tac.css is uptodate
2022/05/28 22:10:04 [3265] nagios3/stylesheets/trends.css is uptodate
2022/05/28 22:10:04 [3265] total: matches=0  hash_hits=0  false_alarms=0 data=0
2022/05/28 22:10:04 [3265] sent 1.24K bytes  received 1.99K bytes  2.15K bytes/sec
2022/05/28 22:10:04 [3265] total size is 137.65K  speedup is 42.64
2022/05/28 22:10:04 [3271] building file list
2022/05/28 22:10:04 [3271] (new) backup_dir is /home/groupb/backup/mgmt/backup-28-05-2022-22-10-01
2022/05/28 22:10:04 [3271] delta-transmission enabled
2022/05/28 22:10:04 [3271] nagios-plugins/config/apt.cfg is uptodate
2022/05/28 22:10:04 [3271] nagios-plugins/config/breeze.cfg is uptodate
2022/05/28 22:10:04 [3271] nagios-plugins/config/check_nrpe.cfg is uptodate
2022/05/28 22:10:04 [3271] nagios-plugins/config/check_puppet_agent is uptodate
2022/05/28 22:10:04 [3271] nagios-plugins/config/dhcp.cfg is uptodate
2022/05/28 22:10:04 [3271] nagios-plugins/config/disk-smb.cfg is uptodate
2022/05/28 22:10:04 [3271] nagios-plugins/config/disk.cfg is uptodate
2022/05/28 22:10:04 [3271] nagios-plugins/config/dns.cfg is uptodate
2022/05/28 22:10:04 [3271] nagios-plugins/config/dummy.cfg is uptodate
2022/05/28 22:10:04 [3271] nagios-plugins/config/flexlm.cfg is uptodate
2022/05/28 22:10:04 [3271] nagios-plugins/config/fping.cfg is uptodate
2022/05/28 22:10:04 [3271] nagios-plugins/config/ftp.cfg is uptodate
2022/05/28 22:10:04 [3271] nagios-plugins/config/games.cfg is uptodate
2022/05/28 22:10:04 [3271] nagios-plugins/config/hppjd.cfg is uptodate
2022/05/28 22:10:04 [3271] nagios-plugins/config/http.cfg is uptodate
2022/05/28 22:10:04 [3271] nagios-plugins/config/ifstatus.cfg is uptodate
2022/05/28 22:10:04 [3271] nagios-plugins/config/ldap.cfg is uptodate
2022/05/28 22:10:04 [3271] nagios-plugins/config/load.cfg is uptodate
2022/05/28 22:10:04 [3271] nagios-plugins/config/mail.cfg is uptodate
2022/05/28 22:10:04 [3271] nagios-plugins/config/mailq.cfg is uptodate
2022/05/28 22:10:04 [3271] nagios-plugins/config/mrtg.cfg is uptodate
2022/05/28 22:10:04 [3271] nagios-plugins/config/mysql.cfg is uptodate
2022/05/28 22:10:04 [3271] nagios-plugins/config/netware.cfg is uptodate
2022/05/28 22:10:04 [3271] nagios-plugins/config/news.cfg is uptodate
2022/05/28 22:10:04 [3271] nagios-plugins/config/nt.cfg is uptodate
2022/05/28 22:10:04 [3271] nagios-plugins/config/ntp.cfg is uptodate
2022/05/28 22:10:04 [3271] nagios-plugins/config/pgsql.cfg is uptodate
2022/05/28 22:10:04 [3271] nagios-plugins/config/ping.cfg is uptodate
2022/05/28 22:10:04 [3271] nagios-plugins/config/procs.cfg is uptodate
2022/05/28 22:10:04 [3271] nagios-plugins/config/real.cfg is uptodate
2022/05/28 22:10:04 [3271] nagios-plugins/config/rpc-nfs.cfg is uptodate
2022/05/28 22:10:04 [3271] nagios-plugins/config/slack.cfg is uptodate
2022/05/28 22:10:04 [3271] nagios-plugins/config/snmp.cfg is uptodate
2022/05/28 22:10:04 [3271] nagios-plugins/config/ssh.cfg is uptodate
2022/05/28 22:10:04 [3271] nagios-plugins/config/tcp_udp.cfg is uptodate
2022/05/28 22:10:04 [3271] nagios-plugins/config/telnet.cfg is uptodate
2022/05/28 22:10:04 [3271] nagios-plugins/config/users.cfg is uptodate
2022/05/28 22:10:04 [3271] total: matches=0  hash_hits=0  false_alarms=0 data=0
2022/05/28 22:10:04 [3271] sent 891 bytes  received 2.02K bytes  5.83K bytes/sec
2022/05/28 22:10:04 [3271] total size is 47.30K  speedup is 16.23
2022/05/28 22:10:05 [3273] building file list
2022/05/28 22:10:05 [3273] (new) backup_dir is /home/groupb/backup/mgmt/backup-28-05-2022-22-10-01
2022/05/28 22:10:05 [3273] delta-transmission enabled
2022/05/28 22:10:05 [3273] code/environments/production/manifests/site.pp is uptodate
2022/05/28 22:10:05 [3273] code/modules/mariadb/files/50-server.cnf is uptodate
2022/05/28 22:10:05 [3273] code/modules/mariadb/manifests/config.pp is uptodate
2022/05/28 22:10:05 [3273] code/modules/mariadb/manifests/init.pp is uptodate
2022/05/28 22:10:05 [3273] code/modules/mariadb/manifests/install.pp is uptodate
2022/05/28 22:10:05 [3273] code/modules/mariadb/manifests/service.pp is uptodate
2022/05/28 22:10:05 [3273] code/modules/nagios/files/htpasswd.users is uptodate
2022/05/28 22:10:05 [3273] code/modules/nagios/files/nagios.cfg is uptodate
2022/05/28 22:10:05 [3273] code/modules/nagios/manifests/config.pp is uptodate
2022/05/28 22:10:05 [3273] code/modules/nagios/manifests/init.pp is uptodate
2022/05/28 22:10:05 [3273] code/modules/nagios/manifests/install.pp is uptodate
2022/05/28 22:10:05 [3273] code/modules/nagios/manifests/service.pp is uptodate
2022/05/28 22:10:05 [3273] code/modules/nrpe/files/nrpe.cfg is uptodate
2022/05/28 22:10:05 [3273] code/modules/nrpe/manifests/config.pp is uptodate
2022/05/28 22:10:05 [3273] code/modules/nrpe/manifests/init.pp is uptodate
2022/05/28 22:10:05 [3273] code/modules/nrpe/manifests/install.pp is uptodate
2022/05/28 22:10:05 [3273] code/modules/nrpe/manifests/service.pp is uptodate
2022/05/28 22:10:05 [3273] code/modules/nrpe_nagios/manifests/config.pp is uptodate
2022/05/28 22:10:05 [3273] code/modules/nrpe_nagios/manifests/init.pp is uptodate
2022/05/28 22:10:05 [3273] code/modules/ntp_service/manifests/init.pp is uptodate
2022/05/28 22:10:05 [3273] code/modules/ntp_service/templates/ntp.conf.erb is uptodate
2022/05/28 22:10:05 [3273] code/modules/php/manifests/config.pp is uptodate
2022/05/28 22:10:05 [3273] code/modules/php/manifests/init.pp is uptodate
2022/05/28 22:10:05 [3273] code/modules/php/manifests/install.pp is uptodate
2022/05/28 22:10:05 [3273] code/modules/rsync/backupfile is uptodate
2022/05/28 22:10:05 [3273] code/modules/rsync/files/backupfile.txt is uptodate
2022/05/28 22:10:05 [3273] code/modules/rsync/files/daily.log is uptodate
2022/05/28 22:10:05 [3273] code/modules/rsync/files/daily.sh is uptodate
2022/05/28 22:10:05 [3273] code/modules/rsync/files/restore.sh is uptodate
2022/05/28 22:10:05 [3273] code/modules/rsync/files/rsync.log is uptodate
2022/05/28 22:10:05 [3273] code/modules/rsync/files/weekly.log is uptodate
2022/05/28 22:10:05 [3273] code/modules/rsync/files/weekly.sh is uptodate
2022/05/28 22:10:05 [3273] code/modules/rsync/manifests/config.pp is uptodate
2022/05/28 22:10:05 [3273] code/modules/rsync/manifests/init.pp is uptodate
2022/05/28 22:10:05 [3273] code/modules/rsync/manifests/install.pp is uptodate
2022/05/28 22:10:05 [3273] code/modules/rsync/manifests/service.pp is uptodate
2022/05/28 22:10:05 [3273] code/modules/sudo/files/etc/sudoers is uptodate
2022/05/28 22:10:05 [3273] code/modules/sudo/manifests/init.pp is uptodate
2022/05/28 22:10:05 [3273] code/modules/sudo/mariadb/files/50-server.cnf is uptodate
2022/05/28 22:10:05 [3273] code/modules/sudo/mariadb/manifests/config.pp is uptodate
2022/05/28 22:10:05 [3273] code/modules/sudo/mariadb/manifests/init.pp is uptodate
2022/05/28 22:10:05 [3273] code/modules/sudo/mariadb/manifests/install.pp is uptodate
2022/05/28 22:10:05 [3273] code/modules/sudo/mariadb/manifests/service.pp is uptodate
2022/05/28 22:10:05 [3273] code/modules/sudo/ntp_service/manifests/init.pp is uptodate
2022/05/28 22:10:05 [3273] code/modules/sudo/ntp_service/templates/ntp.conf.erb is uptodate
2022/05/28 22:10:05 [3273] total: matches=0  hash_hits=0  false_alarms=0 data=0
2022/05/28 22:10:05 [3273] sent 3.17K bytes  received 2.96K bytes  4.09K bytes/sec
2022/05/28 22:10:05 [3273] total size is 95.15K  speedup is 15.51
2022/05/28 22:10:05 [3275] building file list
2022/05/28 22:10:05 [3275] (new) backup_dir is /home/groupb/backup/mgmt/backup-28-05-2022-22-10-01
2022/05/28 22:10:05 [3275] delta-transmission enabled
2022/05/28 22:10:05 [3275] puppet.conf is uptodate
2022/05/28 22:10:05 [3275] total: matches=0  hash_hits=0  false_alarms=0 data=0
2022/05/28 22:10:05 [3275] sent 56 bytes  received 154 bytes  420.00 bytes/sec
2022/05/28 22:10:05 [3275] total size is 180  speedup is 0.86
