May 22 06:40:24 mgmt-b nagios3: Auto-save of retention data completed successfully.
May 22 07:40:24 mgmt-b nagios3: Auto-save of retention data completed successfully.
May 22 08:40:24 mgmt-b nagios3: Auto-save of retention data completed successfully.
May 22 09:40:24 mgmt-b nagios3: Auto-save of retention data completed successfully.
May 22 10:10:01 mgmt-b rsyncd[18946]: rsync: failed to open log-file /home/root/log.log: No such file or directory (2)
May 22 10:10:01 mgmt-b rsyncd[18946]: Ignoring "log file" setting.
May 22 10:10:01 mgmt-b rsyncd[18946]: rsync: connection unexpectedly closed (0 bytes received so far) [sender]
May 22 10:10:01 mgmt-b rsyncd[18946]: rsync error: error in rsync protocol data stream (code 12) at io.c(235) [sender=3.1.2]
May 22 10:10:01 mgmt-b rsyncd[18948]: rsync: failed to open log-file /home/root/log.log: No such file or directory (2)
May 22 10:10:01 mgmt-b rsyncd[18948]: Ignoring "log file" setting.
May 22 10:10:01 mgmt-b rsyncd[18948]: rsync: connection unexpectedly closed (0 bytes received so far) [sender]
May 22 10:10:01 mgmt-b rsyncd[18948]: rsync error: error in rsync protocol data stream (code 12) at io.c(235) [sender=3.1.2]
May 22 10:10:01 mgmt-b rsyncd[18950]: rsync: failed to open log-file /home/root/log.log: No such file or directory (2)
May 22 10:10:01 mgmt-b rsyncd[18950]: Ignoring "log file" setting.
May 22 10:10:01 mgmt-b rsyncd[18950]: rsync: connection unexpectedly closed (0 bytes received so far) [sender]
May 22 10:10:01 mgmt-b rsyncd[18950]: rsync error: error in rsync protocol data stream (code 12) at io.c(235) [sender=3.1.2]
May 22 10:10:01 mgmt-b rsyncd[18952]: rsync: failed to open log-file /home/root/log.log: No such file or directory (2)
May 22 10:10:01 mgmt-b rsyncd[18952]: Ignoring "log file" setting.
May 22 10:10:01 mgmt-b rsyncd[18952]: rsync: connection unexpectedly closed (0 bytes received so far) [sender]
May 22 10:10:01 mgmt-b rsyncd[18952]: rsync error: error in rsync protocol data stream (code 12) at io.c(235) [sender=3.1.2]
May 22 10:10:01 mgmt-b rsyncd[18954]: rsync: failed to open log-file /home/root/log.log: No such file or directory (2)
May 22 10:10:01 mgmt-b rsyncd[18954]: Ignoring "log file" setting.
May 22 10:10:01 mgmt-b rsyncd[18954]: rsync: connection unexpectedly closed (0 bytes received so far) [sender]
May 22 10:10:01 mgmt-b rsyncd[18954]: rsync error: error in rsync protocol data stream (code 12) at io.c(235) [sender=3.1.2]
May 22 10:10:01 mgmt-b rsyncd[18956]: rsync: failed to open log-file /home/root/log.log: No such file or directory (2)
May 22 10:10:01 mgmt-b rsyncd[18956]: Ignoring "log file" setting.
May 22 10:10:01 mgmt-b rsyncd[18956]: rsync: connection unexpectedly closed (0 bytes received so far) [sender]
May 22 10:10:01 mgmt-b rsyncd[18956]: rsync error: error in rsync protocol data stream (code 12) at io.c(235) [sender=3.1.2]
May 22 10:40:24 mgmt-b nagios3: Auto-save of retention data completed successfully.
