May 20 04:05:01 db-b CRON[15235]: (bitstudent) CMD (sudo bash ~/OE2-Group-Project/Scripts/db/backup.sh)
May 20 04:05:01 db-b CRON[15234]: (CRON) info (No MTA installed, discarding output)
May 20 04:17:01 db-b CRON[15474]: (root) CMD (   cd / && run-parts --report /etc/cron.hourly)
May 20 04:20:01 db-b CRON[15512]: (bitstudent) CMD (/etc/backup/restore.sh)
May 20 04:20:04 db-b CRON[15511]: (CRON) info (No MTA installed, discarding output)
May 20 05:17:01 db-b CRON[16860]: (root) CMD (   cd / && run-parts --report /etc/cron.hourly)
May 20 06:05:01 db-b CRON[17512]: (bitstudent) CMD (sudo bash ~/OE2-Group-Project/Scripts/db/backup.sh)
May 20 06:05:01 db-b CRON[17511]: (CRON) info (No MTA installed, discarding output)
May 20 06:17:01 db-b CRON[17776]: (root) CMD (   cd / && run-parts --report /etc/cron.hourly)
May 20 06:20:01 db-b CRON[17908]: (bitstudent) CMD (/etc/backup/restore.sh)
May 20 06:20:05 db-b CRON[17907]: (CRON) info (No MTA installed, discarding output)
May 20 06:25:01 db-b CRON[18009]: (root) CMD (test -x /usr/sbin/anacron || ( cd / && run-parts --report /etc/cron.daily ))
May 20 07:14:01 db-b CRON[18777]: (root) CMD (   test -x /etc/cron.daily/popularity-contest && /etc/cron.daily/popularity-contest --crond)
May 20 07:17:01 db-b CRON[18825]: (root) CMD (   cd / && run-parts --report /etc/cron.hourly)
May 20 08:05:01 db-b CRON[19445]: (bitstudent) CMD (sudo bash ~/OE2-Group-Project/Scripts/db/backup.sh)
May 20 08:05:02 db-b CRON[19444]: (CRON) info (No MTA installed, discarding output)
May 20 08:17:01 db-b CRON[19695]: (root) CMD (   cd / && run-parts --report /etc/cron.hourly)
May 20 08:20:01 db-b CRON[19733]: (bitstudent) CMD (/etc/backup/restore.sh)
May 20 08:20:04 db-b CRON[19732]: (CRON) info (No MTA installed, discarding output)
May 20 09:17:01 db-b CRON[20702]: (root) CMD (   cd / && run-parts --report /etc/cron.hourly)
May 20 09:17:37 db-b crontab[20817]: (bitstudent) BEGIN EDIT (bitstudent)
May 20 09:19:24 db-b crontab[20817]: (bitstudent) REPLACE (bitstudent)
May 20 09:19:24 db-b crontab[20817]: (bitstudent) END EDIT (bitstudent)
May 20 09:19:35 db-b crontab[20850]: (bitstudent) BEGIN EDIT (bitstudent)
May 20 09:19:46 db-b crontab[20850]: (bitstudent) END EDIT (bitstudent)
May 20 09:20:01 db-b cron[1073]: (bitstudent) RELOAD (crontabs/bitstudent)
May 20 10:17:01 db-b CRON[21910]: (root) CMD (   cd / && run-parts --report /etc/cron.hourly)
May 20 10:40:01 db-b CRON[22223]: (bitstudent) CMD (sudo bash /etc/backup/restore.sh)
May 20 10:40:01 db-b CRON[22222]: (CRON) info (No MTA installed, discarding output)
May 20 11:05:01 db-b CRON[22572]: (bitstudent) CMD (sudo bash ~/OE2-Group-Project/Scripts/db/backup.sh)
May 20 11:05:02 db-b CRON[22571]: (CRON) info (No MTA installed, discarding output)
May 20 11:17:01 db-b CRON[23372]: (root) CMD (   cd / && run-parts --report /etc/cron.hourly)
May 20 12:17:01 db-b CRON[27172]: (root) CMD (   cd / && run-parts --report /etc/cron.hourly)
May 20 13:17:01 db-b CRON[28760]: (root) CMD (   cd / && run-parts --report /etc/cron.hourly)
May 20 14:17:01 db-b CRON[29558]: (root) CMD (   cd / && run-parts --report /etc/cron.hourly)
May 20 14:40:01 db-b CRON[29867]: (bitstudent) CMD (sudo bash /etc/backup/restore.sh)
May 20 14:40:01 db-b CRON[29866]: (CRON) info (No MTA installed, discarding output)
May 20 15:17:01 db-b CRON[30396]: (root) CMD (   cd / && run-parts --report /etc/cron.hourly)
May 20 16:17:01 db-b CRON[4213]: (root) CMD (   cd / && run-parts --report /etc/cron.hourly)
May 20 17:17:01 db-b CRON[8945]: (root) CMD (   cd / && run-parts --report /etc/cron.hourly)
May 20 18:17:01 db-b CRON[13496]: (root) CMD (   cd / && run-parts --report /etc/cron.hourly)
May 20 18:40:01 db-b CRON[15227]: (bitstudent) CMD (sudo bash /etc/backup/restore.sh)
May 20 18:40:02 db-b CRON[15226]: (CRON) info (No MTA installed, discarding output)
May 20 19:05:01 db-b CRON[17183]: (bitstudent) CMD (sudo bash ~/OE2-Group-Project/Scripts/db/backup.sh)
May 20 19:05:01 db-b CRON[17182]: (CRON) info (No MTA installed, discarding output)
May 20 19:17:01 db-b CRON[18193]: (root) CMD (   cd / && run-parts --report /etc/cron.hourly)
May 20 20:17:01 db-b CRON[22753]: (root) CMD (   cd / && run-parts --report /etc/cron.hourly)
May 20 21:17:01 db-b CRON[27284]: (root) CMD (   cd / && run-parts --report /etc/cron.hourly)
May 20 22:05:01 db-b CRON[30888]: (bitstudent) CMD (sudo bash ~/OE2-Group-Project/Scripts/db/backup.sh)
May 20 22:05:01 db-b CRON[30887]: (CRON) info (No MTA installed, discarding output)
May 20 22:17:01 db-b CRON[32071]: (root) CMD (   cd / && run-parts --report /etc/cron.hourly)
May 20 22:40:01 db-b CRON[2045]: (bitstudent) CMD (sudo bash /etc/backup/restore.sh)
May 20 22:40:01 db-b CRON[2044]: (CRON) info (No MTA installed, discarding output)
May 20 23:17:01 db-b CRON[6523]: (root) CMD (   cd / && run-parts --report /etc/cron.hourly)
May 21 00:17:01 db-b CRON[11064]: (root) CMD (   cd / && run-parts --report /etc/cron.hourly)
May 21 01:17:01 db-b CRON[15685]: (root) CMD (   cd / && run-parts --report /etc/cron.hourly)
May 21 02:05:01 db-b CRON[19302]: (bitstudent) CMD (sudo bash ~/OE2-Group-Project/Scripts/db/backup.sh)
May 21 02:05:02 db-b CRON[19301]: (CRON) info (No MTA installed, discarding output)
May 21 02:17:01 db-b CRON[20297]: (root) CMD (   cd / && run-parts --report /etc/cron.hourly)
May 21 02:40:01 db-b CRON[22043]: (bitstudent) CMD (sudo bash /etc/backup/restore.sh)
May 21 02:40:01 db-b CRON[22042]: (CRON) info (No MTA installed, discarding output)
May 21 03:17:01 db-b CRON[24885]: (root) CMD (   cd / && run-parts --report /etc/cron.hourly)
May 21 04:05:01 db-b CRON[28505]: (bitstudent) CMD (sudo bash ~/OE2-Group-Project/Scripts/db/backup.sh)
May 21 04:05:02 db-b CRON[28504]: (CRON) info (No MTA installed, discarding output)
May 21 04:17:01 db-b CRON[29493]: (root) CMD (   cd / && run-parts --report /etc/cron.hourly)
May 21 05:17:01 db-b CRON[1622]: (root) CMD (   cd / && run-parts --report /etc/cron.hourly)
May 21 06:05:01 db-b CRON[5309]: (bitstudent) CMD (sudo bash ~/OE2-Group-Project/Scripts/db/backup.sh)
May 21 06:05:01 db-b CRON[5308]: (CRON) info (No MTA installed, discarding output)
May 21 06:17:01 db-b CRON[6335]: (root) CMD (   cd / && run-parts --report /etc/cron.hourly)
May 21 06:25:01 db-b CRON[6923]: (root) CMD (test -x /usr/sbin/anacron || ( cd / && run-parts --report /etc/cron.daily ))
May 21 06:36:40 db-b CRON[6922]: (CRON) info (No MTA installed, discarding output)
May 21 06:40:01 db-b CRON[10194]: (bitstudent) CMD (sudo bash /etc/backup/restore.sh)
May 21 06:40:02 db-b CRON[10193]: (CRON) info (No MTA installed, discarding output)
