May 20 04:20:01 db-b rsyncd[15533]: rsync: failed to open log-file /home//log.log: Permission denied (13)
May 20 04:20:01 db-b rsyncd[15533]: Ignoring "log file" setting.
May 20 04:20:02 db-b rsyncd[15533]: building file list
May 20 04:20:02 db-b rsyncd[15533]: (new) backup_dir is /home/groupb/backup/db/backup-20-05-2022-04-20-01
May 20 04:20:02 db-b rsyncd[15533]: delta-transmission enabled
May 20 04:20:02 db-b rsyncd[15533]: node-exporter/LICENSE is uptodate
May 20 04:20:02 db-b rsyncd[15533]: node-exporter/NOTICE is uptodate
May 20 04:20:02 db-b rsyncd[15533]: node-exporter/node_exporter is uptodate
May 20 04:20:02 db-b rsyncd[15533]: total: matches=0  hash_hits=0  false_alarms=0 data=0
May 20 04:20:02 db-b rsyncd[15533]: sent 165 bytes  received 253 bytes  278.67 bytes/sec
May 20 04:20:02 db-b rsyncd[15533]: total size is 18.24M  speedup is 43,638.15
May 20 04:20:02 db-b rsyncd[15535]: rsync: failed to open log-file /home//log.log: Permission denied (13)
May 20 04:20:02 db-b rsyncd[15535]: Ignoring "log file" setting.
May 20 04:20:02 db-b rsyncd[15535]: building file list
May 20 04:20:02 db-b rsyncd[15535]: (new) backup_dir is /home/groupb/backup/db/backup-20-05-2022-04-20-01
May 20 04:20:02 db-b rsyncd[15535]: delta-transmission enabled
May 20 04:20:02 db-b rsyncd[15535]: nagios/nagios_service.cfg is uptodate
May 20 04:20:02 db-b rsyncd[15535]: nagios/nrpe.cfg is uptodate
May 20 04:20:02 db-b rsyncd[15535]: nagios/nrpe_local.cfg is uptodate
May 20 04:20:02 db-b rsyncd[15535]: total: matches=0  hash_hits=0  false_alarms=0 data=0
May 20 04:20:02 db-b rsyncd[15535]: sent 214 bytes  received 250 bytes  928.00 bytes/sec
May 20 04:20:02 db-b rsyncd[15535]: total size is 13.05K  speedup is 28.12
May 20 04:20:02 db-b rsyncd[15537]: rsync: failed to open log-file /home//log.log: Permission denied (13)
May 20 04:20:02 db-b rsyncd[15537]: Ignoring "log file" setting.
May 20 04:20:03 db-b rsyncd[15537]: building file list
May 20 04:20:03 db-b rsyncd[15537]: (new) backup_dir is /home/groupb/backup/db/backup-20-05-2022-04-20-01
May 20 04:20:03 db-b rsyncd[15537]: delta-transmission enabled
May 20 04:20:03 db-b rsyncd[15537]: nagios-plugins/config/apt.cfg is uptodate
May 20 04:20:03 db-b rsyncd[15537]: nagios-plugins/config/check_nrpe.cfg is uptodate
May 20 04:20:03 db-b rsyncd[15537]: nagios-plugins/config/dhcp.cfg is uptodate
May 20 04:20:03 db-b rsyncd[15537]: nagios-plugins/config/disk.cfg is uptodate
May 20 04:20:03 db-b rsyncd[15537]: nagios-plugins/config/dummy.cfg is uptodate
May 20 04:20:03 db-b rsyncd[15537]: nagios-plugins/config/ftp.cfg is uptodate
May 20 04:20:03 db-b rsyncd[15537]: nagios-plugins/config/http.cfg is uptodate
May 20 04:20:03 db-b rsyncd[15537]: nagios-plugins/config/load.cfg is uptodate
May 20 04:20:03 db-b rsyncd[15537]: nagios-plugins/config/mail.cfg is uptodate
May 20 04:20:03 db-b rsyncd[15537]: nagios-plugins/config/news.cfg is uptodate
May 20 04:20:03 db-b rsyncd[15537]: nagios-plugins/config/ntp.cfg is uptodate
May 20 04:20:03 db-b rsyncd[15537]: nagios-plugins/config/ping.cfg is uptodate
May 20 04:20:03 db-b rsyncd[15537]: nagios-plugins/config/procs.cfg is uptodate
May 20 04:20:03 db-b rsyncd[15537]: nagios-plugins/config/real.cfg is uptodate
May 20 04:20:03 db-b rsyncd[15537]: nagios-plugins/config/ssh.cfg is uptodate
May 20 04:20:03 db-b rsyncd[15537]: nagios-plugins/config/tcp_udp.cfg is uptodate
May 20 04:20:03 db-b rsyncd[15537]: nagios-plugins/config/telnet.cfg is uptodate
May 20 04:20:03 db-b rsyncd[15537]: nagios-plugins/config/users.cfg is uptodate
May 20 04:20:03 db-b rsyncd[15537]: total: matches=0  hash_hits=0  false_alarms=0 data=0
May 20 04:20:03 db-b rsyncd[15537]: sent 481 bytes  received 1.04K bytes  1.01K bytes/sec
May 20 04:20:03 db-b rsyncd[15537]: total size is 15.58K  speedup is 10.25
May 20 04:20:03 db-b rsyncd[15539]: rsync: failed to open log-file /home//log.log: Permission denied (13)
May 20 04:20:03 db-b rsyncd[15539]: Ignoring "log file" setting.
May 20 04:20:03 db-b rsyncd[15539]: building file list
May 20 04:20:03 db-b rsyncd[15539]: (new) backup_dir is /home/groupb/backup/db/backup-20-05-2022-04-20-01
May 20 04:20:03 db-b rsyncd[15539]: delta-transmission enabled
May 20 04:20:03 db-b rsyncd[15539]: mysql/debian-start is uptodate
May 20 04:20:03 db-b rsyncd[15539]: mysql/debian.cnf is uptodate
May 20 04:20:03 db-b rsyncd[15539]: mysql/mariadb.cnf is uptodate
May 20 04:20:03 db-b rsyncd[15539]: mysql/my.cnf is uptodate
May 20 04:20:03 db-b rsyncd[15539]: mysql/my.cnf.fallback is uptodate
May 20 04:20:03 db-b rsyncd[15539]: mysql/conf.d/mysql.cnf is uptodate
May 20 04:20:03 db-b rsyncd[15539]: mysql/conf.d/mysqldump.cnf is uptodate
May 20 04:20:03 db-b rsyncd[15539]: mysql/mariadb.conf.d/50-client.cnf is uptodate
May 20 04:20:03 db-b rsyncd[15539]: mysql/mariadb.conf.d/50-mysql-clients.cnf is uptodate
May 20 04:20:03 db-b rsyncd[15539]: mysql/mariadb.conf.d/50-mysqld_safe.cnf is uptodate
May 20 04:20:03 db-b rsyncd[15539]: mysql/mariadb.conf.d/50-server.cnf is uptodate
May 20 04:20:03 db-b rsyncd[15539]: total: matches=0  hash_hits=0  false_alarms=0 data=0
May 20 04:20:03 db-b rsyncd[15539]: sent 513 bytes  received 633 bytes  2.29K bytes/sec
May 20 04:20:03 db-b rsyncd[15539]: total size is 9.18K  speedup is 8.01
May 20 04:20:03 db-b rsyncd[15541]: rsync: failed to open log-file /home//log.log: Permission denied (13)
May 20 04:20:03 db-b rsyncd[15541]: Ignoring "log file" setting.
May 20 04:20:04 db-b rsyncd[15541]: building file list
May 20 04:20:04 db-b rsyncd[15541]: (new) backup_dir is /home/groupb/backup/db/backup-20-05-2022-04-20-01
May 20 04:20:04 db-b rsyncd[15541]: delta-transmission enabled
May 20 04:20:04 db-b rsyncd[15541]: puppet/auth.conf is uptodate
May 20 04:20:04 db-b rsyncd[15541]: puppet/hiera.yaml is uptodate
May 20 04:20:04 db-b rsyncd[15541]: puppet/puppet.conf is uptodate
May 20 04:20:04 db-b rsyncd[15541]: puppet/code/.gitinclude is uptodate
May 20 04:20:04 db-b rsyncd[15541]: total: matches=0  hash_hits=0  false_alarms=0 data=0
May 20 04:20:04 db-b rsyncd[15541]: sent 227 bytes  received 283 bytes  340.00 bytes/sec
May 20 04:20:04 db-b rsyncd[15541]: total size is 5.71K  speedup is 11.19
May 20 04:20:04 db-b rsyncd[15543]: rsync: failed to open log-file /home//log.log: Permission denied (13)
May 20 04:20:04 db-b rsyncd[15543]: Ignoring "log file" setting.
May 20 04:20:04 db-b rsyncd[15543]: building file list
May 20 04:20:04 db-b rsyncd[15543]: (new) backup_dir is /home/groupb/backup/db/backup-20-05-2022-04-20-01
May 20 04:20:04 db-b rsyncd[15543]: delta-transmission enabled
May 20 04:20:04 db-b rsyncd[15543]: mysql-backup/15052022222929.sql is uptodate
May 20 04:20:04 db-b rsyncd[15543]: mysql-backup/15052022223022.sql is uptodate
May 20 04:20:04 db-b rsyncd[15543]: mysql-backup/15052022223055.sql is uptodate
May 20 04:20:04 db-b rsyncd[15543]: mysql-backup/15052022223446.sql is uptodate
May 20 04:20:04 db-b rsyncd[15543]: <f..t...... mysql-backup/sqlbackup.sql
May 20 04:20:04 db-b rsyncd[15543]: backed up mysql-backup/sqlbackup.sql to /home/groupb/backup/db/backup-20-05-2022-04-20-01/mysql-backup/sqlbackup.sql
May 20 04:20:04 db-b rsyncd[15543]: total: matches=850  hash_hits=850  false_alarms=0 data=718
May 20 04:20:04 db-b rsyncd[15543]: sent 4.42K bytes  received 5.58K bytes  20.00K bytes/sec
May 20 04:20:04 db-b rsyncd[15543]: total size is 3.57M  speedup is 357.36
May 20 06:20:02 db-b rsyncd[17929]: rsync: failed to open log-file /home//log.log: Permission denied (13)
May 20 06:20:02 db-b rsyncd[17929]: Ignoring "log file" setting.
May 20 06:20:02 db-b rsyncd[17929]: building file list
May 20 06:20:02 db-b rsyncd[17929]: (new) backup_dir is /home/groupb/backup/db/backup-20-05-2022-06-20-02
May 20 06:20:02 db-b rsyncd[17929]: delta-transmission enabled
May 20 06:20:02 db-b rsyncd[17929]: node-exporter/LICENSE is uptodate
May 20 06:20:02 db-b rsyncd[17929]: node-exporter/NOTICE is uptodate
May 20 06:20:02 db-b rsyncd[17929]: node-exporter/node_exporter is uptodate
May 20 06:20:02 db-b rsyncd[17929]: total: matches=0  hash_hits=0  false_alarms=0 data=0
May 20 06:20:02 db-b rsyncd[17929]: sent 165 bytes  received 253 bytes  836.00 bytes/sec
May 20 06:20:02 db-b rsyncd[17929]: total size is 18.24M  speedup is 43,638.15
May 20 06:20:02 db-b rsyncd[17931]: rsync: failed to open log-file /home//log.log: Permission denied (13)
May 20 06:20:02 db-b rsyncd[17931]: Ignoring "log file" setting.
May 20 06:20:03 db-b rsyncd[17931]: building file list
May 20 06:20:03 db-b rsyncd[17931]: (new) backup_dir is /home/groupb/backup/db/backup-20-05-2022-06-20-02
May 20 06:20:03 db-b rsyncd[17931]: delta-transmission enabled
May 20 06:20:03 db-b rsyncd[17931]: nagios/nagios_service.cfg is uptodate
May 20 06:20:03 db-b rsyncd[17931]: nagios/nrpe.cfg is uptodate
May 20 06:20:03 db-b rsyncd[17931]: nagios/nrpe_local.cfg is uptodate
May 20 06:20:03 db-b rsyncd[17931]: total: matches=0  hash_hits=0  false_alarms=0 data=0
May 20 06:20:03 db-b rsyncd[17931]: sent 214 bytes  received 250 bytes  309.33 bytes/sec
May 20 06:20:03 db-b rsyncd[17931]: total size is 13.05K  speedup is 28.12
May 20 06:20:03 db-b rsyncd[17933]: rsync: failed to open log-file /home//log.log: Permission denied (13)
May 20 06:20:03 db-b rsyncd[17933]: Ignoring "log file" setting.
May 20 06:20:03 db-b rsyncd[17933]: building file list
May 20 06:20:03 db-b rsyncd[17933]: (new) backup_dir is /home/groupb/backup/db/backup-20-05-2022-06-20-02
May 20 06:20:03 db-b rsyncd[17933]: delta-transmission enabled
May 20 06:20:03 db-b rsyncd[17933]: nagios-plugins/config/apt.cfg is uptodate
May 20 06:20:03 db-b rsyncd[17933]: nagios-plugins/config/check_nrpe.cfg is uptodate
May 20 06:20:03 db-b rsyncd[17933]: nagios-plugins/config/dhcp.cfg is uptodate
May 20 06:20:03 db-b rsyncd[17933]: nagios-plugins/config/disk.cfg is uptodate
May 20 06:20:03 db-b rsyncd[17933]: nagios-plugins/config/dummy.cfg is uptodate
May 20 06:20:03 db-b rsyncd[17933]: nagios-plugins/config/ftp.cfg is uptodate
May 20 06:20:03 db-b rsyncd[17933]: nagios-plugins/config/http.cfg is uptodate
May 20 06:20:03 db-b rsyncd[17933]: nagios-plugins/config/load.cfg is uptodate
May 20 06:20:03 db-b rsyncd[17933]: nagios-plugins/config/mail.cfg is uptodate
May 20 06:20:03 db-b rsyncd[17933]: nagios-plugins/config/news.cfg is uptodate
May 20 06:20:03 db-b rsyncd[17933]: nagios-plugins/config/ntp.cfg is uptodate
May 20 06:20:03 db-b rsyncd[17933]: nagios-plugins/config/ping.cfg is uptodate
May 20 06:20:03 db-b rsyncd[17933]: nagios-plugins/config/procs.cfg is uptodate
May 20 06:20:03 db-b rsyncd[17933]: nagios-plugins/config/real.cfg is uptodate
May 20 06:20:03 db-b rsyncd[17933]: nagios-plugins/config/ssh.cfg is uptodate
May 20 06:20:03 db-b rsyncd[17933]: nagios-plugins/config/tcp_udp.cfg is uptodate
May 20 06:20:03 db-b rsyncd[17933]: nagios-plugins/config/telnet.cfg is uptodate
May 20 06:20:03 db-b rsyncd[17933]: nagios-plugins/config/users.cfg is uptodate
May 20 06:20:03 db-b rsyncd[17933]: total: matches=0  hash_hits=0  false_alarms=0 data=0
May 20 06:20:03 db-b rsyncd[17933]: sent 481 bytes  received 1.04K bytes  3.04K bytes/sec
May 20 06:20:03 db-b rsyncd[17933]: total size is 15.58K  speedup is 10.25
May 20 06:20:03 db-b rsyncd[17935]: rsync: failed to open log-file /home//log.log: Permission denied (13)
May 20 06:20:03 db-b rsyncd[17935]: Ignoring "log file" setting.
May 20 06:20:04 db-b rsyncd[17935]: building file list
May 20 06:20:04 db-b rsyncd[17935]: (new) backup_dir is /home/groupb/backup/db/backup-20-05-2022-06-20-02
May 20 06:20:04 db-b rsyncd[17935]: delta-transmission enabled
May 20 06:20:04 db-b rsyncd[17935]: mysql/debian-start is uptodate
May 20 06:20:04 db-b rsyncd[17935]: mysql/debian.cnf is uptodate
May 20 06:20:04 db-b rsyncd[17935]: mysql/mariadb.cnf is uptodate
May 20 06:20:04 db-b rsyncd[17935]: mysql/my.cnf is uptodate
May 20 06:20:04 db-b rsyncd[17935]: mysql/my.cnf.fallback is uptodate
May 20 06:20:04 db-b rsyncd[17935]: mysql/conf.d/mysql.cnf is uptodate
May 20 06:20:04 db-b rsyncd[17935]: mysql/conf.d/mysqldump.cnf is uptodate
May 20 06:20:04 db-b rsyncd[17935]: mysql/mariadb.conf.d/50-client.cnf is uptodate
May 20 06:20:04 db-b rsyncd[17935]: mysql/mariadb.conf.d/50-mysql-clients.cnf is uptodate
May 20 06:20:04 db-b rsyncd[17935]: mysql/mariadb.conf.d/50-mysqld_safe.cnf is uptodate
May 20 06:20:04 db-b rsyncd[17935]: mysql/mariadb.conf.d/50-server.cnf is uptodate
May 20 06:20:04 db-b rsyncd[17935]: total: matches=0  hash_hits=0  false_alarms=0 data=0
May 20 06:20:04 db-b rsyncd[17935]: sent 513 bytes  received 633 bytes  764.00 bytes/sec
May 20 06:20:04 db-b rsyncd[17935]: total size is 9.18K  speedup is 8.01
May 20 06:20:04 db-b rsyncd[17937]: rsync: failed to open log-file /home//log.log: Permission denied (13)
May 20 06:20:04 db-b rsyncd[17937]: Ignoring "log file" setting.
May 20 06:20:04 db-b rsyncd[17937]: building file list
May 20 06:20:04 db-b rsyncd[17937]: (new) backup_dir is /home/groupb/backup/db/backup-20-05-2022-06-20-02
May 20 06:20:04 db-b rsyncd[17937]: delta-transmission enabled
May 20 06:20:04 db-b rsyncd[17937]: puppet/auth.conf is uptodate
May 20 06:20:04 db-b rsyncd[17937]: puppet/hiera.yaml is uptodate
May 20 06:20:04 db-b rsyncd[17937]: puppet/puppet.conf is uptodate
May 20 06:20:04 db-b rsyncd[17937]: puppet/code/.gitinclude is uptodate
May 20 06:20:04 db-b rsyncd[17937]: total: matches=0  hash_hits=0  false_alarms=0 data=0
May 20 06:20:04 db-b rsyncd[17937]: sent 227 bytes  received 283 bytes  1.02K bytes/sec
May 20 06:20:04 db-b rsyncd[17937]: total size is 5.71K  speedup is 11.19
May 20 06:20:04 db-b rsyncd[17939]: rsync: failed to open log-file /home//log.log: Permission denied (13)
May 20 06:20:04 db-b rsyncd[17939]: Ignoring "log file" setting.
May 20 06:20:05 db-b rsyncd[17939]: building file list
May 20 06:20:05 db-b rsyncd[17939]: (new) backup_dir is /home/groupb/backup/db/backup-20-05-2022-06-20-02
May 20 06:20:05 db-b rsyncd[17939]: delta-transmission enabled
May 20 06:20:05 db-b rsyncd[17939]: mysql-backup/15052022222929.sql is uptodate
May 20 06:20:05 db-b rsyncd[17939]: mysql-backup/15052022223022.sql is uptodate
May 20 06:20:05 db-b rsyncd[17939]: mysql-backup/15052022223055.sql is uptodate
May 20 06:20:05 db-b rsyncd[17939]: mysql-backup/15052022223446.sql is uptodate
May 20 06:20:05 db-b rsyncd[17939]: <f..t...... mysql-backup/sqlbackup.sql
May 20 06:20:05 db-b rsyncd[17939]: backed up mysql-backup/sqlbackup.sql to /home/groupb/backup/db/backup-20-05-2022-06-20-02/mysql-backup/sqlbackup.sql
May 20 06:20:05 db-b rsyncd[17939]: total: matches=850  hash_hits=850  false_alarms=0 data=718
May 20 06:20:05 db-b rsyncd[17939]: sent 4.42K bytes  received 5.58K bytes  6.67K bytes/sec
May 20 06:20:05 db-b rsyncd[17939]: total size is 3.57M  speedup is 357.40
May 20 08:20:01 db-b rsyncd[19754]: rsync: failed to open log-file /home//log.log: Permission denied (13)
May 20 08:20:01 db-b rsyncd[19754]: Ignoring "log file" setting.
May 20 08:20:01 db-b rsyncd[19754]: building file list
May 20 08:20:01 db-b rsyncd[19754]: (new) backup_dir is /home/groupb/backup/db/backup-20-05-2022-08-20-01
May 20 08:20:01 db-b rsyncd[19754]: delta-transmission enabled
May 20 08:20:01 db-b rsyncd[19754]: node-exporter/LICENSE is uptodate
May 20 08:20:01 db-b rsyncd[19754]: node-exporter/NOTICE is uptodate
May 20 08:20:01 db-b rsyncd[19754]: node-exporter/node_exporter is uptodate
May 20 08:20:01 db-b rsyncd[19754]: total: matches=0  hash_hits=0  false_alarms=0 data=0
May 20 08:20:01 db-b rsyncd[19754]: sent 165 bytes  received 253 bytes  836.00 bytes/sec
May 20 08:20:01 db-b rsyncd[19754]: total size is 18.24M  speedup is 43,638.15
May 20 08:20:01 db-b rsyncd[19756]: rsync: failed to open log-file /home//log.log: Permission denied (13)
May 20 08:20:01 db-b rsyncd[19756]: Ignoring "log file" setting.
May 20 08:20:02 db-b rsyncd[19756]: building file list
May 20 08:20:02 db-b rsyncd[19756]: (new) backup_dir is /home/groupb/backup/db/backup-20-05-2022-08-20-01
May 20 08:20:02 db-b rsyncd[19756]: delta-transmission enabled
May 20 08:20:02 db-b rsyncd[19756]: nagios/nagios_service.cfg is uptodate
May 20 08:20:02 db-b rsyncd[19756]: nagios/nrpe.cfg is uptodate
May 20 08:20:02 db-b rsyncd[19756]: nagios/nrpe_local.cfg is uptodate
May 20 08:20:02 db-b rsyncd[19756]: total: matches=0  hash_hits=0  false_alarms=0 data=0
May 20 08:20:02 db-b rsyncd[19756]: sent 214 bytes  received 250 bytes  309.33 bytes/sec
May 20 08:20:02 db-b rsyncd[19756]: total size is 13.05K  speedup is 28.12
May 20 08:20:02 db-b rsyncd[19758]: rsync: failed to open log-file /home//log.log: Permission denied (13)
May 20 08:20:02 db-b rsyncd[19758]: Ignoring "log file" setting.
May 20 08:20:02 db-b rsyncd[19758]: building file list
May 20 08:20:02 db-b rsyncd[19758]: (new) backup_dir is /home/groupb/backup/db/backup-20-05-2022-08-20-01
May 20 08:20:02 db-b rsyncd[19758]: delta-transmission enabled
May 20 08:20:02 db-b rsyncd[19758]: nagios-plugins/config/apt.cfg is uptodate
May 20 08:20:02 db-b rsyncd[19758]: nagios-plugins/config/check_nrpe.cfg is uptodate
May 20 08:20:02 db-b rsyncd[19758]: nagios-plugins/config/dhcp.cfg is uptodate
May 20 08:20:02 db-b rsyncd[19758]: nagios-plugins/config/disk.cfg is uptodate
May 20 08:20:02 db-b rsyncd[19758]: nagios-plugins/config/dummy.cfg is uptodate
May 20 08:20:02 db-b rsyncd[19758]: nagios-plugins/config/ftp.cfg is uptodate
May 20 08:20:02 db-b rsyncd[19758]: nagios-plugins/config/http.cfg is uptodate
May 20 08:20:02 db-b rsyncd[19758]: nagios-plugins/config/load.cfg is uptodate
May 20 08:20:02 db-b rsyncd[19758]: nagios-plugins/config/mail.cfg is uptodate
May 20 08:20:02 db-b rsyncd[19758]: nagios-plugins/config/news.cfg is uptodate
May 20 08:20:02 db-b rsyncd[19758]: nagios-plugins/config/ntp.cfg is uptodate
May 20 08:20:02 db-b rsyncd[19758]: nagios-plugins/config/ping.cfg is uptodate
May 20 08:20:02 db-b rsyncd[19758]: nagios-plugins/config/procs.cfg is uptodate
May 20 08:20:02 db-b rsyncd[19758]: nagios-plugins/config/real.cfg is uptodate
May 20 08:20:02 db-b rsyncd[19758]: nagios-plugins/config/ssh.cfg is uptodate
May 20 08:20:02 db-b rsyncd[19758]: nagios-plugins/config/tcp_udp.cfg is uptodate
May 20 08:20:02 db-b rsyncd[19758]: nagios-plugins/config/telnet.cfg is uptodate
May 20 08:20:02 db-b rsyncd[19758]: nagios-plugins/config/users.cfg is uptodate
May 20 08:20:02 db-b rsyncd[19758]: total: matches=0  hash_hits=0  false_alarms=0 data=0
May 20 08:20:02 db-b rsyncd[19758]: sent 477 bytes  received 1.04K bytes  3.03K bytes/sec
May 20 08:20:02 db-b rsyncd[19758]: total size is 15.58K  speedup is 10.28
May 20 08:20:02 db-b rsyncd[19762]: rsync: failed to open log-file /home//log.log: Permission denied (13)
May 20 08:20:02 db-b rsyncd[19762]: Ignoring "log file" setting.
May 20 08:20:03 db-b rsyncd[19762]: building file list
May 20 08:20:03 db-b rsyncd[19762]: (new) backup_dir is /home/groupb/backup/db/backup-20-05-2022-08-20-01
May 20 08:20:03 db-b rsyncd[19762]: delta-transmission enabled
May 20 08:20:03 db-b rsyncd[19762]: mysql/debian-start is uptodate
May 20 08:20:03 db-b rsyncd[19762]: mysql/debian.cnf is uptodate
May 20 08:20:03 db-b rsyncd[19762]: mysql/mariadb.cnf is uptodate
May 20 08:20:03 db-b rsyncd[19762]: mysql/my.cnf is uptodate
May 20 08:20:03 db-b rsyncd[19762]: mysql/my.cnf.fallback is uptodate
May 20 08:20:03 db-b rsyncd[19762]: mysql/conf.d/mysql.cnf is uptodate
May 20 08:20:03 db-b rsyncd[19762]: mysql/conf.d/mysqldump.cnf is uptodate
May 20 08:20:03 db-b rsyncd[19762]: mysql/mariadb.conf.d/50-client.cnf is uptodate
May 20 08:20:03 db-b rsyncd[19762]: mysql/mariadb.conf.d/50-mysql-clients.cnf is uptodate
May 20 08:20:03 db-b rsyncd[19762]: mysql/mariadb.conf.d/50-mysqld_safe.cnf is uptodate
May 20 08:20:03 db-b rsyncd[19762]: mysql/mariadb.conf.d/50-server.cnf is uptodate
May 20 08:20:03 db-b rsyncd[19762]: total: matches=0  hash_hits=0  false_alarms=0 data=0
May 20 08:20:03 db-b rsyncd[19762]: sent 517 bytes  received 633 bytes  766.67 bytes/sec
May 20 08:20:03 db-b rsyncd[19762]: total size is 9.18K  speedup is 7.98
May 20 08:20:03 db-b rsyncd[19764]: rsync: failed to open log-file /home//log.log: Permission denied (13)
May 20 08:20:03 db-b rsyncd[19764]: Ignoring "log file" setting.
May 20 08:20:03 db-b rsyncd[19764]: building file list
May 20 08:20:03 db-b rsyncd[19764]: (new) backup_dir is /home/groupb/backup/db/backup-20-05-2022-08-20-01
May 20 08:20:03 db-b rsyncd[19764]: delta-transmission enabled
May 20 08:20:03 db-b rsyncd[19764]: puppet/auth.conf is uptodate
May 20 08:20:03 db-b rsyncd[19764]: puppet/hiera.yaml is uptodate
May 20 08:20:03 db-b rsyncd[19764]: puppet/puppet.conf is uptodate
May 20 08:20:03 db-b rsyncd[19764]: puppet/code/.gitinclude is uptodate
May 20 08:20:03 db-b rsyncd[19764]: total: matches=0  hash_hits=0  false_alarms=0 data=0
May 20 08:20:03 db-b rsyncd[19764]: sent 227 bytes  received 283 bytes  1.02K bytes/sec
May 20 08:20:03 db-b rsyncd[19764]: total size is 5.71K  speedup is 11.19
May 20 08:20:03 db-b rsyncd[19766]: rsync: failed to open log-file /home//log.log: Permission denied (13)
May 20 08:20:03 db-b rsyncd[19766]: Ignoring "log file" setting.
May 20 08:20:04 db-b rsyncd[19766]: building file list
May 20 08:20:04 db-b rsyncd[19766]: (new) backup_dir is /home/groupb/backup/db/backup-20-05-2022-08-20-01
May 20 08:20:04 db-b rsyncd[19766]: delta-transmission enabled
May 20 08:20:04 db-b rsyncd[19766]: mysql-backup/15052022222929.sql is uptodate
May 20 08:20:04 db-b rsyncd[19766]: mysql-backup/15052022223022.sql is uptodate
May 20 08:20:04 db-b rsyncd[19766]: mysql-backup/15052022223055.sql is uptodate
May 20 08:20:04 db-b rsyncd[19766]: mysql-backup/15052022223446.sql is uptodate
May 20 08:20:04 db-b rsyncd[19766]: <f..t...... mysql-backup/sqlbackup.sql
May 20 08:20:04 db-b rsyncd[19766]: backed up mysql-backup/sqlbackup.sql to /home/groupb/backup/db/backup-20-05-2022-08-20-01/mysql-backup/sqlbackup.sql
May 20 08:20:04 db-b rsyncd[19766]: total: matches=850  hash_hits=850  false_alarms=0 data=718
May 20 08:20:04 db-b rsyncd[19766]: sent 4.42K bytes  received 5.58K bytes  6.67K bytes/sec
May 20 08:20:04 db-b rsyncd[19766]: total size is 3.57M  speedup is 357.36
